-1.539313346147537231e-01
-4.976018667221069336e-01
-2.942529041320085526e-03
-3.478464484214782715e-01
5.398762822151184082e-01
-9.319161623716354370e-02
-4.169510900974273682e-01
-1.734051294624805450e-02
-2.810565233230590820e-01
-2.097828090190887451e-01
4.596160352230072021e-01
-4.458410665392875671e-02
-4.112786650657653809e-01
-2.704626694321632385e-02
-1.500618271529674530e-02
-1.118740662932395935e-01
-1.250985413789749146e-01
-3.785146176815032959e-01
-3.028108179569244385e-01
-6.490532159805297852e-01
6.368714570999145508e-01
1.418309379369020462e-02
5.238931179046630859e-01
-1.131057739257812500e-02
8.529359698295593262e-01
-1.350431703031063080e-02
-1.637817732989788055e-02
-4.538668692111968994e-01
-1.188022345304489136e-01
-1.898990124464035034e-01
-1.052527546882629395e+00
-6.349049806594848633e-01
-2.419486269354820251e-02
2.702296078205108643e-01
4.499372541904449463e-01
-8.480638861656188965e-01
2.976709008216857910e-01
-5.421479344367980957e-01
-1.607211492955684662e-02
-2.583700418472290039e-01
-1.348960399627685547e-02
-3.612818196415901184e-02
-5.362151265144348145e-01
-2.928204536437988281e-01
3.995164036750793457e-01
-1.288661360740661621e-01
-1.405246462672948837e-02
3.595258593559265137e-01
7.268069982528686523e-01
2.690773606300354004e-01
-2.402101755142211914e-01
1.204195665195584297e-03
-7.909719645977020264e-02
5.227308869361877441e-01
2.522213757038116455e-02
9.970485419034957886e-02
2.880808115005493164e-01
-1.542496532201766968e-01
-5.355581641197204590e-01
-6.958971172571182251e-02
-3.601911067962646484e-01
-2.293281406164169312e-01
-1.602819189429283142e-03
-4.005237519741058350e-01
-2.372056432068347931e-02
-1.979285106062889099e-02
-4.836895167827606201e-01
1.660445146262645721e-02
-1.800567984580993652e+00
-8.715803027153015137e-01
-4.545775651931762695e-01
-2.405933476984500885e-02
-3.862976282835006714e-02
1.447657123208045959e-02
-4.652738273143768311e-01
3.138507604598999023e-01
-2.705697119235992432e-01
-7.497636675834655762e-01
1.249925717711448669e-01
9.120213985443115234e-02
-3.050914108753204346e-01
1.150864481925964355e+00
-2.154295891523361206e-02
-5.904701352119445801e-02
-7.495019119232892990e-03
-3.642653524875640869e-01
4.294045567512512207e-01
-2.304411828517913818e-01
-2.111607417464256287e-02
1.610861532390117645e-02
-1.821636408567428589e-02
-4.591639637947082520e-01
-3.594636917114257812e-01
-5.035447701811790466e-02
4.393426179885864258e-01
8.989497423171997070e-01
-8.606117963790893555e-02
-1.770057529211044312e-02
-1.984616182744503021e-02
-9.095523506402969360e-03
-1.519555598497390747e-01
-3.376719355583190918e-01
-2.341524325311183929e-02
5.138444304466247559e-01
-1.018246915191411972e-02
-4.422847330570220947e-01
-5.522971972823143005e-02
-2.279282063245773315e-01
-2.347764559090137482e-02
3.238498568534851074e-01
-1.402658037841320038e-02
-4.612603038549423218e-02
-3.825552761554718018e-02
-4.253000486642122269e-03
-1.518051791936159134e-02
-1.562868244946002960e-02
-7.810869812965393066e-01
-5.016885399818420410e-01
-7.787971757352352142e-03
-2.089665383100509644e-01
-3.224506378173828125e-01
-8.765719085931777954e-02
-1.928649656474590302e-02
-2.999918758869171143e-01
-6.565256714820861816e-01
2.652113437652587891e-01
-4.345541596412658691e-01
-8.537448197603225708e-02
5.841296315193176270e-01
-1.126676201820373535e-01
-3.666999340057373047e-01
-4.547192752361297607e-01
3.164535760879516602e-01
-1.357223093509674072e-02
-7.674487233161926270e-01
1.731439679861068726e-01
3.032082878053188324e-02
-2.490781694650650024e-01
-2.413331903517246246e-02
2.230017185211181641e-01
1.935336142778396606e-01
4.292942881584167480e-01
9.979338198900222778e-02
-5.397260189056396484e-01
6.081742048263549805e-01
1.651397943496704102e-01
-4.674977436661720276e-02
-3.659382164478302002e-01
-1.186281085014343262e+00
-5.287966132164001465e-01
-1.191539391875267029e-01
6.208229809999465942e-03
-7.452049851417541504e-01
5.374614596366882324e-01
2.849748730659484863e-01
-1.831094361841678619e-02
-2.538856565952301025e-01
-6.876865867525339127e-03
-1.073427647352218628e-01
-8.550993166863918304e-03
-1.662284508347511292e-02
-4.791820794343948364e-02
-7.648608088493347168e-02
1.073126941919326782e-01
-1.568523198366165161e-01
4.918943047523498535e-01
-2.053219452500343323e-02
-9.626560844480991364e-03
-9.325800091028213501e-02
-1.602430827915668488e-02
-6.573944091796875000e-01
-7.893112301826477051e-01
7.078563570976257324e-01
-3.493726551532745361e-01
1.561498343944549561e-01
-9.711004793643951416e-02
-1.545563340187072754e-02
-6.560915112495422363e-01
-3.751599490642547607e-01
-2.684058547019958496e-01
-1.582360081374645233e-02
5.247238874435424805e-01
3.230713605880737305e-01
-2.131084538996219635e-02
-1.935800164937973022e-01
-2.818892709910869598e-02
-4.437631070613861084e-01
-2.085018903017044067e-02
-7.479175925254821777e-02
-1.007308840751647949e+00
-1.332216430455446243e-02
-1.101359128952026367e-01
-4.543974064290523529e-03
-4.100832343101501465e-01
3.544390499591827393e-01
-3.458982333540916443e-02
-1.370753794908523560e-01
1.206602454185485840e+00
2.077485807240009308e-02
-9.924513101577758789e-01
-1.658107154071331024e-02
-6.183380484580993652e-01
-3.089676499366760254e-01
-5.138190984725952148e-01
-1.322621665894985199e-02
-6.213936209678649902e-01
-4.498297348618507385e-02
-5.552060008049011230e-01
-1.038761734962463379e+00
-4.726159274578094482e-01
5.753385424613952637e-01
-3.518229126930236816e-01
1.611197888851165771e-01
-6.267960667610168457e-01
-1.731863990426063538e-02
1.381835937500000000e-01
-1.075811311602592468e-02
-2.019718587398529053e-01
-2.265514805912971497e-02
-9.740398526191711426e-01
-3.312719985842704773e-02
8.149231970310211182e-02
7.695509120821952820e-04
-2.741590328514575958e-02
2.784773707389831543e-01
-4.432785511016845703e-01
-1.727978698909282684e-02
3.097753524780273438e-01
-1.252146530896425247e-02
-2.635296881198883057e-01
-1.744934022426605225e-01
1.253135967999696732e-02
-2.862488627433776855e-01
-9.458065032958984375e-03
5.060888826847076416e-03
-1.190414130687713623e-01
-8.834515213966369629e-01
1.660095602273941040e-01
1.032855510711669922e+00
-6.402175873517990112e-02
-1.702680997550487518e-02
-1.331476271152496338e-01
-1.589972153306007385e-02
-3.781843185424804688e-01
-3.540821373462677002e-01
1.418313533067703247e-01
-4.402496218681335449e-01
-8.950870484113693237e-02
-4.192861914634704590e-02
-1.417458988726139069e-02
5.376029387116432190e-02
-2.900646030902862549e-01
6.698504835367202759e-02
-3.952673375606536865e-01
-2.904934342950582504e-03
5.837558209896087646e-02
-7.085443735122680664e-01
-1.321630001068115234e+00
-4.330074489116668701e-01
-3.915341198444366455e-01
-1.602700166404247284e-02
4.845165312290191650e-01
1.580697894096374512e-01
-5.517662167549133301e-01
-3.274725079536437988e-01
-1.852861978113651276e-02
9.204401820898056030e-02
-2.965139970183372498e-02
-3.235202282667160034e-02
4.087406769394874573e-02
1.867609918117523193e-01
-4.680582582950592041e-01
-2.178556658327579498e-02
1.256043091416358948e-02
-9.836364537477493286e-03
-1.514828763902187347e-02
-6.908745765686035156e-01
-9.617104530334472656e-01
2.913128435611724854e-01
3.270129263401031494e-01
9.521692246198654175e-02
-1.576541662216186523e-01
-1.821585558354854584e-02
1.330894708633422852e+00
-1.753479801118373871e-02
1.465122103691101074e-01
2.205220423638820648e-02
-3.421830534934997559e-01
-1.950050517916679382e-02
-6.780673284083604813e-03
-2.992910444736480713e-01
-3.566403407603502274e-03
-1.446130406111478806e-02
-9.480442404747009277e-01
1.089846249669790268e-02
-1.211377047002315521e-02
-1.740520261228084564e-02
2.398381084203720093e-01
4.913589656352996826e-01
5.651703476905822754e-02
-5.072372034192085266e-02
-6.516762822866439819e-02
-2.192765846848487854e-02
-2.423367202281951904e-01
-7.339620590209960938e-01
-1.050288915634155273e+00
1.901193335652351379e-02
-1.423651073127985001e-02
-6.896147131919860840e-01
-1.643208600580692291e-02
-3.985198214650154114e-03
-9.165520071983337402e-01
-8.648039102554321289e-01
-5.638337731361389160e-01
-9.381474852561950684e-01
-4.028896801173686981e-03
-1.141601204872131348e+00
4.136230330914258957e-03
2.411392331123352051e-02
2.838178873062133789e-01
-1.877376809716224670e-02
-5.095237493515014648e-02
8.431318998336791992e-01
3.106486797332763672e-01
-2.924972400069236755e-02
-8.124053478240966797e-01
-5.791586041450500488e-01
-5.018478631973266602e-02
-1.283898800611495972e-01
-1.247275546193122864e-01
-3.994157016277313232e-01
4.482546448707580566e-01
-8.568847179412841797e-01
-1.024782061576843262e-01
-1.655176095664501190e-02
-2.846639156341552734e-01
-3.108291700482368469e-02
-7.483802437782287598e-01
3.288766741752624512e-01
1.607189029455184937e-01
1.174344867467880249e-01
-2.039739638566970825e-01
-6.855410337448120117e-01
-1.111535876989364624e-01
-3.223713636398315430e-01
-3.418652713298797607e-01
-8.892348408699035645e-02
-4.168661832809448242e-01
6.702158600091934204e-02
-4.689728021621704102e-01
-3.961203098297119141e-01
-2.043570391833782196e-02
-1.956560254096984863e+00
-3.000562191009521484e-01
2.253270745277404785e-01
-2.341160923242568970e-01
6.599775515496730804e-03
4.834681749343872070e-01
-1.023541577160358429e-02
-5.133515000343322754e-01
-2.189311012625694275e-02
3.394634276628494263e-02
8.227112889289855957e-02
5.392286777496337891e-01
-5.676339939236640930e-02
-6.637240648269653320e-01
-5.240663886070251465e-01
-1.232479326426982880e-02
2.087913751602172852e-01
-1.719456166028976440e-02
4.255119860172271729e-01
-4.677875339984893799e-01
-8.935692161321640015e-02
-3.333327174186706543e-01
-2.329369932413101196e-01
-5.829471349716186523e-01
-8.997012046165764332e-04
-1.911813393235206604e-02
2.688841819763183594e-01
2.076955139636993408e-02
-7.403684854507446289e-01
9.167850613594055176e-01
-1.650547049939632416e-02
2.912667989730834961e-01
2.372488826513290405e-01
-4.583984240889549255e-02
-1.369883716106414795e-01
-6.264128088951110840e-01
-1.238094419240951538e-01
8.101200461387634277e-01
4.397819563746452332e-02
-5.400705337524414062e-01
-3.121098279953002930e-01
-6.445268988609313965e-01
-1.932916790246963501e-02
1.595835536718368530e-01
-7.492182850837707520e-01
-3.704942762851715088e-01
-1.800002157688140869e-01
-4.190785586833953857e-01
4.365998879075050354e-02
-3.031171299517154694e-02
2.315228581428527832e-01
-2.024045772850513458e-02
-3.732006549835205078e-01
-2.125074416399002075e-01
-2.389145046472549438e-01
1.587494015693664551e-01
-1.092062424868345261e-02
5.691461563110351562e-01
-1.055358290672302246e+00
-5.802772045135498047e-01
-1.601721346378326416e-02
-5.956688523292541504e-01
2.561411559581756592e-01
-2.519007921218872070e-01
3.212404251098632812e-01
-1.613959483802318573e-02
-5.670976042747497559e-01
-6.522390246391296387e-01
4.791027903556823730e-01
-1.870039999485015869e-01
-1.262175142765045166e-01
-3.586163520812988281e-01
-2.986305393278598785e-02
-1.857715398073196411e-01
-2.648318707942962646e-01
3.021367192268371582e-01
-6.872940063476562500e-01
1.606997400522232056e-01
-7.724200487136840820e-01
4.690676331520080566e-01
-2.109942957758903503e-02
-1.240025401115417480e+00
-4.988100528717041016e-01
-1.558485068380832672e-02
-9.363155961036682129e-01
-1.406074315309524536e-02
-6.287491917610168457e-01
-9.499942064285278320e-01
3.466852009296417236e-01
-5.460434034466743469e-02
-1.148037705570459366e-02
1.642968356609344482e-01
-3.633510470390319824e-01
-5.129263401031494141e-01
-1.547409966588020325e-02
2.784711718559265137e-01
-9.519275426864624023e-01
-2.682312428951263428e-01
-1.537050772458314896e-02
3.283754736185073853e-02
4.339523613452911377e-01
-1.000695955008268356e-02
-8.250085264444351196e-02
-4.647174179553985596e-01
-1.264218807220458984e+00
-2.282849326729774475e-02
2.261430323123931885e-01
-2.472373545169830322e-01
5.649536252021789551e-01
2.475231587886810303e-01
-6.298961639404296875e-01
-4.036123752593994141e-01
2.302016317844390869e-01
5.368313193321228027e-02
6.412653923034667969e-01
-5.850853323936462402e-01
-1.572353765368461609e-02
-2.866515815258026123e-01
-1.581196300685405731e-02
-9.889896512031555176e-01
-1.884978078305721283e-02
-1.961042732000350952e-01
-2.326580882072448730e-02
1.920053660869598389e-01
2.013971656560897827e-01
-3.429050147533416748e-01
-3.700054287910461426e-01
-7.468546628952026367e-01
-6.362075805664062500e-01
-3.596756458282470703e-01
-2.644273340702056885e-01
-3.086751103401184082e-01
7.654526084661483765e-02
-3.897835016250610352e-01
1.820339560508728027e-01
-7.370187342166900635e-02
2.797346934676170349e-02
2.409378141164779663e-01
-3.587495163083076477e-02
-7.951427251100540161e-02
-1.788763329386711121e-02
2.003323100507259369e-02
-1.284900773316621780e-02
-3.735107183456420898e-01
-1.501914672553539276e-02
-9.648110866546630859e-01
-3.069473989307880402e-02
4.155007004737854004e-01
