-1.616283655166625977e-01
-5.391644835472106934e-01
-5.747323855757713318e-02
-1.031970605254173279e-02
-6.489028334617614746e-01
-8.671578764915466309e-02
-6.715109348297119141e-01
-5.186056718230247498e-02
3.260175883769989014e-01
-2.401751093566417694e-02
-7.182010263204574585e-02
-1.623999625444412231e-01
-4.592920094728469849e-02
-5.026283115148544312e-02
-3.575243055820465088e-01
-3.716756105422973633e-01
5.655920505523681641e-01
-8.661425113677978516e-02
-1.330067962408065796e-01
-1.730225086212158203e-01
-9.573072940111160278e-02
-1.954644024372100830e-01
-1.075776517391204834e-01
-4.177466332912445068e-01
4.740701243281364441e-02
-5.862188711762428284e-02
-1.880619078874588013e-01
-6.689111143350601196e-02
-6.594707816839218140e-02
1.225376799702644348e-01
-3.923390805721282959e-02
-5.370818451046943665e-02
5.776063771918416023e-04
-6.177347898483276367e-02
-2.757756039500236511e-02
-9.342863410711288452e-02
3.045352101325988770e-01
2.852791249752044678e-01
1.161737963557243347e-01
-4.840392470359802246e-01
-3.123596869409084320e-02
-7.139143347740173340e-02
-4.739340022206306458e-02
-5.332303419709205627e-02
-4.871821105480194092e-01
-3.691072808578610420e-03
1.142707824707031250e+00
-3.172975480556488037e-01
-1.014861986041069031e-01
-1.694824174046516418e-02
-1.319005936384201050e-01
5.726239681243896484e-01
4.030391573905944824e-01
7.085838317871093750e-01
-4.959305524826049805e-01
-2.301641702651977539e-01
-3.439728543162345886e-02
3.512249886989593506e-01
6.082006096839904785e-01
-6.532916426658630371e-02
-3.803097410127520561e-03
5.165860652923583984e-01
-3.885652124881744385e-02
5.869443416595458984e-01
-6.347157955169677734e-01
-9.117765724658966064e-02
-4.389495030045509338e-02
-3.028216958045959473e-02
-6.016038730740547180e-02
-6.664942502975463867e-01
-2.602645568549633026e-02
-7.745090872049331665e-02
4.914565384387969971e-01
-1.968135237693786621e-01
-2.504557669162750244e-01
-6.792773306369781494e-02
-6.764911115169525146e-02
-5.180175974965095520e-02
-2.705737948417663574e-01
-1.719934940338134766e-01
-1.605161726474761963e-01
-8.351781368255615234e-01
-5.147861316800117493e-02
-2.368342578411102295e-01
-3.969750553369522095e-02
-1.931805722415447235e-02
-2.610931359231472015e-02
4.577737152576446533e-01
-2.674601078033447266e-01
6.594555824995040894e-02
6.530418395996093750e-01
-1.924136877059936523e-01
-1.066389381885528564e-01
-2.775970399379730225e-01
-1.199174821376800537e-01
2.714416682720184326e-01
9.261997342109680176e-01
1.031584024429321289e+00
-6.683343648910522461e-02
3.002499938011169434e-01
-5.684420466423034668e-02
9.714168310165405273e-02
-1.545322388410568237e-01
-2.265016585588455200e-01
-2.271114289760589600e-02
-7.732689380645751953e-01
-1.466196477413177490e-01
-6.828005611896514893e-02
-1.372341513633728027e-01
4.464375376701354980e-01
6.326667219400405884e-02
-2.004641145467758179e-01
1.141025125980377197e-01
-4.741680324077606201e-01
-2.821791470050811768e-01
1.571184694766998291e-01
-5.826293490827083588e-03
-1.560607105493545532e-01
-1.065985020250082016e-02
1.115399748086929321e-01
-5.346835851669311523e-01
-7.704909145832061768e-02
-2.803352661430835724e-02
-2.018046192824840546e-02
1.685472130775451660e-01
-8.373301625251770020e-01
1.450716406106948853e-01
-7.568060159683227539e-01
-9.665573388338088989e-02
-2.105020731687545776e-01
1.768667995929718018e-01
-3.065804578363895416e-02
-8.245377987623214722e-02
-6.289573758840560913e-02
-5.876578092575073242e-01
5.451887845993041992e-01
4.758792519569396973e-01
-6.790284514427185059e-01
3.767806887626647949e-01
-6.947275996208190918e-02
7.081406712532043457e-01
-7.508824765682220459e-02
-1.302024722099304199e-01
-6.785205006599426270e-01
-1.165975779294967651e-01
-2.183110918849706650e-03
-4.037012532353401184e-02
-3.057353794574737549e-01
4.371343553066253662e-01
4.877574369311332703e-02
4.109705686569213867e-01
-1.905502751469612122e-02
-1.804572716355323792e-02
-4.568041265010833740e-01
-1.073957309126853943e-01
-5.704193376004695892e-03
-4.719177484512329102e-01
3.699078857898712158e-01
-3.269403576850891113e-01
-4.896982908248901367e-01
-3.777230381965637207e-01
-7.420856505632400513e-02
-1.931843347847461700e-02
-1.143706515431404114e-01
-4.306335374712944031e-02
-1.159006208181381226e-01
-4.353688657283782959e-02
1.737642735242843628e-01
3.616677969694137573e-02
7.670078277587890625e-01
-7.398863881826400757e-02
-2.168401330709457397e-02
-9.536979719996452332e-03
-2.261129468679428101e-01
-3.701665699481964111e-01
-1.619400084018707275e-01
-4.208381101489067078e-02
2.695285379886627197e-01
5.060759782791137695e-01
-5.230328813195228577e-02
-2.438190728425979614e-01
-2.462864220142364502e-01
1.171854510903358459e-01
-1.137502342462539673e-01
-3.200207352638244629e-01
-1.181981787085533142e-01
-8.402465283870697021e-02
-3.017791211605072021e-01
8.320572376251220703e-01
-4.980110749602317810e-02
-2.074226178228855133e-02
5.159408450126647949e-01
-1.600490212440490723e-01
-1.656013280153274536e-01
-3.975862860679626465e-01
-4.082689881324768066e-01
-1.448504626750946045e-01
4.881052970886230469e-01
-2.679908089339733124e-02
9.183878451585769653e-02
-7.513552159070968628e-02
5.802047252655029297e-01
-7.064267992973327637e-02
-1.393962800502777100e-01
-4.355670139193534851e-02
3.423421084880828857e-01
-1.934020370244979858e-01
6.164128780364990234e-01
-1.016528010368347168e-01
-1.246552541851997375e-01
-3.879506513476371765e-02
-7.270086556673049927e-02
-1.824016124010086060e-01
-6.944535672664642334e-02
-1.222106516361236572e-01
-7.248277217149734497e-02
-4.352413117885589600e-02
-4.153695106506347656e-01
-2.259537577629089355e-03
-3.382833600044250488e-01
-2.056394889950752258e-02
-4.482745826244354248e-01
-1.794457435607910156e-01
-1.201366335153579712e-01
-6.066864356398582458e-03
-5.547499656677246094e-02
6.838279776275157928e-03
-4.120842218399047852e-01
-5.414790660142898560e-02
-7.572036981582641602e-02
-1.100062727928161621e-01
-5.993851423263549805e-01
-5.501627922058105469e-02
1.603774547576904297e+00
-1.890411227941513062e-02
2.673648297786712646e-01
-5.585521459579467773e-02
-6.348985433578491211e-02
-2.372087538242340088e-01
-7.947447896003723145e-02
-1.549217998981475830e-01
-1.036931037902832031e+00
-6.319351494312286377e-02
-9.639016538858413696e-02
-1.735642254352569580e-01
-5.492832064628601074e-01
-2.159214913845062256e-01
-3.569411486387252808e-02
-1.235451400279998779e-01
-7.368856668472290039e-02
-7.629612088203430176e-02
-3.864091634750366211e-01
8.414734005928039551e-01
-2.889512479305267334e-02
-2.106434702873229980e-01
-2.572785504162311554e-02
-2.259716093540191650e-01
6.018846035003662109e-01
-4.521011561155319214e-02
-3.226002678275108337e-02
-1.398645043373107910e-01
-1.516231428831815720e-02
-2.684401273727416992e-01
4.098975062370300293e-01
-3.168998062610626221e-01
-1.663181334733963013e-01
-3.272716701030731201e-02
-2.334404885768890381e-01
-6.981799751520156860e-02
1.396342217922210693e-01
-1.166978031396865845e-01
-8.675600588321685791e-02
-2.137934975326061249e-02
-4.796818271279335022e-02
-2.611143328249454498e-02
-4.095842689275741577e-02
-7.465872913599014282e-02
-7.065914571285247803e-03
1.223678793758153915e-02
-3.239788487553596497e-02
9.714722633361816406e-03
-3.190755844116210938e-01
1.352391719818115234e+00
-5.624698475003242493e-02
-4.686077833175659180e-01
-4.513836279511451721e-02
-3.063885262235999107e-03
-1.142265349626541138e-01
-4.657571613788604736e-01
-5.468009412288665771e-02
-9.395274519920349121e-02
-3.927053511142730713e-02
-2.055874094367027283e-02
6.267099380493164062e-01
-2.368379533290863037e-01
-1.482829451560974121e-01
-6.759214401245117188e-02
-5.299752950668334961e-01
1.983444988727569580e-01
1.942736096680164337e-03
-3.674992620944976807e-01
-1.569085419178009033e-01
-6.242353841662406921e-02
1.538011878728866577e-01
6.760254502296447754e-01
1.351839005947113037e-01
-2.524632401764392853e-02
-1.217621192336082458e-01
1.746179014444351196e-01
-1.575782895088195801e-01
-8.946512639522552490e-02
5.048795137554407120e-03
2.767464518547058105e-01
1.463188380002975464e-01
-5.216766521334648132e-02
9.410747289657592773e-01
-4.096126649528741837e-03
-3.833564519882202148e-01
-7.480692118406295776e-02
-9.273921698331832886e-02
-6.112156808376312256e-02
-5.046863108873367310e-02
-3.431540727615356445e-01
1.492650900036096573e-02
-3.548326343297958374e-02
7.665243148803710938e-01
-3.738746941089630127e-01
5.412794351577758789e-01
-9.393342584371566772e-02
-4.003038108348846436e-01
-7.408283650875091553e-02
9.984669834375381470e-02
-6.855769455432891846e-02
-1.782452911138534546e-01
3.512555360794067383e-01
-1.071712449193000793e-01
-1.002622321248054504e-01
7.362897992134094238e-01
5.435890555381774902e-01
1.010057210922241211e+00
9.103518724441528320e-01
5.071037635207176208e-02
-2.819929420948028564e-01
-5.846821889281272888e-02
-5.456115305423736572e-02
-4.490943849086761475e-01
-3.192846104502677917e-02
-3.528492525219917297e-02
-6.088690161705017090e-01
1.185283996164798737e-02
-8.619844168424606323e-02
-1.183684244751930237e-01
-9.369576722383499146e-02
-4.241847619414329529e-02
-1.345453709363937378e-01
6.054202318191528320e-01
5.920290946960449219e-01
2.480388432741165161e-01
-4.321931600570678711e-01
-3.720460534095764160e-01
-5.706385895609855652e-02
1.544165541417896748e-03
-4.910974577069282532e-02
-2.420004457235336304e-02
-8.838289231061935425e-02
-3.074879758059978485e-02
-3.054347634315490723e-02
1.648957841098308563e-02
3.134849015623331070e-03
-3.114794790744781494e-01
-3.855759799480438232e-01
9.245393425226211548e-02
-4.969096928834915161e-02
-4.433590918779373169e-02
1.272555589675903320e+00
6.610917448997497559e-01
3.353424370288848877e-01
-2.845138907432556152e-01
-1.145797818899154663e-01
9.721669554710388184e-01
-2.759251296520233154e-01
-3.165672123432159424e-01
-8.283834159374237061e-02
6.922988295555114746e-01
5.041692852973937988e-01
-1.527923345565795898e-01
-2.548105120658874512e-01
-6.345669925212860107e-02
4.890808090567588806e-02
9.722945094108581543e-02
-3.749242424964904785e-01
7.130036503076553345e-02
-1.628908514976501465e-01
-1.518143564462661743e-01
-1.085621584206819534e-02
-5.022630840539932251e-02
-8.097235113382339478e-02
2.276654541492462158e-01
5.170473456382751465e-01
-1.415489520877599716e-02
-8.472345024347305298e-02
-2.099373489618301392e-01
-5.852279812097549438e-02
8.094144612550735474e-02
-1.613652408123016357e-01
-1.697934418916702271e-02
-1.131503134965896606e-01
-8.504617959260940552e-02
-8.018135093152523041e-03
6.539073586463928223e-01
-4.312908947467803955e-01
-3.196669742465019226e-02
-8.646050095558166504e-02
-1.701254993677139282e-01
-4.450213164091110229e-02
-4.945161640644073486e-01
-5.043781995773315430e-01
-5.773302912712097168e-02
-3.186216950416564941e-01
-2.155304327607154846e-02
7.389169931411743164e-01
1.315843462944030762e-01
-1.086918264627456665e-01
-5.555288866162300110e-02
2.776617705821990967e-01
-1.469022035598754883e-01
-3.047691658139228821e-02
-3.933720886707305908e-01
-1.704751886427402496e-02
5.807357430458068848e-01
-1.630226708948612213e-02
-3.015120625495910645e-01
-1.192106455564498901e-01
-1.067124232649803162e-01
3.841473907232284546e-02
1.408274620771408081e-01
-6.981097627431154251e-03
-5.850964412093162537e-02
8.340983092784881592e-02
-8.369444310665130615e-02
-9.169028699398040771e-02
6.884998083114624023e-01
-3.464399874210357666e-01
-4.351912438869476318e-01
-1.440985407680273056e-02
6.489547491073608398e-01
-3.328839316964149475e-02
-1.785325556993484497e-01
3.312805593013763428e-01
-4.600955247879028320e-01
-8.236147463321685791e-02
-9.827558696269989014e-02
-9.106802195310592651e-02
-3.980070650577545166e-01
2.764313817024230957e-01
-2.538087964057922363e-01
-4.854085296392440796e-02
-3.475828170776367188e-01
-2.020603865385055542e-01
-3.018492758274078369e-01
-6.964962184429168701e-02
7.793083786964416504e-02
-6.343059241771697998e-02
-1.435345709323883057e-01
-1.447951048612594604e-01
-1.421061158180236816e-01
9.372034668922424316e-02
-3.790190443396568298e-02
-4.141838550567626953e-01
4.683236479759216309e-01
-1.100195795297622681e-01
-4.468748718500137329e-02
-3.234809935092926025e-01
-2.403801232576370239e-01
-5.147367119789123535e-01
1.486921161413192749e-01
-2.675744295120239258e-01
-8.739805221557617188e-02
-2.933295667171478271e-01
7.555237412452697754e-01
-7.905670255422592163e-02
5.663313865661621094e-01
-9.635271430015563965e-01
4.144597649574279785e-01
3.871287405490875244e-01
-6.032105088233947754e-01
-9.000506997108459473e-02
-1.910188701003789902e-03
-6.909767538309097290e-02
4.532966613769531250e-01
-4.580406844615936279e-02
-6.123534962534904480e-02
-1.476720906794071198e-02
-4.163870215415954590e-01
-5.499927401542663574e-01
2.973043024539947510e-01
-1.063033044338226318e-01
-3.340240418910980225e-01
-4.452517628669738770e-02
4.296582937240600586e-01
