-5.144746974110603333e-02
-6.034959107637405396e-03
2.526572644710540771e-01
-7.837398350238800049e-02
-9.211790561676025391e-02
-1.136439964175224304e-01
-9.867069870233535767e-02
-2.389574609696865082e-02
-5.122006684541702271e-02
-1.422674655914306641e-01
-6.501163542270660400e-02
-2.808644622564315796e-02
-1.672675162553787231e-01
-2.226595021784305573e-02
-1.295205950736999512e-01
-7.629302889108657837e-02
-4.339844360947608948e-02
-6.644353270530700684e-02
-1.739327050745487213e-02
-6.507865339517593384e-02
-4.543486237525939941e-02
5.344554036855697632e-02
-8.099189959466457367e-03
-7.575783133506774902e-02
-1.479123067110776901e-02
-6.056630611419677734e-02
7.701127976179122925e-02
-1.186529248952865601e-01
-1.112304404377937317e-01
-5.656611174345016479e-02
-5.684551224112510681e-02
2.833546139299869537e-02
-1.836855709552764893e-01
-5.417894199490547180e-02
-3.797490894794464111e-02
-8.390617370605468750e-02
-3.589381277561187744e-02
-4.619016125798225403e-02
-8.768004924058914185e-02
-5.543827638030052185e-02
-9.145864844322204590e-02
3.015263378620147705e-01
5.609091371297836304e-03
-3.571492061018943787e-02
-4.241017624735832214e-02
-2.534125186502933502e-02
-4.776275157928466797e-02
-6.122780591249465942e-02
-7.688535749912261963e-02
-1.607465185225009918e-02
-1.116032600402832031e-01
-1.232269853353500366e-01
4.724855720996856689e-02
-1.050867065787315369e-01
-8.876760303974151611e-02
-4.690624028444290161e-02
-5.179054290056228638e-02
-8.939635008573532104e-02
2.074100077152252197e-02
-5.663191154599189758e-02
-7.555115967988967896e-02
-1.879474818706512451e-01
-4.075025022029876709e-02
2.623239904642105103e-02
-4.075358062982559204e-02
-3.718600049614906311e-02
-6.317859888076782227e-02
-7.000490278005599976e-02
-6.847293674945831299e-02
-1.205199658870697021e-01
-2.331069856882095337e-02
-9.429187327623367310e-02
-4.640777781605720520e-02
-1.232846230268478394e-01
-9.239734709262847900e-02
-4.666122794151306152e-02
-7.537707686424255371e-02
-5.159291252493858337e-02
2.363620139658451080e-02
-7.661551982164382935e-02
-3.614025935530662537e-02
-4.629813134670257568e-02
-3.856680914759635925e-02
-1.361146569252014160e-01
-3.173622861504554749e-02
1.267812028527259827e-02
-3.951571136713027954e-02
-9.935033321380615234e-02
-8.472876250743865967e-02
-8.655415475368499756e-02
-2.225148119032382965e-02
-4.566340520977973938e-02
-2.121620252728462219e-02
-7.748043537139892578e-02
-8.091159909963607788e-02
-5.379305779933929443e-02
-6.776382774114608765e-02
-2.342657744884490967e-02
2.617200016975402832e-01
-2.733682515099644661e-03
-4.014970064163208008e-01
-2.512582577764987946e-02
-1.867115870118141174e-02
-3.841890767216682434e-02
4.425233602523803711e-02
2.919484488666057587e-02
-2.981614321470260620e-02
-2.018581330776214600e-02
-4.697956889867782593e-02
-6.177468225359916687e-02
-5.165957286953926086e-02
-2.808898501098155975e-02
-2.411174029111862183e-02
-9.607033431529998779e-02
-8.761030435562133789e-02
2.674550749361515045e-02
-2.832085825502872467e-02
-3.684347122907638550e-02
-3.364308737218379974e-03
-1.919247210025787354e-02
-1.346170343458652496e-02
-4.035228863358497620e-02
-6.144744157791137695e-02
-6.977321207523345947e-02
-9.026646614074707031e-02
-1.760067604482173920e-02
-5.396470427513122559e-02
1.066298410296440125e-02
-4.013920575380325317e-02
-2.230324298143386841e-01
-1.890027150511741638e-02
-4.770975932478904724e-02
-9.802746772766113281e-02
-8.212513476610183716e-02
-8.572964370250701904e-02
-2.784616872668266296e-02
-7.039345055818557739e-02
4.266561195254325867e-02
3.170095011591911316e-02
-2.121456712484359741e-02
-3.609879687428474426e-02
-8.079329133033752441e-02
-1.598695367574691772e-01
-3.749423846602439880e-02
-1.818989589810371399e-02
-1.179128419607877731e-02
-9.102855622768402100e-02
-6.140577420592308044e-02
-2.018014900386333466e-02
-2.572542987763881683e-02
-1.839316822588443756e-02
-1.037962641566991806e-02
6.908059865236282349e-02
-8.142586797475814819e-02
-1.015696376562118530e-01
-3.872970119118690491e-02
-4.318281635642051697e-02
-4.579506069421768188e-02
-6.964190304279327393e-02
-4.647957906126976013e-02
-9.384774416685104370e-02
-8.958876878023147583e-02
-1.700360327959060669e-01
3.077087737619876862e-02
-6.691977381706237793e-02
-5.717935413122177124e-02
-1.504835486412048340e-01
-6.982978899031877518e-03
-7.808631658554077148e-02
1.625873148441314697e-02
-4.413541778922080994e-02
-2.593227103352546692e-02
-7.193920761346817017e-02
-9.179922938346862793e-02
-6.367564946413040161e-02
-9.219536185264587402e-02
-1.487227529287338257e-01
-6.524185836315155029e-02
-3.498845919966697693e-02
3.598173558712005615e-01
-7.645707577466964722e-02
1.473791748285293579e-01
-1.842359825968742371e-02
-7.202428765594959259e-03
1.429874263703823090e-02
-1.300240028649568558e-02
-3.031938336789608002e-02
2.738526090979576111e-03
-3.976858407258987427e-02
-1.460522413253784180e-02
-6.308102607727050781e-02
-6.033667549490928650e-02
-2.238572947680950165e-02
-3.091661632061004639e-01
-1.393957436084747314e-01
8.614954538643360138e-03
-4.529839381575584412e-02
-9.762763977050781250e-02
-1.609981292858719826e-03
1.573508419096469879e-02
-1.396538466215133667e-01
-2.903611958026885986e-02
-8.563558012247085571e-02
-7.114035636186599731e-02
-9.269450604915618896e-02
-3.391931205987930298e-02
-2.486756769940257072e-03
-1.098707020282745361e-01
5.043569579720497131e-02
-2.685978822410106659e-02
4.183425381779670715e-02
-3.308037668466567993e-02
-6.389709562063217163e-02
-9.380473196506500244e-02
-3.085306286811828613e-02
-1.345979273319244385e-01
-6.662586331367492676e-02
-2.114176750183105469e-02
-2.786225080490112305e-02
-4.518508911132812500e-02
-4.691628739237785339e-02
-2.708722278475761414e-02
-3.207420185208320618e-02
-3.188315546140074730e-03
-6.198315694928169250e-02
-4.498833417892456055e-02
-1.098737642168998718e-01
-7.488917559385299683e-02
-6.310191005468368530e-02
2.777632512152194977e-02
-7.688940316438674927e-02
-4.227009415626525879e-02
-3.231122717261314392e-02
-5.372620746493339539e-02
-8.212808519601821899e-02
3.582811355590820312e-02
-1.761231757700443268e-02
-6.333601474761962891e-02
-1.531540155410766602e-01
-2.651269175112247467e-02
-2.222534827888011932e-02
-1.000454276800155640e-01
-6.707052886486053467e-02
-1.416545063257217407e-01
-2.990925125777721405e-02
-1.096142604947090149e-01
-2.715137228369712830e-02
-7.886328548192977905e-02
-2.276030555367469788e-02
-4.963495209813117981e-02
-8.428487926721572876e-03
-6.413725763559341431e-02
-3.388671576976776123e-02
-7.292668521404266357e-02
-1.456832885742187500e-01
-7.149469852447509766e-02
-7.041849195957183838e-02
-6.043510884046554565e-02
-5.392483249306678772e-02
-8.397813141345977783e-02
-1.168144121766090393e-01
-1.109215170145034790e-01
-2.183248288929462433e-02
-4.208149015903472900e-02
-3.099096715450286865e-01
-4.705106839537620544e-02
-1.292606443166732788e-01
-5.005228891968727112e-02
-5.009916797280311584e-02
-5.962723121047019958e-02
-4.178340733051300049e-02
-4.475378990173339844e-02
-5.697180703282356262e-02
-9.991598874330520630e-02
-7.244098186492919922e-02
-6.883546710014343262e-02
-6.030371785163879395e-02
-6.134708598256111145e-02
-8.902759104967117310e-02
-1.346664130687713623e-01
-5.249636992812156677e-02
-6.921244412660598755e-02
-2.433903962373733521e-01
-4.938042908906936646e-02
-7.162217795848846436e-02
-7.227795571088790894e-02
-1.153970286250114441e-01
-4.984284564852714539e-02
-3.264798969030380249e-02
5.166045203804969788e-02
-2.869830839335918427e-02
-8.642346411943435669e-02
-3.060937300324440002e-02
-2.077966369688510895e-02
-8.973110467195510864e-02
-6.093978881835937500e-02
-2.318102307617664337e-02
2.136291563510894775e-01
-1.792637631297111511e-03
-1.506095286458730698e-02
-2.600622773170471191e-01
-7.101542432792484760e-04
-9.746896103024482727e-03
9.976717084646224976e-02
-3.363297134637832642e-02
-5.094705522060394287e-02
-6.637958437204360962e-02
-4.513048380613327026e-02
-5.525030568242073059e-02
-1.943237930536270142e-01
-9.186260402202606201e-02
-5.046435073018074036e-02
4.131349548697471619e-02
-1.276540905237197876e-01
-5.982086807489395142e-02
-3.465249389410018921e-02
6.431668531149625778e-03
6.732270121574401855e-02
-8.268262445926666260e-02
-1.254872828722000122e-01
8.972474187612533569e-02
-4.148218780755996704e-02
-1.930462867021560669e-01
-4.911719262599945068e-02
-4.879137128591537476e-02
-1.064577400684356689e-01
-7.108867168426513672e-02
-1.649372093379497528e-02
-5.113637307658791542e-04
-7.340966910123825073e-02
-1.318983081728219986e-02
-4.659333825111389160e-02
-6.815063953399658203e-02
-8.220977336168289185e-02
1.142025664448738098e-01
-3.902696445584297180e-02
-7.176557183265686035e-02
-1.020334511995315552e-01
-3.324244171380996704e-02
3.725897520780563354e-02
-8.060733228921890259e-02
-6.071064993739128113e-02
-1.627384126186370850e-02
-7.019937038421630859e-02
-7.039041072130203247e-02
-7.240194827318191528e-02
-3.619061410427093506e-02
-5.454485863447189331e-02
-1.242723874747753143e-02
-2.934720553457736969e-02
2.188810333609580994e-02
3.079334832727909088e-02
-1.779847145080566406e-01
-7.932872325181961060e-02
-2.102597244083881378e-02
-4.206375777721405029e-02
-4.087679833173751831e-02
-3.745272755622863770e-02
-7.881715148687362671e-02
-6.894423067569732666e-02
-7.572973519563674927e-02
-1.556191593408584595e-01
-5.239979177713394165e-02
-5.818822607398033142e-02
-4.583527147769927979e-02
-3.515148907899856567e-02
-2.989398837089538574e-01
-3.106414806097745895e-03
-2.382794022560119629e-02
-5.559519305825233459e-02
-4.521121457219123840e-02
2.001026645302772522e-02
-1.219137161970138550e-01
-1.237581670284271240e-01
-3.057140670716762543e-02
-3.384240344166755676e-02
-1.663851737976074219e-01
-8.262432366609573364e-02
-5.862777307629585266e-02
-2.164352126419544220e-02
-7.032944262027740479e-02
-7.923699915409088135e-02
-7.841850817203521729e-02
3.437565872445702553e-03
-5.785728245973587036e-02
-4.514687508344650269e-02
-3.757433220744132996e-02
1.109903957694768906e-02
-2.459566481411457062e-02
-8.873943239450454712e-02
3.880120441317558289e-02
-1.249130256474018097e-02
1.356713939458131790e-02
-1.332330703735351562e-01
-9.602831304073333740e-02
-1.653950847685337067e-02
7.275569438934326172e-02
-2.029503583908081055e-01
-2.606214769184589386e-02
1.755405403673648834e-02
-5.579530820250511169e-02
-1.456290856003761292e-02
-3.017177283763885498e-01
-2.520534209907054901e-02
-7.126174867153167725e-02
-4.974147304892539978e-02
-3.036809898912906647e-02
-6.909776479005813599e-02
-8.046544343233108521e-02
-7.105812430381774902e-02
2.561137080192565918e-01
-7.508316636085510254e-02
-6.381712853908538818e-02
3.201054036617279053e-01
-9.264793246984481812e-02
-1.452860981225967407e-01
-8.414746075868606567e-02
-2.559075318276882172e-02
-6.219341978430747986e-02
-6.592887639999389648e-02
-1.015420779585838318e-01
-6.853094696998596191e-02
-8.352942019701004028e-02
-2.539063245058059692e-02
-6.933916360139846802e-02
-2.811329066753387451e-02
-2.630672045052051544e-02
-5.787516012787818909e-02
-6.240840256214141846e-02
-5.303431674838066101e-02
-3.621486201882362366e-02
7.824201881885528564e-02
-6.181051954627037048e-02
3.797087073326110840e-02
7.349960505962371826e-02
-3.240706771612167358e-02
-4.917510151863098145e-01
-5.075691640377044678e-02
-6.899648904800415039e-02
-1.495188325643539429e-01
-7.692092657089233398e-02
-5.990324541926383972e-02
-8.973752707242965698e-02
-9.147018939256668091e-02
-1.203133165836334229e-01
-7.304582744836807251e-02
-3.278371691703796387e-02
-2.755894325673580170e-02
-2.612504549324512482e-02
1.118972990661859512e-02
-3.567392379045486450e-02
-3.946324065327644348e-02
-1.082367673516273499e-01
-1.129810437560081482e-01
4.749933257699012756e-02
-5.277126654982566833e-02
2.475897222757339478e-02
-1.055572405457496643e-01
-8.929902315139770508e-02
1.327715963125228882e-01
9.759870916604995728e-02
2.088524401187896729e-03
-6.689996272325515747e-02
-1.095939055085182190e-01
-8.628663420677185059e-02
-1.842227391898632050e-02
-2.904404513537883759e-02
-3.257799521088600159e-02
-5.504426360130310059e-02
-2.115399576723575592e-02
-4.155448079109191895e-02
-7.897070795297622681e-02
1.242933124303817749e-01
-6.207404658198356628e-02
4.425001889467239380e-02
-6.945820152759552002e-02
-1.915901899337768555e-02
-6.422717124223709106e-02
-4.789657518267631531e-02
-1.126134488731622696e-02
-3.724431246519088745e-02
-7.421658188104629517e-02
-1.563857197761535645e-01
-6.751056760549545288e-02
-7.915757596492767334e-02
-3.439978137612342834e-02
3.172862902283668518e-02
-1.287108846008777618e-02
-1.978218927979469299e-02
-1.709381118416786194e-02
-1.014524996280670166e-01
-1.943600364029407501e-02
-1.564732640981674194e-01
-2.747947163879871368e-02
2.894580736756324768e-02
3.070405498147010803e-02
-1.109463572502136230e-01
-6.250935047864913940e-02
-4.150562360882759094e-02
-7.901503145694732666e-02
-9.239967167377471924e-02
-1.262737363576889038e-01
-1.085283756256103516e-01
3.711804747581481934e-02
2.418293058872222900e-02
-6.078775972127914429e-02
-4.089590162038803101e-02
-1.798703335225582123e-02
-3.341131284832954407e-02
-7.342895865440368652e-02
-4.207031801342964172e-02
-7.717706263065338135e-02
-6.856538355350494385e-02
-5.380177870392799377e-02
-1.443295180797576904e-02
-8.809685707092285156e-02
-6.362329423427581787e-02
-1.220256015658378601e-01
-4.215528443455696106e-02
-1.191432178020477295e-01
-2.896332740783691406e-02
-9.993797540664672852e-02
-1.145711913704872131e-01
-5.301181972026824951e-02
-7.494483143091201782e-02
-2.653606049716472626e-02
7.495225407183170319e-03
4.984930902719497681e-02
-1.103350669145584106e-01
-7.594350725412368774e-02
-2.473359555006027222e-02
-3.730187937617301941e-02
-2.926402911543846130e-02
-1.177026256918907166e-01
-5.411418899893760681e-02
-2.347505092620849609e-02
-1.394769996404647827e-01
9.950122795999050140e-03
-4.741088300943374634e-02
-7.566013187170028687e-02
-2.035125494003295898e-01
-1.129916980862617493e-01
-6.976930052042007446e-02
-7.932525873184204102e-02
-7.329837232828140259e-02
-8.933722972869873047e-02
-1.044782474637031555e-01
-2.624993585050106049e-02
-9.963249415159225464e-02
-7.119615096598863602e-03
7.999060675501823425e-03
-6.589207798242568970e-02
-5.363178625702857971e-02
-7.488691061735153198e-02
2.998867072165012360e-02
-9.216775000095367432e-02
-3.102656267583370209e-02
-4.041808471083641052e-02
4.002830386161804199e-02
-1.234496161341667175e-01
-6.224806234240531921e-02
1.191056566312909126e-03
3.664187192916870117e-01
-1.326961629092693329e-02
-1.300448924303054810e-02
-2.638025395572185516e-02
-2.547154389321804047e-02
-4.997511953115463257e-02
4.127742350101470947e-02
-9.588494896888732910e-03
-1.723148114979267120e-02
-3.551143035292625427e-02
2.059858478605747223e-02
-9.787490218877792358e-02
-7.414828240871429443e-02
-7.300150394439697266e-02
-3.884252859279513359e-03
-6.828306242823600769e-03
5.618699267506599426e-02
-1.532338559627532959e-01
-8.807021379470825195e-02
-7.350463420152664185e-02
-1.008008792996406555e-02
-2.539398521184921265e-02
-2.005003578960895538e-02
-4.009369313716888428e-01
6.900009512901306152e-02
-8.531098812818527222e-02
-5.783019587397575378e-02
-6.236286833882331848e-02
2.403006330132484436e-02
-7.119467854499816895e-02
-1.026982888579368591e-01
-1.386645883321762085e-01
-7.017477601766586304e-02
-7.460672408342361450e-02
-4.347926750779151917e-02
5.480688214302062988e-01
-3.122370503842830658e-02
-6.714520603418350220e-02
-7.634504139423370361e-02
6.144385784864425659e-02
-1.227582469582557678e-01
-2.747318744659423828e-01
-3.932549431920051575e-02
-1.166231092065572739e-02
2.819364331662654877e-02
-4.826985672116279602e-02
-1.478340756148099899e-02
-2.953020855784416199e-02
-1.158776134252548218e-01
-7.381762564182281494e-02
-3.339962288737297058e-02
-2.057830095291137695e-01
-1.196588948369026184e-01
-8.117080666124820709e-03
-3.406726196408271790e-02
4.137456789612770081e-02
3.322192728519439697e-01
-3.268497809767723083e-02
-1.791824400424957275e-02
-1.423042118549346924e-01
-9.685744345188140869e-02
-2.686644718050956726e-02
-4.162620007991790771e-02
-8.205115050077438354e-02
2.842677943408489227e-02
4.195901751518249512e-02
-3.188892453908920288e-02
-7.123672217130661011e-02
-2.212869375944137573e-02
7.003138959407806396e-02
-5.160441249608993530e-02
-6.795512884855270386e-02
-2.269782572984695435e-01
-1.735406368970870972e-02
-1.024508699774742126e-01
-9.916261583566665649e-02
-6.286110728979110718e-02
-6.241386011242866516e-02
2.481869980692863464e-02
-5.751009285449981689e-02
-6.944877654314041138e-02
-1.770014613866806030e-01
-7.596834748983383179e-02
-7.260063290596008301e-02
2.303188107907772064e-02
-6.818117201328277588e-02
-5.741560459136962891e-02
-7.335951924324035645e-02
-5.212807282805442810e-02
-2.712164446711540222e-02
-6.718633696436882019e-03
5.681313946843147278e-02
-1.235010996460914612e-01
-3.089291416108608246e-02
-2.669914364814758301e-01
2.036324515938758850e-02
-4.451991245150566101e-02
-1.090467572212219238e-01
-8.561770617961883545e-02
-2.663216739892959595e-02
4.435297101736068726e-03
-7.732757180929183960e-02
-4.990510269999504089e-02
-2.148550748825073242e-01
2.052241377532482147e-02
-6.193451955914497375e-02
-2.467122375965118408e-01
-1.555410772562026978e-02
-3.344893828034400940e-02
-2.369633689522743225e-02
-1.164720207452774048e-01
1.146922558546066284e-01
-1.931563392281532288e-02
-1.255552917718887329e-01
-1.006524190306663513e-01
3.914074506610631943e-03
-2.083576843142509460e-02
-1.031215209513902664e-02
-9.308918565511703491e-02
-7.227581739425659180e-02
1.827457547187805176e-02
-6.662480533123016357e-03
-3.917903825640678406e-02
-3.860133886337280273e-02
-4.531812667846679688e-02
-3.342082351446151733e-02
-8.431619405746459961e-02
-6.319246441125869751e-02
-5.441283807158470154e-02
6.728394329547882080e-02
-5.671475827693939209e-02
-9.369850903749465942e-02
7.898879051208496094e-02
-1.147850975394248962e-01
-3.950214758515357971e-02
-8.731254190206527710e-02
-1.778107509016990662e-02
-4.871520772576332092e-02
-4.246493056416511536e-02
-7.242797408252954483e-03
-7.635124772787094116e-02
-7.943364232778549194e-02
-2.796840108931064606e-02
-2.624220773577690125e-02
-9.365305304527282715e-02
-2.143919914960861206e-01
-1.781049221754074097e-01
-6.238465383648872375e-02
-1.413382291793823242e-01
-5.776491761207580566e-02
-5.282468721270561218e-02
-8.149921149015426636e-02
-8.933198451995849609e-02
-1.133658140897750854e-01
-1.529982429929077625e-03
-4.086244478821754456e-02
-9.016422927379608154e-02
3.309046849608421326e-02
2.726808935403823853e-02
-4.481886699795722961e-02
-7.673482596874237061e-02
-3.320856392383575439e-02
-1.953934319317340851e-02
-7.934360951185226440e-02
-2.399906963109970093e-01
3.053323924541473389e-02
-2.860708534717559814e-01
-7.351072877645492554e-02
8.515428751707077026e-03
-1.014875099062919617e-01
-2.042590454220771790e-02
-7.492954283952713013e-02
-8.739942312240600586e-02
-1.030930578708648682e-01
-1.314305961132049561e-01
-9.278990328311920166e-02
-4.309263825416564941e-02
-2.554078772664070129e-02
-6.196203082799911499e-02
-4.961315542459487915e-02
-4.252371191978454590e-02
-4.415000230073928833e-02
-4.559430852532386780e-02
-7.635650038719177246e-02
-4.804726690053939819e-02
-1.270684599876403809e-02
-2.283691056072711945e-02
1.015876769088208675e-03
-1.242252811789512634e-01
-1.070571094751358032e-01
-7.221727818250656128e-02
-1.678575202822685242e-02
4.766716435551643372e-02
-1.731353625655174255e-02
3.309574723243713379e-02
-4.402437061071395874e-02
-2.929281815886497498e-02
-8.037116378545761108e-02
-4.047499224543571472e-02
-1.142788603901863098e-01
-5.155355855822563171e-02
-7.534835487604141235e-02
-7.533770985901355743e-03
-8.800611644983291626e-02
-4.723072424530982971e-02
-7.603619992733001709e-02
-8.725506067276000977e-02
-3.306349739432334900e-03
-4.429817944765090942e-02
-3.315577283501625061e-02
-1.386723965406417847e-01
-1.660500317811965942e-01
-1.014930829405784607e-01
4.392097762320190668e-04
-2.696249820291996002e-02
-5.438145622611045837e-02
-2.368913777172565460e-02
-1.298274844884872437e-01
-1.629371009767055511e-02
-6.262848526239395142e-02
-8.708468824625015259e-02
-1.245130132883787155e-02
-7.226194441318511963e-02
-6.356247514486312866e-02
-9.080702066421508789e-02
-2.150596305727958679e-02
-1.140773892402648926e-01
-1.142258867621421814e-01
-2.065285667777061462e-02
2.485677367076277733e-03
-9.576024115085601807e-02
-5.599309131503105164e-02
-2.889258321374654770e-03
9.343696874566376209e-04
-7.931113243103027344e-02
-3.401972725987434387e-02
-6.646160781383514404e-02
-2.707436122000217438e-02
-1.066701784729957581e-01
8.877521008253097534e-02
-1.534555293619632721e-02
-7.773353159427642822e-02
-5.868636071681976318e-02
-2.432063594460487366e-02
5.758716538548469543e-02
-1.443037986755371094e-01
-3.922752290964126587e-02
-3.053527884185314178e-02
5.530665442347526550e-02
1.828090995550155640e-01
-6.684096902608871460e-02
-1.086264662444591522e-02
2.118809893727302551e-02
-7.265298068523406982e-02
3.638474941253662109e-01
-6.364398449659347534e-02
3.241585195064544678e-02
-4.513886570930480957e-02
-3.903963044285774231e-02
-6.094079464673995972e-02
-1.392201706767082214e-02
-3.755118325352668762e-02
7.230903953313827515e-02
-3.494946658611297607e-02
7.471671327948570251e-03
-6.538155674934387207e-02
-1.210614070296287537e-01
-2.271078154444694519e-02
3.360586464405059814e-01
-9.042921662330627441e-02
6.904822587966918945e-02
-7.217785716056823730e-02
-6.142232939600944519e-02
-1.316233277320861816e-01
-1.057767961174249649e-02
-5.644363909959793091e-02
1.830301582813262939e-01
-4.905254393815994263e-02
-1.935581117868423462e-02
-1.634774729609489441e-02
-7.379421591758728027e-02
-4.751638323068618774e-02
-2.278342843055725098e-02
-1.746008917689323425e-02
9.938436746597290039e-02
-8.936419337987899780e-02
5.062546115368604660e-03
-1.556874345988035202e-02
-1.136142686009407043e-01
-1.765287667512893677e-01
-4.977879300713539124e-02
-9.314617514610290527e-02
-4.451714921742677689e-03
-1.461973041296005249e-01
-1.942319609224796295e-02
-1.321319341659545898e-01
-1.107343938201665878e-02
-3.892414569854736328e-01
-2.587076835334300995e-02
-2.752012573182582855e-02
-2.953095734119415283e-02
-7.783197611570358276e-02
-5.096277222037315369e-02
-2.733399718999862671e-02
-7.971312105655670166e-02
-1.300448775291442871e-01
-1.019416749477386475e-01
-5.474919825792312622e-02
-1.158116199076175690e-02
3.907268121838569641e-02
-7.314538955688476562e-02
-1.207411140203475952e-01
-1.350168045610189438e-02
-4.220720008015632629e-02
-2.241888195276260376e-01
-3.749169781804084778e-02
-2.190071195363998413e-01
-2.749965190887451172e-01
1.927944123744964600e-01
7.414924353361129761e-02
-3.271382302045822144e-02
-3.567066043615341187e-02
-2.659821510314941406e-02
-2.041316591203212738e-02
-4.021751135587692261e-02
-2.800914831459522247e-02
-9.106095135211944580e-02
-1.157585754990577698e-01
-1.136690974235534668e-01
-4.272159654647111893e-03
-2.152973227202892303e-02
-1.777887903153896332e-02
-1.844479441642761230e-01
1.075141802430152893e-01
-9.410659223794937134e-02
-8.416113257408142090e-02
-8.012760430574417114e-02
-5.492903292179107666e-02
-1.809782162308692932e-02
6.644091755151748657e-02
-1.323887407779693604e-01
-3.912860900163650513e-02
-8.900154381990432739e-02
-2.265568450093269348e-02
-4.021393135190010071e-02
-3.400750458240509033e-02
-9.258218109607696533e-03
4.004569351673126221e-02
4.923619702458381653e-02
-4.752877354621887207e-02
-1.640024036169052124e-01
-1.237794607877731323e-01
-9.022674709558486938e-02
-3.647399321198463440e-02
-6.259945780038833618e-02
-2.085484005510807037e-02
-5.700965598225593567e-02
-2.180512808263301849e-02
-6.929109245538711548e-02
-9.380099922418594360e-02
-5.585389956831932068e-02
-4.952781274914741516e-02
-9.008382260799407959e-02
2.102250419557094574e-02
-2.521442435681819916e-02
-5.284142494201660156e-02
-5.147210322320461273e-03
-8.540213853120803833e-02
-5.086658895015716553e-02
-6.138397008180618286e-02
-2.323082275688648224e-02
2.218094840645790100e-02
-1.878113858401775360e-02
-7.915063947439193726e-02
-4.990833625197410583e-02
3.285804530605673790e-03
-1.668537594377994537e-02
-3.589919954538345337e-02
-8.424629271030426025e-02
-5.580081418156623840e-02
-2.036650925874710083e-01
-8.472928404808044434e-02
-5.343806371092796326e-02
-1.128343120217323303e-01
-1.332671847194433212e-02
-1.545039750635623932e-02
-2.156778052449226379e-02
-6.416384875774383545e-02
-5.511157512664794922e-01
-7.892384380102157593e-02
-3.505293279886245728e-02
-8.636800944805145264e-02
-6.503890454769134521e-02
-2.185675874352455139e-02
-7.975474745035171509e-02
-7.833784073591232300e-02
-6.938911229372024536e-02
-4.691976681351661682e-02
-4.173601418733596802e-02
-3.188002482056617737e-02
-7.550351321697235107e-02
-7.216438651084899902e-02
-6.868650764226913452e-02
-2.694834768772125244e-02
-9.405520395375788212e-04
-1.711974292993545532e-02
-6.203522905707359314e-02
-1.054929941892623901e-01
-6.637655198574066162e-02
-8.138372749090194702e-02
-2.471116930246353149e-01
-8.467466384172439575e-02
-2.286456376314163208e-01
-9.350834041833877563e-02
1.220835652202367783e-02
-4.032263532280921936e-02
-4.952983930706977844e-02
-1.158691719174385071e-01
8.077893406152725220e-02
8.096345700323581696e-03
1.503745932132005692e-02
-7.849922031164169312e-02
-6.628732383251190186e-02
-6.058328971266746521e-02
-1.340809166431427002e-01
-3.822941333055496216e-02
5.550081655383110046e-02
-2.014977298676967621e-02
-3.862105309963226318e-02
-9.799579530954360962e-02
-2.372793704271316528e-01
-5.969048663973808289e-02
-4.326910153031349182e-02
-1.594746112823486328e-02
-1.003744900226593018e-01
-1.346093323081731796e-02
-6.748944055289030075e-03
-7.717779278755187988e-02
-2.883994579315185547e-02
-9.163264930248260498e-02
1.553694605827331543e-01
-1.320480834692716599e-02
-3.146838396787643433e-02
-2.603659778833389282e-02
-1.039958652108907700e-02
-3.921713307499885559e-02
-1.981134712696075439e-02
-7.174650579690933228e-02
-6.138357892632484436e-02
-1.697037965059280396e-01
-4.475796967744827271e-02
-9.054399095475673676e-03
-9.757998585700988770e-02
-7.060456275939941406e-02
-4.924012348055839539e-02
-1.074773967266082764e-01
-6.286593526601791382e-02
-1.070880517363548279e-01
-8.594936877489089966e-02
-7.911821454763412476e-02
1.123407855629920959e-01
-1.594137772917747498e-02
-4.176044464111328125e-02
-3.053308278322219849e-02
-2.622536011040210724e-02
-6.491726636886596680e-02
-4.239201918244361877e-02
-1.052393913269042969e-01
-8.780946023762226105e-03
-6.571879237890243530e-02
-3.974240645766258240e-02
3.375669242814183235e-03
-1.896675229072570801e-01
-4.159994795918464661e-02
-3.213796392083168030e-02
-1.384190376847982407e-02
-9.715228341519832611e-03
-3.851711004972457886e-02
-8.012625575065612793e-02
-7.590679824352264404e-02
-5.887987837195396423e-02
-7.258616387844085693e-02
-9.547930210828781128e-02
-1.309434175491333008e-01
-3.888959810137748718e-02
-1.948101632297039032e-02
-3.228705525398254395e-01
-7.543724775314331055e-02
-3.468646109104156494e-02
-1.492546126246452332e-02
-9.960468113422393799e-02
-9.578835219144821167e-02
-3.102594912052154541e-01
-7.240728288888931274e-02
-6.844238936901092529e-02
-6.198410689830780029e-02
-7.284694351255893707e-03
-1.710569858551025391e-02
-1.000366508960723877e-01
-2.103322595357894897e-01
-7.904471457004547119e-02
1.796538941562175751e-02
4.865574464201927185e-02
-5.592380091547966003e-02
-3.541687875986099243e-02
-2.591717243194580078e-02
-7.109460234642028809e-02
8.257688581943511963e-02
-5.631491541862487793e-02
2.331849187612533569e-02
-1.087579503655433655e-01
-1.154228020459413528e-02
-1.496695540845394135e-02
2.111941203474998474e-02
-5.028446763753890991e-02
-5.207656696438789368e-02
-1.155076995491981506e-01
-7.380770146846771240e-02
-6.615215539932250977e-02
-2.611137926578521729e-02
-2.295931614935398102e-02
-5.173643678426742554e-02
-3.267306089401245117e-02
-6.288515031337738037e-02
-9.021593630313873291e-02
-1.338934153318405151e-01
-4.119869321584701538e-02
-1.796877011656761169e-02
-8.995082229375839233e-03
-3.936896473169326782e-02
-1.588263548910617828e-02
-8.104896545410156250e-02
-1.099989041686058044e-01
-7.050103694200515747e-02
-7.310919463634490967e-02
-5.943102762103080750e-02
3.274419531226158142e-02
-1.332378238439559937e-01
-8.477378636598587036e-02
-5.109862983226776123e-02
-9.830795228481292725e-02
-7.386168092489242554e-02
-4.571303352713584900e-02
2.197525836527347565e-02
-9.341306239366531372e-02
-6.009319052100181580e-02
-1.045443043112754822e-01
-2.776595056056976318e-01
-2.092539146542549133e-02
-5.978982523083686829e-02
3.371135517954826355e-02
7.480054348707199097e-02
-7.453102618455886841e-02
-7.905964739620685577e-03
5.509324073791503906e-01
-7.165881246328353882e-02
1.649045497179031372e-01
-1.775050722062587738e-02
-8.520861715078353882e-02
1.272479910403490067e-02
2.791582606732845306e-03
-5.708440393209457397e-02
3.043345510959625244e-01
-1.658278703689575195e-02
-7.347299158573150635e-02
-4.260122030973434448e-02
-8.647151291370391846e-02
-1.375952176749706268e-02
-4.439900442957878113e-02
-1.523725390434265137e-01
-1.210513338446617126e-02
5.825191363692283630e-02
-7.507397979497909546e-02
-1.985995769500732422e-01
3.345823660492897034e-02
4.258845746517181396e-02
7.352549582719802856e-02
3.703029081225395203e-02
-5.468610301613807678e-02
-1.014509499073028564e-01
1.114417891949415207e-02
-2.031760104000568390e-02
-6.666740030050277710e-02
7.612141221761703491e-02
-6.751926243305206299e-02
-5.135900527238845825e-02
-6.578689068555831909e-02
-1.052620187401771545e-01
-4.652679339051246643e-02
-9.030696004629135132e-02
1.487336009740829468e-01
-4.755172133445739746e-02
-2.371212653815746307e-02
-4.584421962499618530e-02
-6.310080736875534058e-02
-3.187576308846473694e-02
-1.211608015000820160e-02
-7.875085622072219849e-02
-9.671538323163986206e-02
-3.947070613503456116e-02
-4.680342972278594971e-02
-2.622063085436820984e-02
-3.619774803519248962e-02
2.074645757675170898e-01
-4.944112151861190796e-02
-8.148458600044250488e-02
-2.416755817830562592e-02
3.429176285862922668e-02
-1.671545952558517456e-02
-6.404441595077514648e-02
-2.167200669646263123e-02
2.722890302538871765e-02
-9.031917899847030640e-02
2.151967287063598633e-01
-2.734091505408287048e-02
-1.519505772739648819e-02
-1.436943188309669495e-02
-4.933298751711845398e-02
-7.591950893402099609e-02
-4.322841763496398926e-02
-8.887320756912231445e-02
-5.848079547286033630e-02
-6.787499040365219116e-02
-2.903548777103424072e-01
-4.588889703154563904e-02
-2.894014120101928711e-02
-5.180928111076354980e-02
1.027613058686256409e-01
-5.437082424759864807e-02
4.100963845849037170e-02
-6.689644604921340942e-02
-1.149139478802680969e-01
-2.008885294198989868e-01
-2.063692733645439148e-02
5.273716896772384644e-02
-1.014729291200637817e-01
-4.504833370447158813e-02
-8.714815974235534668e-02
-1.061017066240310669e-01
-5.908442661166191101e-02
-1.527377287857234478e-03
-1.176013126969337463e-01
-3.584420308470726013e-02
5.049526691436767578e-02
-7.824104279279708862e-02
-1.844725385308265686e-02
-7.913446985185146332e-03
-7.569231837987899780e-02
-5.225629359483718872e-02
-1.631974242627620697e-02
8.999501168727874756e-02
-7.731663435697555542e-02
7.123009860515594482e-02
-7.693809270858764648e-02
-1.756905391812324524e-02
-9.067668765783309937e-02
-9.426277875900268555e-02
-2.298948541283607483e-02
-1.037314534187316895e-02
-6.541771441698074341e-02
-8.216460049152374268e-02
-1.172236446291208267e-02
-6.745696812868118286e-02
-2.792027080431580544e-03
-8.286571502685546875e-02
-1.005346253514289856e-01
-4.351218417286872864e-02
-6.118194386363029480e-02
8.944115787744522095e-02
-6.773240119218826294e-02
-1.540981978178024292e-01
1.048313602805137634e-01
2.312076091766357422e-01
-2.287342213094234467e-02
-4.147752001881599426e-02
3.039354458451271057e-02
-8.784691989421844482e-02
-1.201765164732933044e-01
-1.111707165837287903e-01
-7.198722660541534424e-02
-5.747857317328453064e-02
2.756153233349323273e-03
-3.150469809770584106e-02
-4.056971520185470581e-02
2.260501729324460030e-03
-5.390571802854537964e-02
3.242976730689406395e-03
-3.105916082859039307e-02
-7.719533052295446396e-03
-2.563905715942382812e-02
-5.649572238326072693e-02
-7.237607240676879883e-02
-1.938509987667202950e-03
2.356766723096370697e-02
-9.071484953165054321e-02
-6.517150998115539551e-02
3.017465025186538696e-02
-5.174549669027328491e-02
-9.477378427982330322e-02
-4.588393121957778931e-02
-1.015300862491130829e-02
-1.164216324687004089e-01
-1.518459320068359375e-01
-4.532427713274955750e-02
-9.218090772628784180e-02
1.102794613689184189e-02
-3.113357722759246826e-02
1.497066020965576172e-02
-1.159754469990730286e-01
1.356654763221740723e-01
1.472115702927112579e-02
-7.210070639848709106e-02
-6.340713053941726685e-02
-1.010505408048629761e-01
-8.897940814495086670e-02
-1.054399013519287109e-01
-5.386758968234062195e-02
-7.435981184244155884e-02
-9.490308165550231934e-02
-2.216597087681293488e-02
-7.620984315872192383e-02
-2.079444006085395813e-02
7.148164510726928711e-02
-2.348834089934825897e-02
5.699924007058143616e-02
1.120197474956512451e-01
-3.455989435315132141e-02
-9.451051056385040283e-02
-7.820560783147811890e-02
-5.040306225419044495e-02
-1.689380384050309658e-03
-1.215593367815017700e-01
-6.701342016458511353e-02
-1.028715521097183228e-01
-4.078407585620880127e-02
-3.173670172691345215e-02
3.566700220108032227e-02
-1.138880401849746704e-01
-2.837217412889003754e-02
4.855417087674140930e-02
-1.287778615951538086e-01
-6.477921456098556519e-02
-7.377614825963973999e-02
-1.050104852765798569e-03
-3.542734310030937195e-02
-8.764216303825378418e-02
1.684944778680801392e-01
-3.260045498609542847e-02
-2.615430019795894623e-02
-6.217328831553459167e-02
-4.795813560485839844e-02
-2.727097459137439728e-02
-8.525982499122619629e-02
3.510399907827377319e-02
-8.806089311838150024e-02
-9.627140313386917114e-02
-6.262405961751937866e-02
-5.009977817535400391e-01
-8.322916924953460693e-02
-5.417763441801071167e-02
7.806480675935745239e-02
-3.838397562503814697e-02
7.742580492049455643e-04
-8.060660213232040405e-02
-1.357839107513427734e-01
-9.800501912832260132e-02
-9.547897428274154663e-02
-6.736651062965393066e-02
-2.301516942679882050e-02
-7.038710266351699829e-02
-4.403949528932571411e-02
-9.427673369646072388e-02
-1.273722946643829346e-01
-1.739270240068435669e-02
-1.395354419946670532e-01
-3.568613901734352112e-02
-8.676912635564804077e-02
-7.273457944393157959e-02
1.057937741279602051e-02
-4.973145574331283569e-02
-1.336191892623901367e-01
-7.417704910039901733e-02
-1.184455826878547668e-01
-4.109017550945281982e-02
-8.157863467931747437e-02
-3.815085440874099731e-02
-8.026757836341857910e-02
-5.989426374435424805e-02
-3.214040026068687439e-02
1.220566406846046448e-01
-6.058536097407341003e-02
-5.551268160343170166e-02
-7.366539537906646729e-02
-4.996458813548088074e-02
-2.805083803832530975e-02
1.049952674657106400e-02
-1.287219766527414322e-02
-7.932371646165847778e-02
-1.104836240410804749e-01
-8.346267789602279663e-02
-1.320342868566513062e-01
-8.633334189653396606e-02
-1.966574937105178833e-01
-7.474979758262634277e-02
-6.648588180541992188e-02
-2.562097832560539246e-02
1.146256774663925171e-01
-4.015266150236129761e-02
-3.724163025617599487e-02
-1.703088544309139252e-02
-5.120410397648811340e-02
-5.624409392476081848e-02
-5.156796425580978394e-02
-1.080250963568687439e-01
-1.332435477524995804e-02
-8.852979540824890137e-02
-7.407136261463165283e-02
-6.625635921955108643e-02
-5.980189889669418335e-02
-5.396700277924537659e-02
-1.250534318387508392e-02
-1.932208389043807983e-01
-8.965406566858291626e-02
-9.448532015085220337e-02
-1.072660312056541443e-01
-8.446726202964782715e-02
-8.079274743795394897e-02
-1.139616072177886963e-01
-2.452959269285202026e-01
-1.185095310211181641e-01
-9.142813831567764282e-02
-4.403335154056549072e-01
-5.678512156009674072e-02
-1.050891056656837463e-01
-1.560426782816648483e-02
-3.035435453057289124e-02
-7.761678844690322876e-02
-3.961922228336334229e-02
-6.959589570760726929e-02
-9.971376508474349976e-02
-6.817959249019622803e-02
-7.763268053531646729e-02
-5.634831637144088745e-02
-8.716911077499389648e-02
1.756930798292160034e-01
1.559571325778961182e-01
7.680172566324472427e-03
-6.156939640641212463e-02
-2.693603187799453735e-02
-9.588339924812316895e-02
2.950877845287322998e-01
-6.023306027054786682e-02
-3.226890042424201965e-02
-1.426078937947750092e-02
2.445384301245212555e-02
3.662045001983642578e-01
-4.006719216704368591e-02
-9.466851502656936646e-02
-9.422627836465835571e-02
-8.448947966098785400e-02
-7.648156583309173584e-02
-3.790598735213279724e-02
-4.819293692708015442e-02
-3.457927703857421875e-02
-2.984474301338195801e-01
-6.962221115827560425e-02
-1.278458349406719208e-02
-2.759112231433391571e-02
-7.738709449768066406e-02
-3.438676893711090088e-02
-9.281907975673675537e-02
-2.935785241425037384e-02
2.799433097243309021e-02
-2.429820783436298370e-02
-6.572975963354110718e-02
-4.297518730163574219e-02
-4.607248678803443909e-02
-1.071676462888717651e-01
-6.528367847204208374e-02
-2.713981270790100098e-02
-1.509708911180496216e-01
3.686296343803405762e-01
-2.473826520144939423e-02
-5.099662393331527710e-02
-1.920787245035171509e-01
-4.338208585977554321e-02
-6.974891573190689087e-02
-8.101239055395126343e-02
2.820878103375434875e-02
-5.421522259712219238e-02
-3.092905320227146149e-02
-2.661286480724811554e-02
-3.256693854928016663e-02
-8.116029202938079834e-02
-8.081623911857604980e-02
2.730519976466894150e-03
-7.084347307682037354e-02
-2.191126905381679535e-02
-2.338626608252525330e-02
-6.581994891166687012e-02
-3.578656911849975586e-02
-6.130809336900711060e-02
-2.201742678880691528e-02
-8.142177015542984009e-02
-8.632963150739669800e-02
4.988486319780349731e-02
-2.471347525715827942e-02
-1.787700504064559937e-01
-3.168094530701637268e-02
-8.018536865711212158e-02
-1.788108423352241516e-02
-1.028039902448654175e-01
1.387440366670489311e-03
2.522002458572387695e-01
-4.880001395940780640e-02
2.604759112000465393e-02
-3.070768201723694801e-03
-1.846611350774765015e-01
9.789673238992691040e-02
4.093014821410179138e-02
-1.944743469357490540e-02
-6.565724313259124756e-02
1.778343506157398224e-02
2.186376228928565979e-02
-7.494759559631347656e-02
-6.508250534534454346e-02
-1.574228256940841675e-01
-3.581711649894714355e-02
2.300775945186614990e-01
-7.921278476715087891e-02
-1.062529012560844421e-01
-1.127916648983955383e-01
-9.361715614795684814e-02
1.444303691387176514e-01
-6.229022890329360962e-02
-7.963845878839492798e-02
3.576867654919624329e-02
-9.214144945144653320e-02
6.614330410957336426e-02
1.033763810992240906e-01
-4.113207384943962097e-02
-8.114966005086898804e-02
3.251842863392084837e-04
-6.997912377119064331e-02
1.905769482254981995e-02
-1.453520357608795166e-01
-8.575104176998138428e-02
-3.320859372615814209e-02
-2.665610238909721375e-02
-9.776317477226257324e-01
3.431050479412078857e-02
-1.326517760753631592e-01
-9.313641488552093506e-02
-3.964740410447120667e-02
-9.590531140565872192e-02
-7.799207419157028198e-02
-5.870145186781883240e-02
-1.517066080123186111e-02
-5.531145334243774414e-01
-8.682043850421905518e-02
-8.433365821838378906e-02
1.230194121599197388e-01
8.483546972274780273e-02
-6.754828989505767822e-02
-5.145284533500671387e-02
-2.315436117351055145e-02
-5.338564887642860413e-02
3.804402798414230347e-02
-1.210786104202270508e-01
-2.199091762304306030e-01
-1.909734159708023071e-01
1.417157147079706192e-02
-4.448693990707397461e-02
-8.606107532978057861e-02
-9.503736346960067749e-02
-2.125417254865169525e-02
2.619894407689571381e-02
-2.355224043130874634e-01
-4.200902208685874939e-02
1.415356695652008057e-01
-8.526884019374847412e-02
1.089349389076232910e-02
-6.845682114362716675e-02
-3.928150236606597900e-02
-7.431245595216751099e-02
-1.126910559833049774e-02
-5.627356842160224915e-02
-4.819455370306968689e-02
7.067054510116577148e-02
-1.524295210838317871e-01
8.293426595628261566e-03
2.738721668720245361e-02
-1.681450009346008301e-02
-2.333554439246654510e-02
-1.476030610501766205e-02
-3.284846618771553040e-02
1.175325810909271240e-01
-3.817214444279670715e-02
-1.706845499575138092e-02
-2.703226357698440552e-02
-3.588468953967094421e-02
-4.792304709553718567e-02
-4.124321416020393372e-02
-4.223167896270751953e-02
-1.009363904595375061e-01
-6.929250806570053101e-02
-7.192502915859222412e-02
-6.830486655235290527e-02
-3.605294227600097656e-02
-8.929434418678283691e-02
7.194931060075759888e-02
-1.048847846686840057e-02
-7.701801508665084839e-02
-3.082914650440216064e-02
-5.394347384572029114e-02
-6.805951893329620361e-02
-1.127281337976455688e-01
-1.247461661696434021e-01
-4.683537408709526062e-02
-1.383661180734634399e-01
-4.197863116860389709e-02
-1.227832585573196411e-02
-3.343265503644943237e-02
8.380906656384468079e-03
-3.297660499811172485e-02
-6.253874301910400391e-02
-5.541759729385375977e-02
-1.009647771716117859e-01
3.233639299869537354e-01
-2.480789124965667725e-01
-6.551806628704071045e-02
-8.185555785894393921e-02
5.804370623081922531e-03
-6.946428865194320679e-02
-4.344934970140457153e-02
-7.450315356254577637e-02
-1.828413829207420349e-02
-5.595568567514419556e-02
-1.280860137194395065e-02
-8.269163966178894043e-02
-6.769447773694992065e-02
-3.827372938394546509e-02
-7.949199527502059937e-02
-5.757903680205345154e-02
-5.403557792305946350e-03
-1.774748563766479492e-01
3.817773610353469849e-02
-2.095362730324268341e-02
8.702913671731948853e-02
-5.771350488066673279e-02
-8.216348290443420410e-02
-5.331047251820564270e-02
1.590725296409800649e-04
-7.822777330875396729e-02
-9.088498353958129883e-02
-3.654275462031364441e-02
-2.027533799409866333e-01
-5.623333528637886047e-02
-4.247639328241348267e-02
-2.823623083531856537e-02
-1.893113553524017334e-02
-1.806811802089214325e-02
-1.204203814268112183e-02
2.693201601505279541e-02
-7.291787769645452499e-03
-8.878739923238754272e-02
2.997475862503051758e-01
-1.555653065443038940e-01
-8.120178431272506714e-02
-3.964927792549133301e-02
-2.976306527853012085e-02
4.431283473968505859e-02
-1.330620497465133667e-01
-6.898957490921020508e-02
-4.813440144062042236e-02
-3.850621357560157776e-02
-5.309497006237506866e-03
-7.489856332540512085e-02
-1.082565784454345703e-01
-1.426865160465240479e-02
-6.850423663854598999e-02
-6.762867793440818787e-03
-7.845808565616607666e-02
-1.367415636777877808e-01
-7.759447395801544189e-02
5.798760335892438889e-03
9.210210442543029785e-01
-1.017992105334997177e-02
-5.482083186507225037e-02
-8.942437171936035156e-02
-5.102049559354782104e-02
-1.558770611882209778e-02
-6.063646450638771057e-02
-2.251831814646720886e-02
6.497409939765930176e-02
-2.951029315590858459e-02
-2.270064130425453186e-02
-6.939437985420227051e-02
-3.818988054990768433e-02
-1.115473732352256775e-01
-9.786494076251983643e-02
-4.416256025433540344e-02
-2.664142660796642303e-02
-3.566099703311920166e-02
1.231108978390693665e-01
-1.465786620974540710e-02
-4.242891445755958557e-02
-7.483508437871932983e-02
-7.892866432666778564e-02
-1.012404039502143860e-01
-1.174913272261619568e-01
-7.862669974565505981e-02
-5.762203782796859741e-02
-2.221108525991439819e-01
-6.789525598287582397e-02
-6.242058053612709045e-02
-4.272810649126768112e-03
-6.936566531658172607e-02
-4.994102939963340759e-02
-1.794880814850330353e-02
-5.982187576591968536e-03
-2.745829336345195770e-02
-3.536522015929222107e-02
3.466358035802841187e-02
-7.507557421922683716e-02
-1.137126162648200989e-01
3.784554079174995422e-02
-1.982569843530654907e-01
-3.557981923222541809e-02
-1.375969350337982178e-01
2.363631874322891235e-02
-9.699228405952453613e-02
-9.201091527938842773e-02
-1.399058550596237183e-01
-3.791217505931854248e-02
-5.615429207682609558e-02
4.787611961364746094e-02
-1.312976777553558350e-01
-2.173485048115253448e-02
-4.308585077524185181e-02
-6.136122718453407288e-02
-9.790770709514617920e-02
-8.513048291206359863e-02
-6.709259003400802612e-02
-3.361033499240875244e-01
-2.931763231754302979e-01
-3.814374655485153198e-02
-7.625038176774978638e-02
1.977107673883438110e-02
-3.267893567681312561e-02
-3.433814272284507751e-02
8.652549237012863159e-03
-6.251192092895507812e-02
-4.725877195596694946e-02
-2.858190052211284637e-02
8.037626976147294044e-04
-2.442588359117507935e-01
-7.061270624399185181e-02
1.088282745331525803e-02
8.672668784856796265e-02
-7.375089079141616821e-02
-6.381016969680786133e-02
1.098571196198463440e-01
-2.121010422706604004e-02
-7.621569931507110596e-02
-1.977432519197463989e-02
-2.297977171838283539e-02
2.343259193003177643e-02
-3.226978331804275513e-02
-6.138652563095092773e-02
-9.087961167097091675e-02
3.086270950734615326e-02
-1.246964931488037109e-02
-1.412468496710062027e-02
-1.100924313068389893e-01
-7.054196298122406006e-02
1.154885292053222656e-01
-1.515161842107772827e-01
-1.880736276507377625e-02
-8.315657824277877808e-02
-1.657177880406379700e-02
-4.833837226033210754e-02
5.913565680384635925e-02
9.073460698127746582e-01
-8.141175657510757446e-02
-1.609023101627826691e-02
-2.743175439536571503e-02
-8.308286964893341064e-02
1.818270981311798096e-01
-1.796194538474082947e-02
-5.698656197637319565e-03
-9.958212077617645264e-02
-1.149572804570198059e-01
1.645568162202835083e-01
9.435059875249862671e-02
-2.709408849477767944e-02
-3.089366853237152100e-01
-1.955601200461387634e-02
-1.432447880506515503e-01
-4.971567168831825256e-02
-1.009764969348907471e-01
-3.870037943124771118e-02
-1.082461178302764893e-01
8.081925660371780396e-02
4.069558158516883850e-02
-6.191128119826316833e-02
-3.897903487086296082e-02
-4.806426540017127991e-02
-7.240328937768936157e-02
3.088748548179864883e-03
-5.926277488470077515e-02
-1.083928942680358887e-01
-2.413454465568065643e-02
-1.625754497945308685e-02
6.523300707340240479e-02
-8.313869126141071320e-03
-2.553997188806533813e-02
-7.915947586297988892e-02
-2.432848326861858368e-02
1.514014881104230881e-02
-7.440842688083648682e-02
-8.642460405826568604e-02
-1.182526126503944397e-01
-1.410638988018035889e-01
-4.836383834481239319e-02
-8.045464009046554565e-02
-1.724207252264022827e-01
-5.482949316501617432e-02
-6.054956838488578796e-02
-8.679141104221343994e-02
7.475067675113677979e-02
-7.947194576263427734e-02
-7.458825409412384033e-02
-8.317686617374420166e-02
-1.297176443040370941e-02
1.220293566584587097e-01
-8.573015034198760986e-02
-3.813023120164871216e-02
-9.038260579109191895e-02
-6.133205071091651917e-02
-4.824100434780120850e-02
1.719224825501441956e-02
-1.037842631340026855e-01
2.199053466320037842e-01
-5.856455489993095398e-02
-8.311017602682113647e-02
-3.943073004484176636e-02
-1.158483028411865234e-01
2.195594832301139832e-02
-5.324241518974304199e-01
3.999718651175498962e-02
-5.849323794245719910e-02
-7.590252161026000977e-02
-9.115394204854965210e-02
-6.858295947313308716e-02
1.323044002056121826e-01
-8.553672581911087036e-02
-3.815314173698425293e-02
-3.689212352037429810e-02
-1.231013238430023193e-01
-5.138114839792251587e-02
-5.376316606998443604e-02
-5.733317509293556213e-02
4.825523868203163147e-02
-3.944447636604309082e-02
-7.833316177129745483e-02
-1.135921850800514221e-01
-3.712473809719085693e-02
-5.543611571192741394e-02
-5.689040292054414749e-03
-5.895333737134933472e-02
-6.927908957004547119e-02
-1.063088886439800262e-03
-3.379973769187927246e-02
-1.242113672196865082e-02
-5.519457533955574036e-02
-9.648673236370086670e-02
9.888733038678765297e-04
-1.826432347297668457e-02
-8.962399326264858246e-03
1.666311621665954590e-01
2.907169284299015999e-03
-8.355493098497390747e-02
3.567087948322296143e-01
-8.001307398080825806e-02
-1.973639726638793945e-01
-7.242291420698165894e-02
-5.505980178713798523e-02
-5.171265006065368652e-01
-4.643777757883071899e-02
-4.051401466131210327e-02
-2.124772593379020691e-02
-4.116513952612876892e-02
-4.722830057144165039e-01
-4.815631732344627380e-02
2.102861702442169189e-01
-6.763271987438201904e-02
-3.006307780742645264e-01
-1.024524867534637451e-01
-7.786583900451660156e-02
3.486031293869018555e-02
-9.208562783896923065e-03
-4.180099815130233765e-02
3.000981174409389496e-02
-7.106756418943405151e-02
-1.395695954561233521e-01
-1.438048109412193298e-02
-5.326700583100318909e-02
-1.050376370549201965e-01
-1.261379122734069824e-01
-1.326067596673965454e-01
-3.959908708930015564e-02
8.889318257570266724e-02
1.776184439659118652e-01
-7.778532058000564575e-02
-1.204119399189949036e-01
-8.160495758056640625e-02
-1.720883250236511230e-01
-1.660441607236862183e-01
-2.305849455296993256e-02
-6.201688945293426514e-02
-1.082950234413146973e-01
2.301679253578186035e-01
-7.794078439474105835e-02
3.109284341335296631e-01
-5.797499790787696838e-02
-3.796284273266792297e-02
-6.169088557362556458e-02
-1.444562822580337524e-01
-8.139102160930633545e-02
-7.666023075580596924e-02
-6.438371539115905762e-02
-2.544709667563438416e-02
-6.802111119031906128e-02
-4.942794144153594971e-02
4.419822618365287781e-02
-2.202335186302661896e-02
-1.174876466393470764e-01
-1.026998087763786316e-01
-9.642361849546432495e-02
-8.956683427095413208e-02
-2.069783955812454224e-02
-4.408597573637962341e-02
7.536754757165908813e-02
1.131583601236343384e-01
-6.510357558727264404e-02
-8.312525600194931030e-02
-1.495064701884984970e-02
-6.552342325448989868e-02
-4.378836974501609802e-02
-5.808079242706298828e-02
-6.092105433344841003e-02
-1.341861039400100708e-01
9.997183457016944885e-03
-1.910226196050643921e-01
-2.193465083837509155e-02
-2.039676159620285034e-01
-7.161179929971694946e-02
-1.329460889101028442e-01
-8.048623800277709961e-02
-2.392471581697463989e-02
-1.188470795750617981e-01
-5.087700113654136658e-02
-6.861703842878341675e-02
-8.839584887027740479e-03
-1.034378930926322937e-01
-1.664490066468715668e-02
-5.950194969773292542e-02
-2.171306125819683075e-02
-2.323400415480136871e-02
-6.811910122632980347e-02
-4.605049639940261841e-02
2.057514786720275879e-01
-7.541294395923614502e-02
-3.306422755122184753e-02
-6.433303654193878174e-02
-5.617468804121017456e-02
9.734258800745010376e-02
-1.042554900050163269e-01
-2.685315161943435669e-02
2.874648869037628174e-01
-5.376940220594406128e-02
-4.857793077826499939e-02
-4.856876283884048462e-02
-5.021326988935470581e-02
-9.560041874647140503e-02
-5.889759957790374756e-02
-1.208211332559585571e-01
-5.979464575648307800e-02
-5.763062462210655212e-02
-9.064508229494094849e-02
-5.299866199493408203e-02
-8.287669718265533447e-02
-5.679089203476905823e-02
2.630628086626529694e-02
-5.160355195403099060e-02
-2.711556479334831238e-02
-6.920353323221206665e-02
-6.391154974699020386e-02
-1.309271603822708130e-01
1.492003947496414185e-01
-8.778697252273559570e-02
-1.169895529747009277e-01
-1.920488290488719940e-02
-8.272913843393325806e-02
1.472582854330539703e-02
-3.182533755898475647e-02
-9.333474934101104736e-02
-3.440647572278976440e-02
-7.173974812030792236e-02
-4.449035972356796265e-02
-4.206161573529243469e-02
-6.783129274845123291e-02
-7.996283471584320068e-02
-4.222249090671539307e-01
-8.070009201765060425e-02
-1.914748572744429111e-03
-7.327025383710861206e-02
-1.456049270927906036e-02
-7.540075108408927917e-03
-2.590482309460639954e-02
-1.706001907587051392e-02
-7.328455895185470581e-02
-2.212531678378582001e-02
-8.168660849332809448e-02
-8.180614560842514038e-02
-8.651909977197647095e-02
-5.625215545296669006e-02
1.725088432431221008e-02
-1.009146198630332947e-01
-4.261852428317070007e-02
-4.266472160816192627e-02
-4.484423249959945679e-02
-2.323566377162933350e-02
-1.460175365209579468e-01
-5.041619390249252319e-02
-1.514654755592346191e-01
-5.879843980073928833e-02
