-3.579377233982086182e-01
-3.452090024948120117e-01
-3.531920909881591797e-01
-3.442337214946746826e-01
-3.475584387779235840e-01
-3.548169434070587158e-01
-3.461076021194458008e-01
-3.515006601810455322e-01
-3.449666202068328857e-01
-3.448731005191802979e-01
-3.531534373760223389e-01
-3.552902638912200928e-01
-7.686534430831670761e-03
8.434015512466430664e-02
-3.612557053565979004e-01
-3.486459255218505859e-01
-3.353604674339294434e-01
-3.565468490123748779e-01
-3.578791618347167969e-01
-3.482516109943389893e-01
-3.480546772480010986e-01
-3.795084953308105469e-01
-3.414160311222076416e-01
-3.476937115192413330e-01
-3.891418576240539551e-01
-3.457449674606323242e-01
-3.422530889511108398e-01
-3.491946756839752197e-01
-3.452022969722747803e-01
-3.542986214160919189e-01
-3.484712243080139160e-01
-3.436929583549499512e-01
-3.455795943737030029e-01
-3.001873493194580078e-01
-1.158517003059387207e-01
-2.773655056953430176e-01
-1.407085657119750977e-01
-4.920196831226348877e-01
-6.088879704475402832e-01
-4.647014439105987549e-01
-7.200961709022521973e-01
-6.710131764411926270e-01
-5.912285447120666504e-01
-7.547712922096252441e-01
-1.040379405021667480e+00
-5.356255173683166504e-01
-1.170546188950538635e-01
-3.563655316829681396e-01
-4.250297844409942627e-01
-4.566179215908050537e-01
-1.273855865001678467e-01
-5.066356807947158813e-02
-3.529097437858581543e-01
-3.619340956211090088e-01
-3.483984470367431641e-01
-3.513973355293273926e-01
-3.564141988754272461e-01
-3.536614179611206055e-01
-3.384961187839508057e-01
-3.248632550239562988e-01
-3.436689972877502441e-01
-3.180516660213470459e-01
-3.641102015972137451e-01
-3.224273025989532471e-01
-9.123951792716979980e-01
-1.454221844673156738e+00
-1.180155634880065918e+00
-9.923414587974548340e-01
-9.301438927650451660e-01
-7.479141354560852051e-01
-1.014016509056091309e+00
-8.760032057762145996e-01
-9.032005071640014648e-01
-8.496429920196533203e-01
-6.096880435943603516e-01
-8.164424896240234375e-01
-9.623287916183471680e-01
-9.010453820228576660e-01
-1.057829856872558594e+00
-7.903546094894409180e-01
-3.785428404808044434e-01
1.313799619674682617e-01
-3.513959944248199463e-01
-3.551840186119079590e-01
-3.520821630954742432e-01
-3.447529375553131104e-01
-1.269653439521789551e-01
-4.050970077514648438e-01
-4.762779474258422852e-01
-2.816786468029022217e-01
-7.659850120544433594e-01
-9.237976074218750000e-01
-1.437233209609985352e+00
-1.627307176589965820e+00
-1.015975594520568848e+00
-8.940811753273010254e-01
-7.720566391944885254e-01
-6.806759238243103027e-01
-7.782863974571228027e-01
-6.107883453369140625e-01
-5.488889217376708984e-01
-5.485487580299377441e-01
-7.177971601486206055e-01
-9.640973210334777832e-01
-9.664457440376281738e-01
-8.757137060165405273e-01
-1.120428442955017090e+00
-9.785267114639282227e-01
-5.346682071685791016e-01
-2.910011112689971924e-01
-3.531907200813293457e-01
-3.482142686843872070e-01
-3.555667996406555176e-01
-3.395076990127563477e-01
-9.822964668273925781e-02
-6.123824119567871094e-01
-6.379414796829223633e-01
-1.026151418685913086e+00
-1.482152342796325684e+00
-1.139175653457641602e+00
-1.386229276657104492e+00
-1.105868577957153320e+00
-6.637254357337951660e-01
-3.838962912559509277e-01
-1.827604770660400391e-01
-8.355730026960372925e-02
-3.032285533845424652e-02
-1.934962868690490723e-01
-2.525983452796936035e-01
-3.595560193061828613e-01
-2.806994915008544922e-01
-3.032256364822387695e-01
-5.019149184226989746e-01
-8.680605888366699219e-01
-6.850100755691528320e-01
-7.040783166885375977e-01
-1.885150521993637085e-01
-1.192439645528793335e-01
9.265024960041046143e-02
-2.620271742343902588e-01
-3.507244288921356201e-01
-4.170236364006996155e-02
7.473255693912506104e-02
-3.218081593513488770e-01
-9.567933678627014160e-01
-1.677623510360717773e+00
-1.458850383758544922e+00
-1.068304181098937988e+00
-8.235123157501220703e-01
-5.771698355674743652e-01
-2.395743131637573242e-01
-2.692484855651855469e-01
-1.351482570171356201e-01
-4.642994329333305359e-02
2.049565874040126801e-02
-1.755034737288951874e-02
-1.061484739184379578e-01
-5.777281150221824646e-02
-1.476067602634429932e-01
-2.648068964481353760e-01
-3.653649389743804932e-01
-4.593739211559295654e-01
-7.544305324554443359e-01
-9.175339341163635254e-01
-5.722060203552246094e-01
-3.233794867992401123e-01
-5.880894884467124939e-02
-3.508010804653167725e-01
-3.500724434852600098e-01
-2.836793065071105957e-01
-2.374647706747055054e-01
-8.323857188224792480e-01
-1.297154307365417480e+00
-1.379580855369567871e+00
-1.033840656280517578e+00
-5.945327281951904297e-01
-4.438601434230804443e-01
-1.782010197639465332e-01
6.016824394464492798e-02
2.337138913571834564e-02
9.591801464557647705e-02
2.627917230129241943e-01
2.501831948757171631e-01
2.965965569019317627e-01
1.764935106039047241e-01
7.876614481210708618e-02
1.535966545343399048e-01
2.902395790442824364e-03
-7.980892807245254517e-02
-3.662527501583099365e-01
-6.603739857673645020e-01
-8.721175193786621094e-01
-8.739904165267944336e-01
-4.284520745277404785e-01
-1.722414791584014893e-01
2.668703719973564148e-02
-3.608916699886322021e-01
-2.208524495363235474e-01
-5.448767542839050293e-01
-9.089993834495544434e-01
-1.090055704116821289e+00
-1.020408391952514648e+00
-7.025155425071716309e-01
-3.658100664615631104e-01
-3.490071296691894531e-01
-2.536259219050407410e-02
2.829768657684326172e-01
1.561383605003356934e-01
2.757465243339538574e-01
3.163751065731048584e-01
2.445460855960845947e-01
2.930009961128234863e-01
2.351663857698440552e-01
1.936809569597244263e-01
3.621290326118469238e-01
2.063746452331542969e-01
-4.697067663073539734e-02
-2.866523563861846924e-01
-9.316712021827697754e-01
-1.176432013511657715e+00
-9.725608825683593750e-01
-5.395373702049255371e-01
-3.636390864849090576e-01
2.912078201770782471e-01
-1.098335385322570801e-01
-3.534434735774993896e-01
-7.592573761940002441e-01
-9.409662485122680664e-01
-8.797214627265930176e-01
-7.351653575897216797e-01
-4.031738638877868652e-01
-1.761030256748199463e-01
-7.453651726245880127e-02
3.660295605659484863e-01
5.931823253631591797e-01
5.634667277336120605e-01
6.418854594230651855e-01
3.519936501979827881e-01
7.335085421800613403e-02
1.273883879184722900e-01
7.319512218236923218e-02
1.077367663383483887e-01
2.688966393470764160e-01
2.162318527698516846e-01
1.664149463176727295e-01
-2.818889319896697998e-01
-8.371428251266479492e-01
-9.434704184532165527e-01
-7.072290182113647461e-01
-6.171768903732299805e-01
-6.125351190567016602e-01
1.536265909671783447e-01
-1.070992350578308105e-01
-2.301801443099975586e-01
-4.312989115715026855e-01
-6.525034308433532715e-01
-5.612914562225341797e-01
-5.093038082122802734e-01
-8.182661607861518860e-03
1.604490727186203003e-02
6.548896431922912598e-02
1.881389766931533813e-01
5.770962834358215332e-01
6.386893987655639648e-01
2.792122364044189453e-01
2.105618081986904144e-02
-2.286626696586608887e-01
8.906204998493194580e-02
2.937073409557342529e-01
1.866770833730697632e-01
1.832940876483917236e-01
2.602598667144775391e-01
3.330155462026596069e-02
-4.285498261451721191e-01
-8.950030207633972168e-01
-1.203827738761901855e+00
-1.118606686592102051e+00
-9.003086090087890625e-01
-3.812001943588256836e-01
3.352040424942970276e-02
2.656822800636291504e-01
-1.893751323223114014e-01
-3.396932184696197510e-01
-4.513974189758300781e-01
-3.632740378379821777e-01
-3.130387663841247559e-01
-1.010879278182983398e-01
-7.847855985164642334e-02
-1.362792849540710449e-01
7.120101898908615112e-02
3.443949222564697266e-01
2.241256088018417358e-01
2.137215249240398407e-02
-1.198130995035171509e-01
-2.016947865486145020e-01
1.427165567874908447e-01
2.505544722080230713e-01
2.425903230905532837e-01
1.467205882072448730e-01
-3.609762340784072876e-02
-3.042608797550201416e-01
-7.799236774444580078e-01
-9.678682088851928711e-01
-1.173325061798095703e+00
-1.441870808601379395e+00
-1.087989687919616699e+00
-2.747640311717987061e-01
-7.969179749488830566e-02
-1.343804001808166504e-01
-2.782426774501800537e-01
-4.307959675788879395e-01
-5.739656090736389160e-01
-3.725627064704895020e-01
-4.090561568737030029e-01
-2.170844376087188721e-01
-2.041849792003631592e-01
2.219054102897644043e-02
3.901077210903167725e-01
2.251682877540588379e-01
-4.294416308403015137e-02
-1.672754585742950439e-01
-1.476287692785263062e-01
-5.862091109156608582e-02
1.299295425415039062e-01
3.056450784206390381e-01
1.878487914800643921e-01
4.831443354487419128e-02
-2.948132455348968506e-01
-7.199309468269348145e-01
-8.888691663742065430e-01
-8.644272685050964355e-01
-1.000193476676940918e+00
-1.039081215858459473e+00
-7.669678330421447754e-01
-4.179775416851043701e-01
-2.877075970172882080e-02
-1.069016158580780029e-01
-1.391744613647460938e-01
-5.994805097579956055e-01
-4.280889034271240234e-01
-4.889070391654968262e-01
-6.187409758567810059e-01
-4.058854281902313232e-01
-4.392331838607788086e-01
1.341858804225921631e-01
3.778036534786224365e-01
1.702850610017776489e-01
-6.201581284403800964e-02
-9.530372172594070435e-02
9.435370564460754395e-02
-2.757622674107551575e-02
1.962900161743164062e-01
3.226632475852966309e-01
2.971818447113037109e-01
7.004954665899276733e-02
-2.396698147058486938e-01
-6.040719151496887207e-01
-7.944203019142150879e-01
-9.242444038391113281e-01
-1.151092648506164551e+00
-6.534755229949951172e-01
-3.875425159931182861e-01
-5.406957864761352539e-01
-1.145693585276603699e-01
-3.510225117206573486e-01
-1.847206056118011475e-02
-1.700356304645538330e-01
-4.373264908790588379e-01
-1.651840209960937500e-01
-4.426215887069702148e-01
-5.660724043846130371e-01
-5.164694786071777344e-01
-1.519968509674072266e-01
3.620623797178268433e-02
6.573504209518432617e-02
-1.729435920715332031e-01
-1.217663735151290894e-01
2.694353759288787842e-01
3.100108206272125244e-01
2.554386258125305176e-01
2.720247507095336914e-01
2.409695237874984741e-01
1.821277886629104614e-01
-2.356924265623092651e-01
-3.977937400341033936e-01
-7.319679260253906250e-01
-9.531501531600952148e-01
-8.230591416358947754e-01
-7.189177870750427246e-01
-1.335737109184265137e-01
-2.243821769952774048e-01
-1.681681871414184570e-01
-5.114895105361938477e-02
2.366957627236843109e-02
-1.110103502869606018e-01
-8.309371769428253174e-02
-2.862513363361358643e-01
-6.020299792289733887e-01
-5.896213054656982422e-01
-4.749915003776550293e-01
-2.257143557071685791e-01
-6.302103400230407715e-02
-6.205815449357032776e-02
-9.837704151868820190e-02
5.761130526661872864e-02
2.552756369113922119e-01
3.537862300872802734e-01
2.592621147632598877e-01
2.257181257009506226e-01
2.373691052198410034e-01
2.169376909732818604e-01
1.883501186966896057e-02
-4.188100099563598633e-01
-7.039514183998107910e-01
-7.417994141578674316e-01
-6.077171564102172852e-01
-5.169068574905395508e-01
-1.822188496589660645e-01
-3.229165673255920410e-01
-4.025432169437408447e-01
-2.128343731164932251e-01
-4.912328720092773438e-02
-1.684706062078475952e-01
-1.340041756629943848e-01
-8.513317108154296875e-01
-9.200629591941833496e-01
-5.347110033035278320e-01
-1.607970595359802246e-01
1.243601180613040924e-02
2.316354960203170776e-02
2.251748740673065186e-02
9.534275531768798828e-02
3.784672617912292480e-01
4.443759322166442871e-01
6.585411429405212402e-01
6.883111596107482910e-01
5.081092715263366699e-01
2.649146020412445068e-01
6.798855215311050415e-02
1.407863944768905640e-01
-4.642622917890548706e-02
-3.551188707351684570e-01
-2.655045688152313232e-01
-2.851635515689849854e-01
-4.150070250034332275e-01
-3.629979491233825684e-01
-1.460005939006805420e-01
-1.384842544794082642e-01
-1.404819786548614502e-01
-4.310422111302614212e-03
-7.224493473768234253e-02
-6.886050850152969360e-02
-8.822888135910034180e-01
-7.324581742286682129e-01
-2.133806347846984863e-01
6.354250013828277588e-02
1.737422645092010498e-01
-7.598769664764404297e-02
4.388662800192832947e-02
2.929598391056060791e-01
5.154051184654235840e-01
6.830707192420959473e-01
7.347718477249145508e-01
7.007979154586791992e-01
3.535193204879760742e-01
3.088347017765045166e-01
1.003276035189628601e-01
9.049321711063385010e-02
2.336190193891525269e-01
1.155391708016395569e-01
5.270732101052999496e-03
-1.306953132152557373e-01
-3.797617554664611816e-01
-4.704005420207977295e-01
-2.855561375617980957e-01
-2.009332627058029175e-01
-3.488689959049224854e-01
-1.077007688581943512e-02
-8.590567857027053833e-03
-1.337326765060424805e-01
-8.345579504966735840e-01
-5.327613353729248047e-01
-2.778321318328380585e-02
6.786839105188846588e-03
-2.587091028690338135e-01
-2.525571882724761963e-01
-6.284331530332565308e-02
5.425443872809410095e-03
-9.579124301671981812e-02
1.626860797405242920e-01
2.298249751329421997e-01
2.489977329969406128e-01
2.789169847965240479e-01
3.423855006694793701e-01
2.116994410753250122e-01
1.138866171240806580e-01
2.842647135257720947e-01
1.659268736839294434e-01
-5.674794316291809082e-02
-1.766852140426635742e-01
-3.736859560012817383e-01
-5.410317778587341309e-01
-6.660374999046325684e-01
-4.950907230377197266e-01
-3.525835871696472168e-01
1.217309851199388504e-02
-3.874299228191375732e-01
-3.204713165760040283e-01
-9.762857556343078613e-01
-4.998685419559478760e-01
-1.935630887746810913e-01
-1.769730448722839355e-01
-3.527770042419433594e-01
-3.031207323074340820e-01
-1.500946283340454102e-01
-1.792459040880203247e-01
-2.788406014442443848e-01
-2.973767220973968506e-01
-1.795532107353210449e-01
8.576509356498718262e-02
3.318016231060028076e-01
3.397861421108245850e-01
2.560034692287445068e-01
3.172790110111236572e-01
3.046278655529022217e-01
2.112105488777160645e-01
-1.875933855772018433e-01
-3.512733876705169678e-01
-6.019695401191711426e-01
-7.351295948028564453e-01
-1.034542441368103027e+00
-5.120690166950225830e-02
-3.512170314788818359e-01
-5.165621638298034668e-02
-2.335233539342880249e-01
-5.540478825569152832e-01
-6.648214459419250488e-01
-6.384581327438354492e-01
-4.671666622161865234e-01
-1.743647158145904541e-01
-2.519394755363464355e-01
-1.914434134960174561e-01
3.173382580280303955e-02
1.624549925327301025e-01
-6.784652173519134521e-02
-2.339755445718765259e-01
-9.555022418498992920e-02
1.531994938850402832e-01
3.283389508724212646e-01
3.418930172920227051e-01
4.246633648872375488e-01
2.724351882934570312e-01
2.415156811475753784e-01
3.321082796901464462e-03
-3.397589623928070068e-01
-5.198186039924621582e-01
-9.430527091026306152e-01
-7.226832509040832520e-01
-4.981822371482849121e-01
-1.260447949171066284e-01
-3.516835272312164307e-01
2.535676062107086182e-01
-1.664237082004547119e-01
-4.357803463935852051e-01
-7.712769508361816406e-01
-7.210726141929626465e-01
-2.932019531726837158e-01
1.087948307394981384e-01
1.304048299789428711e-01
-9.655337035655975342e-02
-6.062143947929143906e-03
9.036437608301639557e-03
-2.032300084829330444e-01
-1.088837906718254089e-01
1.067908201366662979e-02
3.246394395828247070e-01
3.275823295116424561e-01
2.737846076488494873e-01
3.697252869606018066e-01
1.895070523023605347e-01
1.089529022574424744e-01
-1.456993073225021362e-01
-5.367067456245422363e-01
-4.832215011119842529e-01
-8.240000009536743164e-01
-4.417538642883300781e-01
-3.536021113395690918e-01
-3.507749140262603760e-01
-3.505409657955169678e-01
2.223764061927795410e-01
3.091486915946006775e-02
-3.831553459167480469e-01
-1.014516830444335938e+00
-9.366433024406433105e-01
-4.412457942962646484e-01
5.804113671183586121e-02
3.420311808586120605e-01
2.000582963228225708e-01
8.856002241373062134e-02
-1.797206513583660126e-02
-7.770820707082748413e-02
2.173582464456558228e-01
3.297516703605651855e-01
4.181375205516815186e-01
4.526419341564178467e-01
3.788217902183532715e-01
1.413579434156417847e-01
4.565194621682167053e-02
1.707299649715423584e-01
-1.197478249669075012e-01
-4.138874411582946777e-01
-5.756257772445678711e-01
-4.792608022689819336e-01
-1.513852626085281372e-01
6.373358517885208130e-02
-3.573482036590576172e-01
-3.475618958473205566e-01
-2.478915452957153320e-01
-1.986193805932998657e-01
-3.810778856277465820e-01
-8.218904733657836914e-01
-9.086040854454040527e-01
-6.752281785011291504e-01
-4.179388880729675293e-01
-9.402054361999034882e-03
2.019025981426239014e-01
3.406250178813934326e-01
1.051208078861236572e-01
2.017640024423599243e-01
1.977898180484771729e-01
2.678820192813873291e-01
3.351750373840332031e-01
3.168613910675048828e-01
2.534864703193306923e-03
-7.043959945440292358e-02
-1.662386506795883179e-01
3.799960948526859283e-03
-2.929592877626419067e-02
-2.085094451904296875e-01
-1.529853194952011108e-01
1.212536171078681946e-02
-5.866537243127822876e-02
2.162728756666183472e-01
-3.510858714580535889e-01
-3.521260321140289307e-01
-4.618567228317260742e-02
-1.973197460174560547e-01
-3.753010332584381104e-01
-5.238400101661682129e-01
-9.374927282333374023e-01
-9.642563462257385254e-01
-7.584891915321350098e-01
-4.316329061985015869e-01
-1.976720392704010010e-01
3.461183235049247742e-02
-1.175193563103675842e-01
7.820400409400463104e-03
-4.896225407719612122e-02
-1.509596705436706543e-01
-1.504093706607818604e-01
-1.625964343547821045e-01
-2.969372272491455078e-01
-6.276898980140686035e-01
-8.519561290740966797e-01
-5.134015679359436035e-01
-1.662869900465011597e-01
-1.775102503597736359e-02
5.142143741250038147e-02
-1.371843218803405762e-01
-5.825383961200714111e-02
2.551144920289516449e-02
-3.426584303379058838e-01
-3.568865358829498291e-01
-3.483929932117462158e-01
6.972318887710571289e-02
1.970962285995483398e-01
-3.230935335159301758e-01
-6.876550912857055664e-01
-7.489084601402282715e-01
-8.747349977493286133e-01
-8.764070272445678711e-01
-7.054132819175720215e-01
-3.639594614505767822e-01
-3.401690423488616943e-01
-2.755459547042846680e-01
-5.313424468040466309e-01
-6.309697031974792480e-01
-5.695335268974304199e-01
-8.104432821273803711e-01
-1.013313293457031250e+00
-1.538009047508239746e+00
-1.098543286323547363e+00
-8.052574396133422852e-01
-4.319784939289093018e-01
-3.654497265815734863e-01
-5.827496647834777832e-01
-4.010529816150665283e-01
2.329536527395248413e-02
-3.114831633865833282e-02
-3.562727868556976318e-01
-3.442371189594268799e-01
-3.519268035888671875e-01
-1.860278248786926270e-01
1.150219002738595009e-03
-1.709798574447631836e-01
-4.599851071834564209e-01
-3.958722352981567383e-01
-6.148992776870727539e-01
-9.718100428581237793e-01
-9.073147177696228027e-01
-9.193862676620483398e-01
-9.619597196578979492e-01
-8.144976496696472168e-01
-1.164188861846923828e+00
-1.216348409652709961e+00
-1.128455281257629395e+00
-1.093140959739685059e+00
-1.375565290451049805e+00
-1.407740831375122070e+00
-1.048920273780822754e+00
-9.058039188385009766e-01
-8.243464827537536621e-01
-6.225300431251525879e-01
-4.111867845058441162e-01
-1.659492254257202148e-01
-1.968462020158767700e-02
-2.614857803564518690e-04
-3.524400293827056885e-01
-3.636126518249511719e-01
-3.504236042499542236e-01
-3.507745563983917236e-01
-1.365110576152801514e-01
-2.317827194929122925e-01
-2.554489374160766602e-01
-3.338952064514160156e-01
-6.584568619728088379e-01
-7.694591283798217773e-01
-8.299729824066162109e-01
-1.058213591575622559e+00
-5.976598262786865234e-01
-5.389716029167175293e-01
-7.895397543907165527e-01
-8.410220146179199219e-01
-8.499377965927124023e-01
-7.743613123893737793e-01
-1.071190595626831055e+00
-1.094820380210876465e+00
-9.244600534439086914e-01
-6.154599785804748535e-01
-6.910059452056884766e-01
-3.625496029853820801e-01
-1.421476006507873535e-01
-3.324643373489379883e-01
-3.428807258605957031e-01
-3.507000207901000977e-01
-3.456414937973022461e-01
-3.562808930873870850e-01
-3.856659531593322754e-01
-3.467753231525421143e-01
-3.527825474739074707e-01
-3.071442842483520508e-01
-1.131184622645378113e-01
-4.959518015384674072e-01
-5.664542317390441895e-01
-5.264444351196289062e-01
-5.340881943702697754e-01
-5.505748987197875977e-01
-5.812163352966308594e-01
-8.969507217407226562e-01
-1.003566026687622070e+00
-6.002466082572937012e-01
-5.966795086860656738e-01
-5.683105587959289551e-01
-8.685437440872192383e-01
-4.443411529064178467e-01
-3.841086328029632568e-01
-3.048077225685119629e-01
-2.700701653957366943e-01
-3.373287320137023926e-01
-1.930893808603286743e-01
-3.515406250953674316e-01
-3.473521471023559570e-01
-3.517469167709350586e-01
-3.383396863937377930e-01
