3.259597420692443848e-01
-7.495007663965225220e-02
-2.771857380867004395e-01
6.285772323608398438e-01
-2.735084295272827148e-01
4.629822373390197754e-01
-7.090666890144348145e-02
5.613665580749511719e-01
3.085506856441497803e-01
5.153739079833030701e-02
-1.145957559347152710e-01
3.327206373214721680e-01
1.141459494829177856e-01
3.969872891902923584e-01
1.959236562252044678e-01
-1.256029307842254639e-02
9.158796817064285278e-02
-1.391980499029159546e-01
-6.981289386749267578e-02
-1.152434013783931732e-02
-2.267823815345764160e-01
2.455941438674926758e-01
-2.861753664910793304e-02
2.798370420932769775e-01
3.820665180683135986e-01
-5.774213001132011414e-02
5.588350892066955566e-01
-2.689292281866073608e-02
-7.972757518291473389e-02
-9.185964614152908325e-02
-9.981223940849304199e-02
-1.352796144783496857e-02
-1.807962357997894287e-01
3.434761986136436462e-02
-1.324323713779449463e-01
5.322171449661254883e-01
4.431548714637756348e-01
-5.006219446659088135e-02
-6.862451881170272827e-02
-2.188287489116191864e-02
-2.289531677961349487e-01
-2.234956249594688416e-02
-2.937741391360759735e-02
-1.743030920624732971e-02
3.086540848016738892e-02
5.103253722190856934e-01
-2.491188608109951019e-02
-6.925433874130249023e-02
4.667970538139343262e-01
3.483081161975860596e-01
-3.464556932449340820e-01
-5.027379840612411499e-02
7.249720096588134766e-01
-9.836629033088684082e-01
3.123631477355957031e-01
-3.841851279139518738e-02
-1.769484207034111023e-02
1.511981636285781860e-01
1.428333222866058350e-01
1.819031238555908203e-01
-1.237210631370544434e-01
7.650176286697387695e-01
-6.783896088600158691e-01
8.358040452003479004e-01
-4.339314065873622894e-03
7.240301966667175293e-01
4.891119897365570068e-01
1.071603447198867798e-01
2.361558079719543457e-01
6.322599649429321289e-01
-2.605925202369689941e-01
-1.708378493785858154e-01
1.021813273429870605e+00
-4.213936924934387207e-01
-1.278909891843795776e-01
6.549267768859863281e-01
4.545839969068765640e-03
-2.845617756247520447e-02
-4.437474161386489868e-02
-6.598230451345443726e-02
-4.624999687075614929e-02
-7.431205362081527710e-02
-1.052237525582313538e-01
-5.656567960977554321e-02
3.900792896747589111e-01
3.413185104727745056e-02
9.642167389392852783e-02
5.218300819396972656e-01
6.469851136207580566e-01
-9.884189814329147339e-02
5.648636817932128906e-02
-6.583581119775772095e-02
-2.172835916280746460e-02
3.867787122726440430e-01
3.080872893333435059e-01
-5.137875080108642578e-01
7.132349014282226562e-01
5.367894768714904785e-01
-3.143703937530517578e-01
-2.398349158465862274e-02
4.007176160812377930e-01
1.785977631807327271e-01
-1.366409212350845337e-01
-6.437914073467254639e-02
-4.661682248115539551e-02
-4.943856224417686462e-02
-1.284222397953271866e-02
1.274133622646331787e-01
5.500645637512207031e-01
-9.208182245492935181e-02
2.991335093975067139e-01
-1.332125626504421234e-02
-1.654655933380126953e-01
-1.499051600694656372e-02
8.407296538352966309e-01
-2.163049019873142242e-02
-3.089190125465393066e-01
4.652626514434814453e-01
-1.367990076541900635e-01
1.608187556266784668e-01
-1.690920628607273102e-02
8.604572415351867676e-01
8.472602367401123047e-01
6.569449305534362793e-01
-9.327046573162078857e-02
-7.574789971113204956e-02
1.645450294017791748e-01
-3.001285903155803680e-02
-2.123953849077224731e-01
-6.103849783539772034e-02
-8.356198072433471680e-01
3.221628665924072266e-01
-4.551162421703338623e-01
3.794913589954376221e-01
-3.651600480079650879e-01
1.206365004181861877e-01
7.808816432952880859e-01
-7.623509317636489868e-02
-6.886591911315917969e-01
-2.692512795329093933e-02
3.659071922302246094e-01
3.857668936252593994e-01
1.980654448270797729e-01
-1.074988991022109985e-01
-1.487430371344089508e-02
5.142067372798919678e-02
-3.476662561297416687e-02
6.698002815246582031e-01
2.571053206920623779e-01
1.616052687168121338e-01
-6.987653672695159912e-02
-3.142019361257553101e-02
9.629385895095765591e-04
-5.449144244194030762e-01
-1.264121197164058685e-02
-2.855901792645454407e-02
-5.845314860343933105e-01
-1.057994067668914795e-01
-2.858139276504516602e-01
-2.362726663704961538e-04
-9.823849797248840332e-02
-7.460661977529525757e-02
-4.530766010284423828e-01
3.455936014652252197e-01
5.667102336883544922e-01
-8.063407242298126221e-02
2.444574385881423950e-01
-4.769634008407592773e-01
-1.066213026642799377e-01
4.617392122745513916e-01
4.148314893245697021e-01
3.954691439867019653e-02
-9.141556173563003540e-02
2.662305831909179688e-01
-1.810252107679843903e-02
1.434733420610427856e-01
6.316422224044799805e-01
-4.958304390311241150e-02
9.980907663702964783e-03
-7.511994242668151855e-02
2.662519216537475586e-01
-3.836416080594062805e-02
-3.934573382139205933e-02
4.843060970306396484e-01
-2.294906415045261383e-02
-9.282561391592025757e-02
-1.133333370089530945e-01
-2.189944684505462646e-01
-1.022069528698921204e-01
6.802535057067871094e-01
5.195662975311279297e-01
-5.274183303117752075e-02
-1.214320808649063110e-01
-1.019541546702384949e-01
3.464852273464202881e-01
-7.031439244747161865e-02
7.072603702545166016e-02
8.762311190366744995e-02
-4.866043850779533386e-02
-1.089155450463294983e-01
-1.230655796825885773e-02
-1.617231220006942749e-01
-8.406553417444229126e-02
6.118164397776126862e-03
-2.288399077951908112e-02
2.132651358842849731e-01
4.548339843750000000e-01
-1.423912309110164642e-02
-5.551800131797790527e-02
-1.706778258085250854e-02
9.676018357276916504e-01
3.117495775222778320e-01
4.738625288009643555e-01
3.520827591419219971e-01
5.223543047904968262e-01
-5.754932761192321777e-01
-7.378177344799041748e-02
-3.204927965998649597e-02
2.473404556512832642e-01
-6.489165127277374268e-02
-7.479099184274673462e-02
4.716573357582092285e-01
1.258846640586853027e+00
-1.412566658109426498e-02
-5.057063326239585876e-02
8.096637576818466187e-02
-2.200491428375244141e-01
3.839989900588989258e-01
-5.152915790677070618e-02
4.387626349925994873e-01
1.603829860687255859e-01
9.944580495357513428e-02
-3.043610453605651855e-01
5.024124383926391602e-01
2.079008370637893677e-01
4.946230947971343994e-01
-7.525154203176498413e-02
-5.151622742414474487e-02
4.386330395936965942e-02
-6.539958715438842773e-02
5.346612334251403809e-01
9.632872417569160461e-03
1.999617181718349457e-02
-2.396871708333492279e-02
-1.156065315008163452e-01
5.423153042793273926e-01
4.736901521682739258e-01
-3.950558602809906006e-01
-1.614021509885787964e-02
2.326529771089553833e-01
-8.093317598104476929e-02
1.759870946407318115e-01
-4.551281780004501343e-02
-1.214615926146507263e-01
5.720223486423492432e-02
-6.057214736938476562e-01
2.958898991346359253e-02
-7.521130889654159546e-02
-2.475219778716564178e-02
2.919250726699829102e-02
-6.989809870719909668e-02
-3.573525249958038330e-01
1.089863330125808716e-01
3.934645652770996094e-01
-3.841332346200942993e-02
-1.064738035202026367e+00
-1.286851465702056885e-01
-1.740051209926605225e-01
4.350558221340179443e-01
-1.107758358120918274e-01
-5.076894164085388184e-02
2.420007586479187012e-01
-2.390334941446781158e-02
-6.046722084283828735e-02
8.529065847396850586e-01
-1.303730718791484833e-02
-2.499736659228801727e-02
3.393520712852478027e-01
-1.115811392664909363e-01
8.016067743301391602e-01
1.454846374690532684e-02
-7.186146080493927002e-02
-7.876277714967727661e-02
-1.421638950705528259e-02
-7.323931902647018433e-03
-3.741664439439773560e-02
3.540379703044891357e-01
-1.725202798843383789e-02
-2.501774020493030548e-02
-5.638855695724487305e-02
4.114871323108673096e-01
1.264504492282867432e-01
-3.899246156215667725e-01
-7.610329240560531616e-02
-6.007828116416931152e-01
-3.151558935642242432e-01
3.563245236873626709e-01
6.475014686584472656e-01
2.114762961864471436e-01
-1.882147043943405151e-02
-6.994760036468505859e-02
2.552920877933502197e-01
3.211961984634399414e-01
7.743971347808837891e-01
-4.149818792939186096e-02
7.837941050529479980e-01
-2.767461724579334259e-02
-2.408262789249420166e-01
-1.588352955877780914e-02
-5.805971100926399231e-02
-3.957015275955200195e-02
-9.596447646617889404e-02
3.034527003765106201e-01
-2.186821997165679932e-01
4.597213864326477051e-01
-7.494455575942993164e-02
-9.246114641427993774e-02
7.518550846725702286e-03
-1.001355722546577454e-01
3.031395748257637024e-02
4.201936423778533936e-01
-5.758783593773841858e-02
-1.108247488737106323e-01
-7.403322309255599976e-02
-2.312211841344833374e-01
-1.637739241123199463e-01
6.728959083557128906e-02
-6.180302426218986511e-02
-4.393761232495307922e-02
2.185216546058654785e-01
7.415320873260498047e-01
-6.680478155612945557e-02
-5.053595304489135742e-01
4.096780121326446533e-01
6.583705544471740723e-01
2.947182059288024902e-01
-1.819460652768611908e-02
7.527937889099121094e-01
1.359293758869171143e-01
3.160300552845001221e-01
-4.926274716854095459e-02
-1.474207639694213867e-02
1.717999763786792755e-02
-7.142078131437301636e-02
3.612229526042938232e-01
-1.369595676660537720e-01
-1.112418025732040405e-01
2.251425832509994507e-01
6.777625996619462967e-03
1.944445669651031494e-01
4.263294637203216553e-01
5.314034223556518555e-01
-5.382855236530303955e-02
-4.772185087203979492e-01
-4.215118661522865295e-02
-9.597671777009963989e-02
4.496977925300598145e-01
-2.065754495561122894e-02
1.498490869998931885e-01
2.069734185934066772e-01
-2.357458919286727905e-01
3.158218860626220703e-01
3.953121006488800049e-01
4.184986650943756104e-01
-1.228422578424215317e-02
1.674516946077346802e-01
-3.269104659557342529e-02
-7.963044941425323486e-02
-5.531642958521842957e-02
-2.078267931938171387e-01
-1.911311894655227661e-01
5.658795237541198730e-01
-2.910220921039581299e-01
9.247854351997375488e-02
5.950071811676025391e-01
3.228259682655334473e-01
-1.010275781154632568e-01
-9.746781736612319946e-02
4.303314387798309326e-01
-6.770045310258865356e-02
7.518981099128723145e-01
6.085579991340637207e-01
5.630669593811035156e-01
-5.294867157936096191e-01
-2.994019687175750732e-01
-9.615982323884963989e-02
-2.937649004161357880e-02
-6.238541379570960999e-02
-3.306965157389640808e-02
1.285561025142669678e-01
-1.240184716880321503e-02
-3.194804117083549500e-02
-5.709558725357055664e-01
2.089101970195770264e-01
-2.732641398906707764e-01
-1.044769138097763062e-01
-7.758793234825134277e-02
1.091474175453186035e+00
1.080635469406843185e-02
5.429155230522155762e-01
7.140203714370727539e-01
-4.278886914253234863e-01
6.159121394157409668e-01
-6.818023324012756348e-02
3.583929836750030518e-01
1.029307097196578979e-01
-7.494868040084838867e-01
-7.157454639673233032e-02
5.028793811798095703e-01
2.838394939899444580e-01
-8.833062648773193359e-02
-4.468276724219322205e-02
3.058585822582244873e-01
1.888947784900665283e-01
-6.601586192846298218e-02
1.747300382703542709e-03
-1.231367886066436768e-01
-1.074268147349357605e-01
8.435954898595809937e-02
1.559145599603652954e-01
3.337167501449584961e-01
2.968854270875453949e-02
-6.283726543188095093e-02
-6.322692036628723145e-01
1.803756952285766602e-01
-3.033976070582866669e-02
1.645470857620239258e-01
-2.345539443194866180e-02
-4.115931391716003418e-01
-1.271759066730737686e-02
1.613445729017257690e-01
7.056965827941894531e-01
-2.744991481304168701e-01
-8.084618449211120605e-01
-2.568695247173309326e-01
-7.339132577180862427e-02
-5.148373171687126160e-02
-5.405247583985328674e-02
-5.119223892688751221e-02
1.124108731746673584e-01
-6.355308741331100464e-02
5.661407019942998886e-03
-1.869697719812393188e-01
2.781591117382049561e-01
-1.008299291133880615e-01
4.321420788764953613e-01
-6.080013141036033630e-02
-1.446836814284324646e-02
1.251763701438903809e-01
-1.339827850461006165e-02
-1.544126309454441071e-02
2.524593174457550049e-01
7.255493402481079102e-01
-2.191662043333053589e-02
-1.121749505400657654e-01
-1.157413721084594727e-01
-4.329492151737213135e-02
-8.059168606996536255e-02
-9.082098305225372314e-02
2.213768661022186279e-01
2.202254682779312134e-01
-6.238560751080513000e-02
-2.722412906587123871e-02
-1.015859097242355347e-01
-1.275328099727630615e-01
-1.573024131357669830e-02
-1.794693991541862488e-02
-2.366730570793151855e-01
1.740447878837585449e-01
2.295334637165069580e-01
1.953009963035583496e-01
1.659319736063480377e-02
4.274763464927673340e-01
-1.104530990123748779e-01
-1.508590299636125565e-02
3.908784687519073486e-01
9.866552799940109253e-02
4.757388234138488770e-01
3.635627329349517822e-01
-5.202598497271537781e-02
-1.837107986211776733e-01
7.405769824981689453e-02
5.595140457153320312e-01
-6.813813745975494385e-02
-1.197715662419795990e-02
3.252518177032470703e-01
-3.101390004158020020e-01
9.135766886174678802e-03
-9.720616787672042847e-02
-4.070326685905456543e-02
4.789697229862213135e-01
-5.845380946993827820e-02
8.319327235221862793e-01
2.036003209650516510e-02
-7.837176322937011719e-02
4.774807393550872803e-01
-2.428618818521499634e-02
-2.880042977631092072e-02
7.242179661989212036e-02
-1.066427305340766907e-01
