-1.015789285302162170e-01
-4.476382583379745483e-02
5.520996451377868652e-01
-1.531901489943265915e-02
-2.246892545372247696e-03
3.519029915332794189e-01
-1.418943144381046295e-02
-1.237007007002830505e-01
-1.072322130203247070e-01
-5.902983248233795166e-02
-1.338446885347366333e-02
-1.169764325022697449e-01
-5.563354119658470154e-02
3.997859545052051544e-03
-6.245755590498447418e-03
-1.109198480844497681e-01
-8.490258455276489258e-02
-1.511227786540985107e-01
-1.462255511432886124e-02
-2.034916169941425323e-02
-6.256712973117828369e-02
-6.109772622585296631e-02
-1.324941068887710571e-01
-8.524498343467712402e-02
2.968480885028839111e-01
-1.402455568313598633e-02
-1.200008243322372437e-01
-7.319783419370651245e-02
-1.306452974677085876e-02
-4.734009504318237305e-02
-7.475144416093826294e-02
-9.040144830942153931e-02
4.062035381793975830e-01
1.711956709623336792e-01
3.741972148418426514e-01
1.984180361032485962e-01
-3.795657679438591003e-02
-3.626316785812377930e-02
-1.608658395707607269e-02
3.201453983783721924e-01
-4.544517397880554199e-02
-2.079560048878192902e-02
2.937760949134826660e-01
-8.595708757638931274e-02
2.149959206581115723e-01
-2.533048689365386963e-01
-6.388668715953826904e-02
-4.968977347016334534e-02
1.662107706069946289e-01
-2.000339701771736145e-02
-1.108239814639091492e-01
-2.726962417364120483e-02
-2.513004094362258911e-02
-7.350558042526245117e-02
1.729320585727691650e-01
-8.129499107599258423e-02
-8.401539176702499390e-02
-1.282161325216293335e-01
4.287244006991386414e-02
2.708661556243896484e-02
-6.082707270979881287e-02
-7.089618593454360962e-02
3.117858469486236572e-01
2.931832075119018555e-01
9.469747543334960938e-02
-8.225398510694503784e-02
-9.862094372510910034e-02
-1.220346838235855103e-01
1.160476207733154297e-01
-3.505018353462219238e-02
-4.450725018978118896e-02
1.287747472524642944e-01
-4.145810008049011230e-02
-2.185841836035251617e-02
-7.334433495998382568e-02
1.154460534453392029e-01
-4.344744607806205750e-02
3.570407032966613770e-01
1.522404551506042480e-01
-1.238200068473815918e-01
-1.968821734189987183e-01
-2.195901609957218170e-02
-6.160045042634010315e-02
5.390382409095764160e-01
-3.686894103884696960e-02
-6.411541253328323364e-02
-5.743316933512687683e-02
-8.552479743957519531e-02
-2.398445308208465576e-01
-1.398519873619079590e-01
-2.792035602033138275e-02
-6.000392511487007141e-02
1.939499825239181519e-01
-1.280085295438766479e-01
-1.863205619156360626e-02
-7.729320786893367767e-03
1.400644034147262573e-01
-3.627556562423706055e-02
1.141075864434242249e-01
-6.942027807235717773e-02
-9.382428601384162903e-03
-7.592810690402984619e-02
-5.744932591915130615e-02
-2.204022184014320374e-02
-7.588759809732437134e-02
-7.327316701412200928e-02
-1.699568331241607666e-02
-7.574158906936645508e-02
-1.709536649286746979e-02
-4.941222816705703735e-02
1.741931885480880737e-01
7.319365162402391434e-03
-1.181453540921211243e-01
-2.823838964104652405e-02
1.989285089075565338e-02
-4.823291301727294922e-02
-9.211782366037368774e-02
7.000797986984252930e-02
-6.289788521826267242e-03
1.332432311028242111e-02
1.317152380943298340e-01
-6.129977479577064514e-02
-5.790159478783607483e-02
2.258469909429550171e-01
-1.075018644332885742e-01
-1.515257805585861206e-01
3.756391108036041260e-01
2.711635529994964600e-01
-9.240842610597610474e-02
-1.760322004556655884e-01
-4.319075867533683777e-02
-1.701774820685386658e-02
1.647005528211593628e-01
-1.006136313080787659e-01
4.044668376445770264e-02
1.835217624902725220e-01
-1.050901710987091064e-01
-3.982164710760116577e-02
-2.652544714510440826e-02
-7.563240081071853638e-02
2.201229333877563477e-01
-6.885585188865661621e-02
-6.956609338521957397e-02
4.063126444816589355e-01
-4.615843668580055237e-02
-6.023907661437988281e-02
-1.093778982758522034e-01
-1.089130267500877380e-01
-8.226612955331802368e-02
8.873637020587921143e-02
8.480311930179595947e-02
-4.846871644258499146e-02
-2.035941183567047119e-01
-2.189187519252300262e-02
-7.402212917804718018e-02
1.534116268157958984e-02
-4.242049157619476318e-02
-1.033220440149307251e-02
-9.723594039678573608e-02
-8.976241201162338257e-02
-6.623729318380355835e-02
3.760883212089538574e-02
-7.094413042068481445e-02
-1.488517224788665771e-02
-8.324857056140899658e-02
-9.287828207015991211e-02
-1.460304856300354004e-01
-1.047395169734954834e-01
-1.304540932178497314e-01
1.971539407968521118e-01
-8.289111405611038208e-02
-9.388314932584762573e-02
7.103347033262252808e-02
-5.734928697347640991e-02
3.517094254493713379e-02
-2.118727937340736389e-02
-9.069095551967620850e-02
-5.104768276214599609e-02
-2.485825866460800171e-02
5.980898141860961914e-01
-8.960805088281631470e-02
1.043706610798835754e-01
1.970912963151931763e-01
-1.002425625920295715e-01
1.011794283986091614e-01
-8.820582181215286255e-02
4.158799722790718079e-02
-2.359087169170379639e-01
-1.574946194887161255e-02
-1.447310950607061386e-02
1.534841060638427734e-01
-1.549258083105087280e-02
-2.840271890163421631e-01
-1.419718377292156219e-02
-4.444890469312667847e-02
-9.024691581726074219e-02
-9.062986075878143311e-02
-1.810736209154129028e-02
-7.309556752443313599e-02
8.068732172250747681e-02
1.813143342733383179e-01
-2.698827981948852539e-01
-6.306395679712295532e-02
-7.570410519838333130e-02
-1.250040903687477112e-02
-3.649957776069641113e-01
2.470711320638656616e-01
-1.378181669861078262e-02
-7.683096826076507568e-02
-4.845823347568511963e-02
-2.998591065406799316e-01
-1.347092539072036743e-01
-7.610987126827239990e-02
-1.423856895416975021e-02
1.996759027242660522e-01
-6.846208125352859497e-02
-7.821419835090637207e-02
8.104062080383300781e-02
1.332166790962219238e-01
-1.237492412328720093e-01
-2.379424422979354858e-01
-1.514631509780883789e-01
-4.226158559322357178e-01
-3.692978620529174805e-02
-1.848904229700565338e-02
7.780669257044792175e-03
-1.129734441637992859e-01
3.995296657085418701e-01
-7.024151831865310669e-02
-4.871309921145439148e-02
-7.567988336086273193e-02
-9.705901145935058594e-02
-3.469948098063468933e-02
-5.132779479026794434e-02
-3.920824453234672546e-02
-9.131777286529541016e-02
-1.436434686183929443e-02
-2.174974605441093445e-02
3.453325852751731873e-02
-1.908057183027267456e-02
-7.322522997856140137e-02
-4.393687844276428223e-02
-1.481614634394645691e-02
-5.666109267622232437e-03
-1.970614865422248840e-02
-1.216302588582038879e-01
1.383505482226610184e-02
8.188205212354660034e-02
-1.215630322694778442e-01
1.673704832792282104e-01
-6.184472516179084778e-02
1.020883917808532715e-01
-1.446141451597213745e-01
-2.549020051956176758e-01
2.697011232376098633e-01
-1.059759035706520081e-02
-7.652045041322708130e-02
-1.441758126020431519e-01
-3.526790067553520203e-02
-1.533139124512672424e-02
3.901709318161010742e-01
-6.320605427026748657e-02
-1.388298571109771729e-01
-1.221789233386516571e-02
2.922394080087542534e-03
-6.004521623253822327e-02
-6.924307346343994141e-02
-5.294807255268096924e-02
-1.101728081703186035e-01
-3.585862368345260620e-02
-6.101654842495918274e-02
-1.339218765497207642e-01
-7.176966071128845215e-01
-1.644158549606800079e-02
4.489443823695182800e-02
-1.247672177851200104e-02
-1.843757629394531250e-01
-1.608463935554027557e-02
-2.518747560679912567e-02
-1.251621842384338379e-01
-9.783721715211868286e-02
-7.126614451408386230e-02
-1.243474483489990234e-01
2.625093460083007812e-01
-1.117997467517852783e-01
-1.013316586613655090e-01
-7.897105067968368530e-02
-8.426056802272796631e-02
-7.048813253641128540e-02
-1.656965613365173340e-01
1.423738300800323486e-01
-4.977506771683692932e-02
-7.574170082807540894e-02
5.426143854856491089e-02
8.768420666456222534e-02
-7.058236747980117798e-02
-9.157436341047286987e-02
-1.440348569303750992e-02
-2.101111784577369690e-02
-1.730027422308921814e-02
-2.452018260955810547e-01
-1.508072577416896820e-02
-6.865990906953811646e-02
-1.156925112009048462e-01
3.360398709774017334e-01
-9.541042149066925049e-02
-7.689657807350158691e-02
-5.927585810422897339e-02
-1.852893531322479248e-01
2.162273824214935303e-01
-1.248331274837255478e-02
-2.359049580991268158e-02
4.030148312449455261e-02
-2.503443136811256409e-02
-1.156991869211196899e-01
-2.093643508851528168e-02
1.793598830699920654e-01
1.158137898892164230e-02
-1.270147711038589478e-01
-7.293077558279037476e-02
-6.357934325933456421e-02
-1.099700927734375000e-01
2.333346903324127197e-01
-7.535747438669204712e-02
1.934676468372344971e-01
3.587363660335540771e-02
-1.184582114219665527e-01
-6.172589026391506195e-03
-2.584063820540904999e-02
-5.950877070426940918e-02
-3.096010684967041016e-01
-7.120262086391448975e-02
-1.664149016141891479e-02
-7.388505339622497559e-02
-3.403048962354660034e-02
-1.061735823750495911e-01
5.179328322410583496e-01
4.108897224068641663e-02
2.149242013692855835e-01
1.517937183380126953e-01
-8.778595179319381714e-02
-1.072756573557853699e-01
-1.225941777229309082e-01
7.451554760336875916e-03
-1.858173869550228119e-02
-6.780502200126647949e-02
-6.847462803125381470e-02
3.153832256793975830e-01
-6.917201727628707886e-02
4.134699106216430664e-01
5.099323391914367676e-02
2.770968377590179443e-01
-7.515745609998703003e-02
-3.201869782060384750e-03
1.538389362394809723e-02
-9.661802649497985840e-02
1.437194794416427612e-01
-1.218635961413383484e-01
-1.639635674655437469e-02
-6.276559084653854370e-02
2.358689159154891968e-01
-5.240650102496147156e-02
-7.254102826118469238e-02
1.199253425002098083e-01
1.779249161481857300e-01
-4.502857103943824768e-02
-2.863844931125640869e-01
-4.392994567751884460e-02
-1.060061231255531311e-01
4.601209759712219238e-01
-1.598889529705047607e-01
-3.315727114677429199e-01
-2.591158151626586914e-01
-2.242819406092166901e-02
-1.082593277096748352e-01
2.268889511469751596e-04
-8.912934362888336182e-02
-9.519237279891967773e-02
-3.488063067197799683e-02
-1.006252989172935486e-01
-5.749532207846641541e-02
8.086109161376953125e-02
-1.721048057079315186e-01
-1.409950852394104004e-02
-3.697801753878593445e-02
-1.173602864146232605e-01
1.051734238862991333e-01
6.073745340108871460e-02
-3.638947382569313049e-02
-1.338277012109756470e-01
6.268270779401063919e-03
-5.586525797843933105e-02
2.283852547407150269e-01
-1.648912020027637482e-02
-8.778589218854904175e-02
-8.231589943170547485e-02
1.074815690517425537e-01
7.716260370216332376e-06
3.752815769985318184e-03
3.199487924575805664e-01
5.973277240991592407e-02
-5.151221528649330139e-02
2.623052336275577545e-02
-8.820346742868423462e-02
-1.854054257273674011e-02
-1.172447353601455688e-01
-1.344876550137996674e-02
1.871729791164398193e-01
-3.496047109365463257e-02
-2.033236436545848846e-02
-8.236155658960342407e-02
5.174467340111732483e-03
-1.455314923077821732e-03
8.637844771146774292e-02
-2.037448436021804810e-02
2.256939262151718140e-01
-9.208568185567855835e-02
1.604701429605484009e-01
-9.883643686771392822e-02
6.292689591646194458e-03
3.611617982387542725e-01
-7.775758951902389526e-02
-1.695043146610260010e-01
1.400675028562545776e-01
-6.900726258754730225e-02
-1.670453511178493500e-02
-1.070714667439460754e-01
-9.181327372789382935e-02
3.831788003444671631e-01
-1.341549586504697800e-02
1.646227687597274780e-01
-5.577808246016502380e-02
-6.570184975862503052e-02
5.545772612094879150e-02
-8.592187613248825073e-02
2.844932675361633301e-02
-1.183570846915245056e-01
-6.151277199387550354e-02
-6.865429691970348358e-03
-5.573696270585060120e-02
-1.443391442298889160e-01
-6.084442138671875000e-02
5.894596874713897705e-02
2.870125472545623779e-01
-5.275911092758178711e-02
-8.495865762233734131e-02
-1.240946818143129349e-03
-9.218274056911468506e-02
-1.065543293952941895e-01
-2.109971642494201660e-02
-1.581661403179168701e-02
2.129022181034088135e-01
-2.781834639608860016e-02
-6.896822899580001831e-02
-1.346965879201889038e-01
-6.213689222931861877e-02
1.593052297830581665e-01
-5.170179158449172974e-02
3.749434947967529297e-01
-3.005186319351196289e-01
-4.983679950237274170e-02
-3.716836571693420410e-01
-1.714693009853363037e-02
2.473938018083572388e-01
-9.695000946521759033e-02
-3.935238718986511230e-02
-5.298396944999694824e-02
-1.019390001893043518e-01
-5.313483998179435730e-02
-1.667658388614654541e-01
-1.347410958260297775e-02
-5.249828100204467773e-01
-2.548290789127349854e-01
-7.528951764106750488e-02
-1.492254622280597687e-02
-4.645340442657470703e-01
-3.391924202442169189e-01
-2.403719276189804077e-01
-2.018494606018066406e-01
4.813601374626159668e-01
1.565508991479873657e-01
-1.510435342788696289e-02
-6.062459573149681091e-02
-8.794523775577545166e-02
1.612094230949878693e-02
-6.975468248128890991e-02
-5.612760409712791443e-02
-2.077153921127319336e-01
-7.245898991823196411e-02
-2.722297906875610352e-01
8.952041715383529663e-02
-1.864842884242534637e-02
-8.840434998273849487e-02
8.214615285396575928e-02
-1.374965347349643707e-02
-2.396767958998680115e-02
4.126362800598144531e-01
-7.333765923976898193e-02
-1.623987220227718353e-02
4.215043783187866211e-02
