-5.400463342666625977e-01
-5.433396100997924805e-01
-8.478130698204040527e-01
4.424627870321273804e-03
-8.431134819984436035e-01
-2.129402458667755127e-01
-3.636195957660675049e-01
-2.037803530693054199e-01
-4.268687367439270020e-01
-3.717873990535736084e-01
-3.092411458492279053e-01
-1.761113852262496948e-01
-6.658897995948791504e-01
-1.845713257789611816e-01
-8.298137187957763672e-01
-1.603443324565887451e-01
-6.764844059944152832e-01
-3.771498203277587891e-01
-1.861280053853988647e-01
-6.463639736175537109e-01
-3.623891472816467285e-01
-3.231048882007598877e-01
-2.133239805698394775e-01
-5.987036824226379395e-01
-4.611130654811859131e-01
-2.141181677579879761e-01
-2.655418217182159424e-01
-5.761628746986389160e-01
-8.121675252914428711e-01
-6.028654575347900391e-01
-1.709361225366592407e-01
-6.853446960449218750e-01
-3.053655624389648438e-01
1.384292840957641602e-01
-1.580942124128341675e-01
-4.163073301315307617e-01
-2.290348410606384277e-01
-1.638905853033065796e-01
-4.518135488033294678e-01
-7.892773747444152832e-01
-4.415611624717712402e-01
-5.462710261344909668e-01
-7.369536757469177246e-01
-3.813901841640472412e-01
4.724508896470069885e-02
-2.490994781255722046e-01
4.799503684043884277e-01
-6.435990929603576660e-01
-1.024660840630531311e-02
-5.559007078409194946e-02
-2.393642663955688477e-01
-2.124486416578292847e-01
-2.546390891075134277e-01
-4.435512423515319824e-01
-8.757665753364562988e-01
-2.103415876626968384e-01
-1.740299314260482788e-01
-3.171270191669464111e-01
-6.053329706192016602e-01
-2.785006761550903320e-01
-2.208504527807235718e-01
-5.700809359550476074e-01
-6.347302794456481934e-01
-3.397926092147827148e-01
-6.897404789924621582e-01
-5.155719518661499023e-01
-4.050018191337585449e-01
-3.315658271312713623e-01
-6.431666016578674316e-01
-1.091495513916015625e+00
-6.511425971984863281e-01
-9.108489751815795898e-01
-5.817517638206481934e-01
-8.262656927108764648e-01
-3.550903499126434326e-01
-7.249003648757934570e-01
-5.327290892601013184e-01
-2.128411978483200073e-01
-1.875375509262084961e-01
-4.774283170700073242e-01
-9.480676651000976562e-01
-1.244171336293220520e-01
-9.160826206207275391e-01
-5.939674377441406250e-01
-2.158620655536651611e-01
-2.436588406562805176e-01
-1.384764611721038818e-01
-1.198392882943153381e-01
-1.805082112550735474e-01
-2.331657856702804565e-01
-1.255373656749725342e-01
-1.470041275024414062e-01
-3.919770717620849609e-01
-3.159681856632232666e-01
-9.468087553977966309e-01
-6.820750236511230469e-01
-7.755349278450012207e-01
-3.315955102443695068e-01
-1.491986960172653198e-01
-6.191573292016983032e-02
-2.547594904899597168e-01
-5.038558840751647949e-01
-2.679279148578643799e-01
-4.866774380207061768e-01
-4.941370189189910889e-01
-3.455020487308502197e-01
-3.243990838527679443e-01
-3.588794469833374023e-01
-2.280049026012420654e-01
-7.262444496154785156e-01
-8.572797775268554688e-01
-2.245227396488189697e-01
-5.954071283340454102e-01
-6.462082266807556152e-01
-1.173100471496582031e+00
-3.004389405250549316e-01
-7.874252200126647949e-01
-9.855011850595474243e-02
-1.771517246961593628e-01
-1.791538000106811523e-01
-2.303299605846405029e-01
-5.009728670120239258e-01
-3.533847033977508545e-01
-9.751351475715637207e-01
-2.524535953998565674e-01
-4.798747897148132324e-01
-3.208983242511749268e-01
-2.245030701160430908e-01
-2.972861826419830322e-01
-2.857874631881713867e-01
-5.869555473327636719e-01
-1.109788060188293457e+00
-5.543100237846374512e-01
-2.667402029037475586e-01
-2.221530377864837646e-01
-5.887893438339233398e-01
-3.129473030567169189e-01
-8.911997675895690918e-01
-2.649681568145751953e-01
-3.715243041515350342e-01
-4.603812396526336670e-01
-7.823061347007751465e-01
-1.067317605018615723e+00
-1.283951997756958008e-01
-3.328456580638885498e-01
-2.313894033432006836e-01
-4.730262160301208496e-01
-6.186397075653076172e-01
-3.496940135955810547e-01
-2.032926231622695923e-01
-2.483254075050354004e-01
-2.172096818685531616e-01
-4.984026849269866943e-01
-2.320157736539840698e-01
-2.437771111726760864e-01
-3.524093925952911377e-01
-2.319260388612747192e-01
-3.247760534286499023e-01
-2.719030976295471191e-01
-2.340894788503646851e-01
-2.795211970806121826e-01
-1.411549896001815796e-01
-5.987820029258728027e-01
-1.807545870542526245e-01
-1.918312609195709229e-01
-6.302201151847839355e-01
-4.384255409240722656e-01
-4.287950694561004639e-01
-4.958353638648986816e-01
-3.241163492202758789e-01
-6.032155752182006836e-01
-2.810527980327606201e-01
-1.044454693794250488e+00
-2.637870423495769501e-02
-2.622755169868469238e-01
-3.337115943431854248e-01
-1.343255639076232910e-01
-2.029697597026824951e-01
-4.732070267200469971e-01
-2.970256209373474121e-01
-9.625699520111083984e-01
-4.840706586837768555e-01
-4.768952429294586182e-01
-6.748691201210021973e-01
-6.849290132522583008e-01
-5.546644330024719238e-01
-2.735465168952941895e-01
-1.419181674718856812e-01
-9.049350619316101074e-01
-4.993158280849456787e-01
-6.553645133972167969e-01
-8.012543320655822754e-01
-5.274248719215393066e-01
-2.230750173330307007e-01
-3.581994473934173584e-01
-1.091954410076141357e-01
-3.708415627479553223e-01
-2.981584966182708740e-01
-2.670851349830627441e-01
-9.351644515991210938e-01
-3.855918049812316895e-01
-1.420310735702514648e-01
-1.032320186495780945e-01
-2.353775352239608765e-01
-6.799349784851074219e-01
-2.327578216791152954e-01
-2.531290650367736816e-01
-1.001494050025939941e+00
-5.071122050285339355e-01
-5.709141492843627930e-01
-1.898670047521591187e-01
-4.499883949756622314e-01
-4.259351193904876709e-01
-1.197536569088697433e-02
-1.149147450923919678e-01
-1.833377778530120850e-02
6.218327954411506653e-02
-1.671822518110275269e-01
-2.447374314069747925e-01
-1.793799847364425659e-01
-1.465141028165817261e-01
-9.063510596752166748e-02
-2.696978747844696045e-01
-2.664793431758880615e-01
1.172595173120498657e-01
-5.317440032958984375e-01
-7.334277033805847168e-01
-3.175407350063323975e-01
-3.565641939640045166e-01
-2.857789099216461182e-01
-9.872160106897354126e-02
-9.442138671875000000e-01
-1.371854078024625778e-02
-6.151610016822814941e-01
-1.144016683101654053e-01
-3.588586151599884033e-01
-2.178409099578857422e-01
-2.450691312551498413e-01
-4.294710159301757812e-01
-5.231912061572074890e-02
-1.344949156045913696e-01
-1.533561348915100098e-01
-7.765669375658035278e-02
-1.760896444320678711e-01
-6.163616180419921875e-01
-6.064536571502685547e-01
-2.470924258232116699e-01
-5.802202224731445312e-01
-4.919752180576324463e-01
-3.002078831195831299e-01
-2.619122564792633057e-01
-1.198058873414993286e-01
-3.081642091274261475e-01
-2.496565878391265869e-01
-1.282414048910140991e-01
-3.520346879959106445e-01
-1.931863874197006226e-01
-5.312510132789611816e-01
-1.102184727787971497e-01
-2.777844667434692383e-01
-4.023658633232116699e-01
-9.884849190711975098e-01
-7.692415118217468262e-01
-2.690543830394744873e-01
-4.855732917785644531e-01
-6.810262799263000488e-01
-3.144184947013854980e-01
8.830873412080109119e-04
-5.008583068847656250e-01
-7.087952494621276855e-01
-6.547676324844360352e-01
-4.399073421955108643e-01
-1.238825693726539612e-01
-5.997715592384338379e-01
-4.018733501434326172e-01
-2.906414270401000977e-01
-2.951740324497222900e-01
-3.581219613552093506e-01
-1.769876480102539062e-01
-5.431808233261108398e-01
-1.474800705909729004e-01
-9.673243165016174316e-01
-2.465093731880187988e-01
-5.730650424957275391e-01
-8.193213492631912231e-02
-1.726856231689453125e-01
-1.685400009155273438e-01
-4.255665838718414307e-01
-4.890814125537872314e-01
-9.139256477355957031e-01
-5.682620406150817871e-01
-1.920530200004577637e-01
-8.683288097381591797e-02
-8.491737842559814453e-01
-1.589242368936538696e-01
-1.123814433813095093e-01
4.242684692144393921e-02
-2.432611286640167236e-01
-3.112728893756866455e-01
-6.942358613014221191e-01
-1.713987886905670166e-01
-2.988084554672241211e-01
-7.406178712844848633e-01
-5.420576333999633789e-01
-5.026321411132812500e-01
-3.108689188957214355e-01
-1.797259598970413208e-01
-3.591990172863006592e-01
-2.390707433223724365e-01
-9.208752512931823730e-01
-1.116132736206054688e+00
-1.146448731422424316e+00
-2.807345688343048096e-01
-8.764751553535461426e-01
-4.124506711959838867e-01
-7.675248980522155762e-01
-3.071096837520599365e-01
-3.603267073631286621e-01
-7.535459399223327637e-01
-4.434714913368225098e-01
-4.770347177982330322e-01
-8.511793017387390137e-01
-4.898408949375152588e-01
-3.167707026004791260e-01
-2.333209514617919922e-01
-3.723667562007904053e-01
-5.957583785057067871e-01
-8.347500562667846680e-01
-1.104782745242118835e-01
-7.404102683067321777e-01
-8.734582066535949707e-01
-5.312460064888000488e-01
-1.749676167964935303e-01
-2.938415408134460449e-01
-4.903849065303802490e-01
-7.102732658386230469e-01
-7.811644077301025391e-01
-1.014880418777465820e+00
-5.894014239311218262e-01
-1.771744340658187866e-01
-2.509349584579467773e-01
-3.796907067298889160e-01
-4.307286441326141357e-01
-1.826919019222259521e-01
-6.474319696426391602e-01
-1.260660588741302490e-01
-2.398093044757843018e-01
-6.661341786384582520e-01
-3.280274569988250732e-01
-2.021612673997879028e-01
-3.111400902271270752e-01
-1.994950026273727417e-01
-2.874333560466766357e-01
-7.020781636238098145e-01
-8.699015378952026367e-01
-2.196122854948043823e-01
-1.726190000772476196e-01
-7.342375814914703369e-02
-7.540439963340759277e-01
-5.200384855270385742e-01
-2.031169682741165161e-01
-4.474066197872161865e-02
-4.424795210361480713e-01
-3.471948802471160889e-01
-7.896156907081604004e-01
-8.783139586448669434e-01
-6.839871406555175781e-01
-3.961520195007324219e-01
-6.141630411148071289e-01
-6.871886849403381348e-01
-2.476454377174377441e-01
-2.111179381608963013e-01
-2.357233464717864990e-01
-2.610394963994622231e-03
-1.822936981916427612e-01
-6.937705874443054199e-01
-6.577084660530090332e-01
-1.570843011140823364e-01
-4.324181675910949707e-01
-6.014634370803833008e-01
-3.129850029945373535e-01
-1.188964009284973145e+00
-1.893867403268814087e-01
-2.786969542503356934e-01
-7.257116585969924927e-02
-2.173092663288116455e-01
-1.623821258544921875e-01
-6.963239908218383789e-01
2.963041886687278748e-02
-7.179508805274963379e-01
-1.376993954181671143e-01
-2.743751704692840576e-01
-2.603023648262023926e-01
-2.125047296285629272e-01
-1.887554973363876343e-01
-1.167100891470909119e-01
-1.844364106655120850e-01
-1.351920515298843384e-01
-1.690831035375595093e-01
-3.029164373874664307e-01
-1.099117159843444824e+00
-1.723665446043014526e-01
-6.517316102981567383e-01
-1.177891969680786133e+00
-3.383837342262268066e-01
7.922074757516384125e-03
-2.597824037075042725e-01
-6.776951551437377930e-01
-3.946785330772399902e-01
-3.521629050374031067e-02
-4.532049298286437988e-01
-1.787321716547012329e-01
-1.166734546422958374e-01
-3.986297249794006348e-01
-4.950612485408782959e-01
-1.034948304295539856e-01
-1.530766040086746216e-01
-8.040892481803894043e-01
-7.456242442131042480e-01
-8.861475586891174316e-01
-1.016158461570739746e+00
-6.342777013778686523e-01
-3.351373076438903809e-01
-7.976629734039306641e-01
-2.469082176685333252e-01
-2.071063220500946045e-01
-2.511700093746185303e-01
-7.953805923461914062e-01
-8.364219665527343750e-01
-5.038145780563354492e-01
-1.176344156265258789e-01
-5.199211835861206055e-01
-7.213313579559326172e-01
-1.936711519956588745e-01
-2.580806016921997070e-01
-6.537708640098571777e-01
-5.218100547790527344e-01
-1.512856483459472656e-01
1.376202702522277832e-01
-4.586037397384643555e-01
-2.074009031057357788e-01
-3.195370137691497803e-01
-4.297475814819335938e-01
-6.116040349006652832e-01
-2.637655138969421387e-01
-1.760466247797012329e-01
-2.907789647579193115e-01
-3.621749877929687500e-01
-3.171014487743377686e-01
-4.475037157535552979e-01
-6.912865638732910156e-01
-3.201847374439239502e-01
-3.233312964439392090e-01
-8.927136063575744629e-01
-7.145261764526367188e-01
-1.964779198169708252e-01
-5.969942808151245117e-01
-3.560131788253784180e-01
-5.990952849388122559e-01
-3.440656661987304688e-01
-3.787676393985748291e-01
-1.220047116279602051e+00
-2.735737264156341553e-01
-1.671516150236129761e-01
-2.057797163724899292e-01
-4.306002855300903320e-01
-6.778602600097656250e-01
-2.488490939140319824e-01
-3.325889408588409424e-01
-3.497039675712585449e-01
-3.174309730529785156e-01
-7.237772941589355469e-01
-8.152103424072265625e-01
-4.635843634605407715e-01
-9.535195231437683105e-01
-4.783011972904205322e-01
3.332827985286712646e-02
-6.800528168678283691e-01
-2.095896191895008087e-02
-4.552765190601348877e-01
-4.708392024040222168e-01
-3.714009523391723633e-01
-2.514414191246032715e-01
-6.090461611747741699e-01
-6.465762853622436523e-01
-7.311627268791198730e-02
-6.900912523269653320e-01
-4.508070647716522217e-01
-4.624992609024047852e-01
-7.575726509094238281e-01
-3.641613125801086426e-01
-9.152089953422546387e-01
-7.580226063728332520e-01
-3.696921765804290771e-01
-2.713308632373809814e-01
-7.616485357284545898e-01
7.218474149703979492e-02
-7.049035429954528809e-01
-2.207177877426147461e-01
-6.918844580650329590e-01
-8.705015778541564941e-01
-3.614866435527801514e-01
-1.977351307868957520e-01
-1.544626206159591675e-01
-4.984448850154876709e-01
-2.661740183830261230e-01
-9.105011820793151855e-01
-9.882137179374694824e-02
-5.152964591979980469e-01
-5.635626912117004395e-01
-2.693093419075012207e-01
-4.982811212539672852e-01
-2.167443484067916870e-01
-2.024772465229034424e-01
-4.359994200058281422e-04
-7.276738286018371582e-01
-2.845602035522460938e-01
-8.177272044122219086e-03
-3.087546229362487793e-01
-2.678986489772796631e-01
-8.268352746963500977e-01
-5.241445899009704590e-01
-3.220989704132080078e-01
-2.805795967578887939e-01
-8.754231929779052734e-01
-1.418300569057464600e-01
-8.369756937026977539e-01
-4.967207312583923340e-01
-3.047727048397064209e-01
-2.691182196140289307e-01
-5.739732384681701660e-01
-3.481949567794799805e-01
-3.181915283203125000e-01
-1.383673250675201416e-01
-4.560900330543518066e-01
-3.149601221084594727e-01
-8.068072199821472168e-01
-9.603014588356018066e-02
-8.491287827491760254e-01
-2.813195586204528809e-01
-3.346950709819793701e-01
-1.850226074457168579e-01
-5.228400230407714844e-01
-2.515858411788940430e-01
-1.297599226236343384e-01
-1.047522187232971191e+00
-4.246995747089385986e-01
-5.576431751251220703e-01
-8.488082885742187500e-01
-5.555983185768127441e-01
-1.008381724357604980e+00
-5.291996598243713379e-01
-8.797464370727539062e-01
-1.059462055563926697e-01
-1.438892334699630737e-01
-9.226500391960144043e-01
-2.192258238792419434e-01
-5.110939145088195801e-01
-4.896397590637207031e-01
-9.184011220932006836e-01
-8.695406913757324219e-01
-1.629661023616790771e-01
-2.072506248950958252e-01
-3.653319776058197021e-01
1.179493442177772522e-01
-1.502908021211624146e-01
-2.151315361261367798e-01
-7.938740253448486328e-01
-6.877124905586242676e-01
-6.157570704817771912e-02
-2.026996761560440063e-01
-7.561261057853698730e-01
5.951520800590515137e-02
-5.526471138000488281e-01
-6.555741429328918457e-01
-3.642163276672363281e-01
-1.002635121345520020e+00
-5.976342558860778809e-01
-3.380456566810607910e-01
-2.037553340196609497e-01
-2.881332039833068848e-01
-5.536228418350219727e-01
-8.715853095054626465e-01
-7.032808661460876465e-01
-3.375118672847747803e-01
-2.205682247877120972e-01
-1.628808677196502686e-01
-3.104141652584075928e-01
-5.640141367912292480e-01
-2.685849368572235107e-01
-6.453400254249572754e-01
-2.359286397695541382e-01
-2.222160696983337402e-01
-7.249214053153991699e-01
-2.231591939926147461e-01
-3.181613385677337646e-01
-6.278573870658874512e-01
-5.905352234840393066e-01
-1.773725152015686035e-01
-4.201456308364868164e-01
-2.382257580757141113e-01
-5.236501097679138184e-01
-1.623546481132507324e-01
-7.720825076103210449e-02
-2.017148882150650024e-01
-1.166812255978584290e-01
-6.042776703834533691e-01
-2.889364063739776611e-01
-2.305046617984771729e-01
-7.933672666549682617e-01
-2.167302668094635010e-01
-3.113319575786590576e-01
-2.806310355663299561e-01
-2.720451056957244873e-01
-9.469879269599914551e-01
-6.703609824180603027e-01
-2.325761914253234863e-01
-2.033671438694000244e-01
-2.809620797634124756e-01
-1.018274068832397461e+00
-7.567257881164550781e-01
-8.701913952827453613e-01
-3.298819959163665771e-01
-2.238956987857818604e-01
-1.688604801893234253e-01
-2.690367996692657471e-01
-8.460823297500610352e-01
-6.034384965896606445e-01
-3.580668568611145020e-01
-2.241224497556686401e-01
-7.362778782844543457e-01
-4.684880077838897705e-01
-8.921059370040893555e-01
-3.821634650230407715e-01
-4.799168407917022705e-01
-1.104446172714233398e+00
-7.819539308547973633e-02
-4.405982494354248047e-01
-2.168848514556884766e-01
-2.892393767833709717e-01
-2.117691934108734131e-01
-4.923625588417053223e-01
-7.765799164772033691e-01
-1.929441839456558228e-01
-4.549157321453094482e-01
-3.844150304794311523e-01
-5.373827219009399414e-01
-5.468120574951171875e-01
-2.334886640310287476e-01
-6.300722062587738037e-02
-2.508686780929565430e-01
-6.720995306968688965e-01
-1.507084369659423828e-01
-7.310303449630737305e-01
-4.113052487373352051e-01
-7.094811201095581055e-01
-1.304679214954376221e-01
-7.816581130027770996e-01
-1.457537710666656494e-01
-6.389890909194946289e-01
-4.259143769741058350e-01
-3.084527254104614258e-01
-2.836964130401611328e-01
-1.008023023605346680e-01
-1.459923237562179565e-01
-8.468733429908752441e-01
-2.461640387773513794e-01
-9.707842469215393066e-01
-3.712293207645416260e-01
-1.110130548477172852e+00
-1.873278617858886719e-01
-7.306129932403564453e-01
-1.943725496530532837e-01
-6.305519342422485352e-01
-5.312667489051818848e-01
-3.004328608512878418e-01
-1.780226677656173706e-01
-1.860854476690292358e-01
-5.645101070404052734e-01
-1.386217474937438965e-01
-3.096241950988769531e-01
-6.209610104560852051e-01
-1.018453240394592285e-01
-6.851902604103088379e-01
-9.250265955924987793e-01
-9.577957987785339355e-01
-2.952289581298828125e-01
-4.975454211235046387e-01
2.439462579786777496e-03
-4.212027192115783691e-01
-5.771349668502807617e-01
-3.225189149379730225e-01
-1.041985154151916504e-01
-1.254400372505187988e+00
-2.164031565189361572e-01
-3.089827597141265869e-01
-2.016701549291610718e-01
-7.074170112609863281e-01
-7.996581792831420898e-01
-1.695025712251663208e-01
-1.245270594954490662e-01
-5.197482705116271973e-01
-2.142142802476882935e-01
-2.365816235542297363e-01
-8.711867928504943848e-01
-3.827700912952423096e-01
-1.642879843711853027e-01
-3.199913799762725830e-01
-2.026903033256530762e-01
-2.204155176877975464e-01
-5.029419064521789551e-01
-7.153409123420715332e-01
-8.954298496246337891e-01
-1.127621769905090332e+00
-1.282384693622589111e-01
-2.392288595438003540e-01
-9.097935557365417480e-01
-3.421683907508850098e-01
-4.126107096672058105e-01
-3.496187627315521240e-01
-4.020952582359313965e-01
-2.003810107707977295e-01
-8.657503128051757812e-01
-3.960635960102081299e-01
-2.086358368396759033e-01
-2.766669988632202148e-01
-1.736500561237335205e-01
-8.771475553512573242e-01
-3.702583611011505127e-01
-5.540394410490989685e-02
-1.035520911216735840e+00
-1.977603882551193237e-01
-1.114614456892013550e-01
-2.931722998619079590e-01
-1.423381865024566650e-01
-4.901510179042816162e-01
-9.690015912055969238e-01
-2.572111189365386963e-01
-4.792067408561706543e-01
-2.997666895389556885e-01
-4.253784418106079102e-01
-5.312345921993255615e-02
-8.638545870780944824e-01
-2.028483897447586060e-01
-9.377399682998657227e-01
-2.212121486663818359e-01
-4.935289025306701660e-01
-7.945454716682434082e-01
-1.400085538625717163e-01
-2.294704467058181763e-01
-1.910860538482666016e-01
-3.749376237392425537e-01
-3.330207765102386475e-01
-1.169433966279029846e-01
-2.042656242847442627e-01
-6.925185322761535645e-01
-4.963990747928619385e-01
-4.657015800476074219e-01
4.536058753728866577e-02
-1.215514659881591797e+00
-5.966669917106628418e-01
-9.018365144729614258e-01
-1.082504838705062866e-01
-4.860390909016132355e-03
-1.118048787117004395e+00
-4.539859294891357422e-02
-2.542991340160369873e-01
-9.067769050598144531e-01
-8.902451395988464355e-01
-5.405228734016418457e-01
-1.111786067485809326e-01
-7.248319983482360840e-01
-5.615046024322509766e-01
-6.245964765548706055e-01
-6.541612148284912109e-01
-3.057339489459991455e-01
-1.998116262257099152e-02
-4.692440629005432129e-01
-5.110821127891540527e-01
-3.700845837593078613e-01
-7.131236195564270020e-01
-2.208494096994400024e-01
-2.658706605434417725e-01
-2.401496469974517822e-01
-6.223099231719970703e-01
-5.779116153717041016e-01
-7.807841300964355469e-01
-6.623795032501220703e-01
-7.265965938568115234e-01
-1.307925730943679810e-01
-2.172702848911285400e-01
-5.694317221641540527e-01
-1.842769980430603027e-01
-5.554009675979614258e-01
-4.329640418291091919e-02
-3.761742711067199707e-01
-6.325107812881469727e-01
-7.336934804916381836e-01
-1.428573280572891235e-01
-5.343918204307556152e-01
-6.781574487686157227e-01
-1.658432334661483765e-01
-5.190488100051879883e-01
-4.518515467643737793e-01
-3.160935044288635254e-01
-2.457584589719772339e-01
-1.104703307151794434e+00
-1.346758008003234863e-01
-3.261173665523529053e-01
-2.507731318473815918e-01
-7.905226945877075195e-01
-7.694869041442871094e-01
-3.523623943328857422e-01
-6.306853294372558594e-01
-8.833220601081848145e-01
-2.680953741073608398e-01
-9.030835032463073730e-01
-3.654547333717346191e-01
-2.694254517555236816e-01
-2.023387104272842407e-01
-3.436717689037322998e-01
-3.896314501762390137e-01
-5.380821228027343750e-01
-2.714082598686218262e-01
-3.195980191230773926e-01
-3.416383266448974609e-01
-8.918249607086181641e-02
-2.882911264896392822e-01
8.853263221681118011e-03
-1.983303278684616089e-01
-3.953774273395538330e-01
-1.977954618632793427e-02
-9.048505127429962158e-02
-6.278548836708068848e-01
-1.316938698291778564e-01
1.969010382890701294e-01
-1.844004392623901367e-01
-2.249639332294464111e-01
4.201005678623914719e-03
-8.777163177728652954e-02
-1.393570303916931152e-01
-5.185909271240234375e-01
2.065241709351539612e-02
-6.695903539657592773e-01
-2.473955787718296051e-02
-1.086515784263610840e+00
-3.186321854591369629e-01
-1.820518970489501953e-01
-5.845792889595031738e-01
-5.227715149521827698e-02
-7.827645540237426758e-01
-6.601114273071289062e-01
-8.878819346427917480e-01
-1.702041476964950562e-01
-3.811496794223785400e-01
-7.882260680198669434e-01
-3.206528425216674805e-01
-6.532809138298034668e-01
-1.882321387529373169e-01
-1.012015938758850098e+00
1.965393079444766045e-03
-5.334104299545288086e-01
-2.288929820060729980e-01
-1.093120336532592773e+00
-4.837259054183959961e-01
-7.164480537176132202e-02
-3.577421903610229492e-01
-5.760651826858520508e-01
-1.162570118904113770e-01
-2.250420749187469482e-01
-1.482508927583694458e-01
-7.923516035079956055e-01
-2.553319931030273438e-01
-5.185158848762512207e-01
-1.031201243400573730e+00
-7.875384688377380371e-01
-3.534041941165924072e-01
-3.188928961753845215e-01
-5.581386685371398926e-01
-3.794066309928894043e-01
-4.579288065433502197e-01
-3.031827807426452637e-01
-7.517228126525878906e-01
-1.821051687002182007e-01
-9.459072351455688477e-01
-5.127643942832946777e-01
-8.358793258666992188e-01
-4.257967472076416016e-01
-3.105040490627288818e-01
-8.250409960746765137e-01
-5.365316867828369141e-01
-2.026967853307723999e-01
-7.958896756172180176e-01
-2.283306717872619629e-01
-8.815289735794067383e-01
-9.338014125823974609e-01
-1.698912233114242554e-01
-2.326439321041107178e-01
-6.660714745521545410e-01
-3.755386769771575928e-01
4.185971617698669434e-02
-8.316584825515747070e-01
-1.378703117370605469e-01
-3.499062061309814453e-01
-6.562016010284423828e-01
-2.326910942792892456e-01
-1.269686073064804077e-01
-2.573578357696533203e-01
-6.533690690994262695e-01
-1.803423315286636353e-01
-9.920388460159301758e-01
-2.245211899280548096e-01
-2.909190654754638672e-01
-3.492016578093171120e-03
-4.318211674690246582e-01
-6.657459139823913574e-01
-5.405428409576416016e-01
-3.566034138202667236e-01
5.218112096190452576e-02
-1.219230070710182190e-01
-1.387481689453125000e-01
-7.584537267684936523e-01
-2.898235917091369629e-01
-4.844369292259216309e-01
-1.523552387952804565e-01
-9.057423472404479980e-01
-2.850910127162933350e-01
-1.059678077697753906e+00
-9.675431996583938599e-02
-8.327163457870483398e-01
-2.148679643869400024e-01
-3.437794744968414307e-01
-1.628334820270538330e-01
-8.428367376327514648e-01
-7.423273921012878418e-01
-2.087352871894836426e-01
-5.103036165237426758e-01
-7.957416176795959473e-01
-5.579851269721984863e-01
-3.573222756385803223e-01
-2.013754546642303467e-01
-5.828617215156555176e-01
-4.178431630134582520e-01
-4.991978406906127930e-01
-5.261832475662231445e-01
-2.256406098604202271e-01
-2.706320583820343018e-01
-2.378531545400619507e-01
-4.162212610244750977e-01
1.047113817185163498e-02
-1.687493324279785156e-01
-1.382741779088973999e-01
-1.270283311605453491e-01
-6.487675905227661133e-01
-9.328595399856567383e-01
-2.579531371593475342e-01
-6.592766642570495605e-01
-1.867577880620956421e-01
-1.803238987922668457e-01
-2.240653187036514282e-01
-2.692871689796447754e-01
-1.950171589851379395e-01
-4.678186476230621338e-01
-1.998414397239685059e-01
-6.780002117156982422e-01
-4.830223023891448975e-01
-2.398747503757476807e-01
-8.724213242530822754e-01
-2.311693429946899414e-01
-8.226384520530700684e-01
-3.107539117336273193e-01
-9.991413950920104980e-01
-3.404302988201379776e-04
-8.288975954055786133e-01
-5.201821923255920410e-01
-2.593455314636230469e-01
-5.867192149162292480e-01
-1.035634040832519531e+00
-5.630983114242553711e-01
-3.237190246582031250e-01
-2.591259181499481201e-01
-2.049554884433746338e-01
-4.058293402194976807e-01
-2.887868583202362061e-01
-2.178900688886642456e-01
-2.034826278686523438e-01
-2.146890610456466675e-01
-2.236625701189041138e-01
-2.012013494968414307e-01
-8.344088792800903320e-01
-2.803598940372467041e-01
-3.993135094642639160e-01
-1.180581331253051758e+00
-2.610412240028381348e-01
-3.609177172183990479e-01
-8.637712597846984863e-01
-1.418938338756561279e-01
-1.043156147003173828e+00
-6.974092125892639160e-01
-2.551471889019012451e-01
-1.481013149023056030e-01
-9.308843016624450684e-01
-1.883002519607543945e-01
-3.108767271041870117e-01
-9.015827178955078125e-01
-1.691416054964065552e-01
-9.592546224594116211e-01
-4.112072587013244629e-01
-5.588448047637939453e-01
-1.945931464433670044e-01
-9.566892981529235840e-01
-1.643329113721847534e-01
-2.936267256736755371e-01
-2.298793643712997437e-01
-5.306174755096435547e-01
-6.770054101943969727e-01
-1.729554980993270874e-01
-7.081497907638549805e-01
-2.692466378211975098e-01
-2.609219551086425781e-01
-6.122501492500305176e-01
-7.581567168235778809e-01
-2.762782871723175049e-01
-1.580383479595184326e-01
-8.312559723854064941e-01
-2.194401025772094727e-01
-1.899425834417343140e-01
-1.047114253044128418e+00
-3.217523694038391113e-01
-2.649194598197937012e-01
-1.741476804018020630e-01
-8.167665600776672363e-01
-9.999142885208129883e-01
-2.388396710157394409e-01
-8.391180634498596191e-02
-2.515219449996948242e-01
-5.585155487060546875e-01
-4.376277923583984375e-01
-3.712064027786254883e-01
-1.261401623487472534e-01
-4.429791271686553955e-01
-3.105906248092651367e-01
-8.280248641967773438e-01
-9.896308183670043945e-01
-5.300888419151306152e-01
-1.087386310100555420e-01
-1.601678431034088135e-01
-8.840240836143493652e-01
-2.382212281227111816e-01
-3.181317746639251709e-01
-2.141173630952835083e-01
-1.186174601316452026e-01
-2.792353332042694092e-01
-1.210976719856262207e+00
-2.237188965082168579e-01
-1.585140079259872437e-01
1.493028849363327026e-01
-1.801051795482635498e-01
-1.432619541883468628e-01
-5.238612890243530273e-01
-6.972090601921081543e-01
-6.434942483901977539e-01
-2.569027543067932129e-01
-6.442734599113464355e-01
-2.626071870326995850e-01
-1.980682909488677979e-01
-1.289138555526733398e+00
-8.169240355491638184e-01
-4.867846071720123291e-01
-2.730485200881958008e-01
-6.108436584472656250e-01
-2.793206870555877686e-01
-4.119119346141815186e-01
-5.158056616783142090e-01
-2.512837648391723633e-01
-2.390136271715164185e-01
-2.043690383434295654e-01
-6.237460970878601074e-01
-9.702830314636230469e-01
-3.816771209239959717e-01
-7.227976322174072266e-01
-3.414285778999328613e-01
-3.799994885921478271e-01
-1.512571424245834351e-01
-2.135520428419113159e-01
-5.262257531285285950e-03
-9.402031898498535156e-01
-6.093274950981140137e-01
-2.979979217052459717e-01
-4.149976074695587158e-01
-5.242340564727783203e-01
-5.639659762382507324e-01
-2.228039801120758057e-01
-2.393359541893005371e-01
-2.399183809757232666e-01
-1.787299513816833496e-01
-2.347618192434310913e-01
-2.791193723678588867e-01
-5.638206005096435547e-01
-2.720992565155029297e-01
-6.290701031684875488e-01
-6.619249284267425537e-02
-4.001624584197998047e-01
-7.704178690910339355e-01
-9.278271198272705078e-01
-3.329754471778869629e-01
-9.790298342704772949e-01
-7.300868630409240723e-01
-2.964797616004943848e-01
-2.920002937316894531e-01
-2.043426930904388428e-01
-2.513248026371002197e-01
-2.541722953319549561e-01
-1.792752146720886230e-01
-2.880251109600067139e-01
-9.322808980941772461e-01
-9.730516374111175537e-02
-1.947210729122161865e-01
-2.131910175085067749e-01
-1.749654859304428101e-01
-8.784391731023788452e-02
-8.268225193023681641e-01
-2.465039789676666260e-01
-4.568899869918823242e-01
-5.825710296630859375e-01
-1.198707707226276398e-02
-5.057676434516906738e-01
-1.686352789402008057e-01
-3.796566426753997803e-01
-2.776078581809997559e-01
-7.719545960426330566e-01
-7.339426279067993164e-01
-1.041204690933227539e+00
-4.509265720844268799e-01
-6.369035840034484863e-01
-5.127487182617187500e-01
-1.666915565729141235e-01
-1.069273591041564941e+00
-8.000161498785018921e-02
-4.922720789909362793e-01
-7.901176810264587402e-01
-1.156316637992858887e+00
-5.704314112663269043e-01
-3.009855151176452637e-01
-1.607814570888876915e-03
-1.732808202505111694e-01
-2.232035547494888306e-01
-3.832721114158630371e-01
-1.311217099428176880e-01
-2.857927680015563965e-01
-3.592107594013214111e-01
2.631599083542823792e-02
-4.960722029209136963e-01
-3.351769596338272095e-02
-1.438712775707244873e-01
-5.972126126289367676e-01
-3.470467627048492432e-01
-2.723962664604187012e-01
-7.188943624496459961e-01
-4.075884521007537842e-01
-1.918530464172363281e-01
-6.052165627479553223e-01
-2.264176160097122192e-01
-6.608123183250427246e-01
-2.195062041282653809e-01
-9.209360480308532715e-01
-2.266616821289062500e-01
-1.505633890628814697e-01
-6.126565337181091309e-01
-7.408764362335205078e-01
-1.115740165114402771e-01
-2.834292948246002197e-01
-1.194677799940109253e-01
-9.031768143177032471e-02
-3.871062695980072021e-01
-4.573300108313560486e-02
-8.057633042335510254e-02
-2.979873716831207275e-01
-3.313781619071960449e-01
-1.538290381431579590e-01
-5.090252757072448730e-01
-7.021505236625671387e-01
-1.903077661991119385e-01
-1.138301849365234375e+00
-2.009807825088500977e-01
-1.569273471832275391e-01
-2.709183096885681152e-01
-6.751723289489746094e-01
-1.488502174615859985e-01
-3.460984528064727783e-01
-1.782068163156509399e-01
-6.676266193389892578e-01
-3.508817553520202637e-01
-5.156052112579345703e-01
-3.528169989585876465e-01
-2.329839020967483521e-01
-8.622086048126220703e-02
-4.630022644996643066e-01
-3.308480978012084961e-01
-6.051332503557205200e-02
-1.507572680711746216e-01
-2.703893184661865234e-01
-9.231618642807006836e-01
-2.183623760938644409e-01
-5.125743746757507324e-01
-2.881118059158325195e-01
-2.039540559053421021e-01
2.466000802814960480e-02
-5.327290892601013184e-01
-8.484869450330734253e-02
-5.654985904693603516e-01
-9.302169680595397949e-01
-4.505324363708496094e-01
-9.191026091575622559e-01
-4.595738351345062256e-01
-1.078323841094970703e+00
-3.169531226158142090e-01
-9.592181444168090820e-01
-1.668438464403152466e-01
-3.619595766067504883e-01
-8.914686441421508789e-01
-4.478714764118194580e-01
-3.486302196979522705e-01
-8.584894537925720215e-01
-2.130295932292938232e-01
-1.209542274475097656e+00
-2.539408206939697266e-01
-6.017797589302062988e-01
-7.001119256019592285e-01
-1.371965259313583374e-01
-3.194066882133483887e-01
-4.270754754543304443e-01
-5.981432199478149414e-01
-2.134420275688171387e-01
-7.797241210937500000e-01
-3.038561642169952393e-01
-4.700923860073089600e-01
-8.451019525527954102e-01
-8.908556699752807617e-01
-2.628062963485717773e-01
-2.334535121917724609e-01
-7.505570054054260254e-01
-1.270027458667755127e-01
-1.938017606735229492e-01
-6.481584906578063965e-01
-2.848325967788696289e-01
-6.011953353881835938e-01
-4.697403013706207275e-01
-3.296341001987457275e-01
-1.531117558479309082e-01
-4.199953377246856689e-01
-2.684722244739532471e-01
-6.798321604728698730e-01
-1.739677041769027710e-01
-1.788477450609207153e-01
-5.759067535400390625e-01
-3.321260213851928711e-01
-2.377166748046875000e-01
-1.991131156682968140e-01
-2.807677090167999268e-01
-5.393684506416320801e-01
-3.312069177627563477e-01
-3.574072718620300293e-01
-2.750830948352813721e-01
-7.359606623649597168e-01
-2.987528443336486816e-01
-2.584805488586425781e-01
-2.379942536354064941e-01
-6.924929022789001465e-01
-8.361678123474121094e-01
-1.573076099157333374e-01
-7.188376188278198242e-01
1.829941873438656330e-03
-6.427413821220397949e-01
-7.295043468475341797e-01
-2.858080863952636719e-01
-6.337284445762634277e-01
-3.085032403469085693e-01
-1.779703646898269653e-01
-1.996898204088211060e-01
-6.403940320014953613e-01
-1.283491104841232300e-01
-8.739908933639526367e-01
-7.001953125000000000e-01
-9.990364909172058105e-01
-3.960288763046264648e-01
-3.571620881557464600e-01
-9.688955545425415039e-02
-1.923282295465469360e-01
-3.974328339099884033e-01
-3.097453117370605469e-01
-6.171485185623168945e-01
-3.280910253524780273e-01
-2.039730697870254517e-01
-5.901311635971069336e-01
-2.083366960287094116e-01
-1.096427083015441895e+00
-9.016884565353393555e-01
-7.897469401359558105e-02
-5.248992443084716797e-01
-6.990588903427124023e-01
-2.559503614902496338e-01
-6.562233567237854004e-01
-1.885692924261093140e-01
-3.977375030517578125e-01
-1.408199816942214966e-01
-1.815029680728912354e-01
-9.315971732139587402e-01
-1.656607985496520996e-01
-2.351471185684204102e-01
-3.379761576652526855e-01
-2.010535895824432373e-01
-2.850959002971649170e-01
-7.346753478050231934e-01
-2.653274536132812500e-01
-3.306427001953125000e-01
-5.483362674713134766e-01
-1.746227890253067017e-01
-2.466610968112945557e-01
-7.160292267799377441e-01
-4.041336849331855774e-02
-3.298428654670715332e-01
-1.285410970449447632e-01
-2.333586215972900391e-01
-1.317789852619171143e-01
-9.824715852737426758e-01
-6.902599334716796875e-01
-2.830471992492675781e-01
-2.929952740669250488e-01
-2.354083806276321411e-01
-1.347810268402099609e+00
-6.940013766288757324e-01
-2.011062800884246826e-01
-4.381281435489654541e-01
-3.958228528499603271e-01
8.250990882515907288e-03
-2.168349027633666992e-01
-5.214060097932815552e-02
-1.412982642650604248e-01
-2.103032618761062622e-01
-6.143977642059326172e-01
-7.571466565132141113e-01
-2.934437990188598633e-01
-1.240092702209949493e-02
2.291410565376281738e-01
-2.593797147274017334e-01
-3.601717352867126465e-01
-1.437795311212539673e-01
-5.302116870880126953e-01
-5.526620149612426758e-01
-6.079970598220825195e-01
-5.881277322769165039e-01
-5.113230943679809570e-01
-2.015057653188705444e-01
-1.080209493637084961e+00
-9.315612912178039551e-01
-7.103495001792907715e-01
-9.280484318733215332e-01
-4.859083890914916992e-01
-7.212041020393371582e-01
-1.002485007047653198e-01
-2.839628159999847412e-01
-8.221720904111862183e-02
-7.633967399597167969e-01
-5.967872738838195801e-01
-1.641978621482849121e-01
-1.098628863692283630e-01
-5.177165269851684570e-01
-5.020921230316162109e-01
-7.715290188789367676e-01
-2.032205611467361450e-01
-7.115184068679809570e-01
-7.282434701919555664e-01
-1.804773956537246704e-01
-3.420795500278472900e-01
-6.231917738914489746e-01
-2.841741144657135010e-01
-5.745412111282348633e-01
-3.006729781627655029e-01
-6.232133507728576660e-01
-1.050937548279762268e-01
-2.335069328546524048e-01
-8.169998526573181152e-01
-4.025411903858184814e-01
-3.862371742725372314e-01
-2.917135357856750488e-01
-2.641299962997436523e-01
-8.843621611595153809e-01
-7.250780463218688965e-01
-1.022368907928466797e+00
-1.296809315681457520e-01
-6.669362783432006836e-01
-1.146593451499938965e+00
-3.184588253498077393e-01
-7.316163182258605957e-01
-6.572090387344360352e-01
-3.813724517822265625e-01
-5.708639025688171387e-01
-2.212804555892944336e-01
-1.039734601974487305e+00
-4.216344952583312988e-01
-1.326122581958770752e-01
-6.372106075286865234e-01
-7.062069773674011230e-01
-4.134357273578643799e-01
5.788694322109222412e-02
3.742436692118644714e-02
-1.608553230762481689e-01
-9.623298645019531250e-01
-6.939262151718139648e-01
-2.213772088289260864e-01
-1.850629746913909912e-01
-2.931715548038482666e-01
-4.930658638477325439e-01
-2.110894322395324707e-01
-2.262477874755859375e-01
-5.668509006500244141e-01
-6.403034925460815430e-01
-4.686208367347717285e-01
-6.917978525161743164e-01
-6.524169445037841797e-01
-2.876185178756713867e-01
-5.460689961910247803e-02
-2.146643251180648804e-01
-1.197123527526855469e-01
-6.622979044914245605e-01
-4.002906009554862976e-02
-2.024009674787521362e-01
-2.019846141338348389e-01
-2.083273977041244507e-01
-1.808846443891525269e-01
-9.177358746528625488e-01
-8.267194032669067383e-01
-3.931887149810791016e-01
-2.955956161022186279e-01
-7.983476519584655762e-01
-2.370870709419250488e-01
-5.221775174140930176e-01
-1.730226129293441772e-01
1.863152533769607544e-02
-1.017669320106506348e+00
-5.803834199905395508e-01
-2.060232013463973999e-01
-7.357429862022399902e-01
-2.729288637638092041e-01
-1.714136600494384766e-01
-1.755580455064773560e-01
-1.739079207181930542e-01
-6.804146170616149902e-01
-4.185737967491149902e-01
-7.090498208999633789e-01
-1.629359722137451172e-01
-2.358515709638595581e-01
-4.752506911754608154e-01
-1.006822466850280762e+00
-5.446243286132812500e-01
-8.750026226043701172e-01
-1.148610472679138184e+00
-2.922149896621704102e-01
-9.748889207839965820e-01
-1.810892373323440552e-01
-3.923489153385162354e-01
-4.455604553222656250e-01
-3.562483191490173340e-01
-1.324261575937271118e-01
-2.711822688579559326e-01
-2.889239490032196045e-01
6.742075085639953613e-02
-5.626708865165710449e-01
-8.820267915725708008e-01
-2.681261897087097168e-01
-3.814011812210083008e-01
-2.585060894489288330e-01
-8.437895029783248901e-02
-1.692957282066345215e-01
-6.293665766716003418e-01
-1.909040808677673340e-01
-6.177656054496765137e-01
-2.459083646535873413e-01
-1.892959326505661011e-01
-9.915584325790405273e-01
-8.466121554374694824e-01
-5.353451967239379883e-01
-1.454074531793594360e-01
-5.495143532752990723e-01
-2.175700515508651733e-01
-5.052533745765686035e-01
-4.811404049396514893e-01
-3.370099365711212158e-01
-6.731109619140625000e-01
-6.947303414344787598e-01
-1.435412913560867310e-01
4.121505469083786011e-02
-7.917172312736511230e-01
-4.727803468704223633e-01
-2.072980999946594238e-01
-4.419984817504882812e-01
-2.334080189466476440e-01
-5.441806912422180176e-01
-8.915993571281433105e-01
-8.754331618547439575e-02
-6.659272313117980957e-01
-4.046437740325927734e-01
-5.779632553458213806e-02
-5.579372048377990723e-01
-6.701169610023498535e-01
-5.699565410614013672e-01
-4.494019746780395508e-01
-2.881910093128681183e-02
-7.441478371620178223e-01
-2.458646893501281738e-01
-3.688947558403015137e-01
-1.170740246772766113e+00
-9.146468043327331543e-01
-9.284909963607788086e-01
-5.783743858337402344e-01
-3.695351481437683105e-01
-1.404011435806751251e-02
-2.617063820362091064e-01
-2.655374407768249512e-01
-3.014140427112579346e-01
-1.280397623777389526e-01
-7.449220865964889526e-02
-8.840185999870300293e-01
-3.457098007202148438e-01
-1.226869225502014160e-01
-3.627129793167114258e-01
-2.508504092693328857e-01
-8.770573139190673828e-01
-2.506125271320343018e-01
-6.261956691741943359e-01
-3.262575566768646240e-01
-2.045228779315948486e-01
-1.525839269161224365e-01
-3.695898950099945068e-01
-3.504403233528137207e-01
-6.124226450920104980e-01
-1.908458173274993896e-01
-3.080481588840484619e-01
-4.092920124530792236e-01
-6.532046794891357422e-01
-4.337608218193054199e-01
-1.034706473350524902e+00
-2.882903516292572021e-01
-2.587997615337371826e-01
-7.483761906623840332e-01
-3.753079175949096680e-01
-1.084712505340576172e+00
-9.076211452484130859e-01
-2.538276016712188721e-01
-6.264465451240539551e-01
-1.743155270814895630e-01
-7.937744259834289551e-01
-9.135425686836242676e-01
-3.242180645465850830e-01
-8.823729753494262695e-01
-2.102485746145248413e-01
-6.871308386325836182e-02
-5.929368734359741211e-01
-3.451214432716369629e-01
-9.407710283994674683e-02
-4.074493646621704102e-01
-2.306623756885528564e-01
-2.652012705802917480e-01
-5.993310809135437012e-01
-3.802769482135772705e-01
-2.341476529836654663e-01
-5.335775613784790039e-01
-6.498998962342739105e-03
-3.667770624160766602e-01
-2.821784913539886475e-01
-4.491510689258575439e-01
-7.129350900650024414e-01
-9.660055637359619141e-01
-2.849466502666473389e-01
-1.819692105054855347e-01
-1.380327492952346802e-01
-5.405828356742858887e-01
-2.484090477228164673e-01
-7.820441722869873047e-01
-4.929110407829284668e-02
-6.239801645278930664e-01
-3.449415564537048340e-01
-4.420605599880218506e-01
-2.319127768278121948e-01
-1.277908235788345337e-01
-2.114342302083969116e-01
-6.274218559265136719e-01
-1.891913563013076782e-01
-6.519544124603271484e-01
-3.543235361576080322e-01
-4.729287624359130859e-01
-2.143932878971099854e-01
-2.912767827510833740e-01
-1.001644805073738098e-01
-6.281673908233642578e-01
-2.408498525619506836e-01
-3.863076865673065186e-01
-1.807342469692230225e-01
-3.805130720138549805e-01
-8.085227012634277344e-01
-4.640512764453887939e-01
-6.185945272445678711e-01
-2.859611511230468750e-01
-5.431780815124511719e-01
-3.963804244995117188e-01
-5.859779715538024902e-01
-5.717560648918151855e-01
-6.719240546226501465e-01
-1.200608089566230774e-01
-4.014723002910614014e-01
-4.134463369846343994e-01
-1.902489364147186279e-01
-7.794049382209777832e-01
-5.673330426216125488e-01
-6.496040225028991699e-01
-2.317518740892410278e-01
-5.604920983314514160e-01
-3.807925283908843994e-01
-2.009988874197006226e-01
-2.506755590438842773e-01
-2.048770338296890259e-02
-2.308457493782043457e-01
-5.110891461372375488e-01
-2.618907392024993896e-01
-6.124030947685241699e-01
-3.420006334781646729e-01
-7.340602576732635498e-02
-3.307137191295623779e-01
-5.770605802536010742e-01
-8.223451375961303711e-01
-6.189798116683959961e-01
-5.122172832489013672e-01
-6.198304891586303711e-01
-2.432222813367843628e-01
-2.417436242103576660e-01
-7.870501279830932617e-01
-2.081866562366485596e-01
-7.763941884040832520e-01
-8.743700981140136719e-01
-2.202492952346801758e-01
-2.811675965785980225e-01
-2.774775028228759766e-01
-3.186378777027130127e-01
-3.138417303562164307e-01
-9.289175271987915039e-02
-2.979078590869903564e-01
-5.874929428100585938e-01
-8.731102347373962402e-01
-7.109826803207397461e-01
-9.826995134353637695e-01
-1.778162270784378052e-01
-9.922545403242111206e-02
-9.796057939529418945e-01
-1.088415160775184631e-01
4.146261513233184814e-02
-1.851560175418853760e-01
-2.081962823867797852e-01
-1.047832816839218140e-01
-3.109557032585144043e-01
-8.147484064102172852e-01
-2.262924164533615112e-01
-2.708316147327423096e-01
-2.156591266393661499e-01
-1.093084216117858887e-01
-5.808240920305252075e-02
-1.310727000236511230e-01
-5.694312453269958496e-01
-1.227648183703422546e-01
-8.059002757072448730e-01
-2.093594670295715332e-01
-2.414333075284957886e-01
-6.422842741012573242e-01
-3.199623227119445801e-01
-7.588620185852050781e-01
-1.585700064897537231e-01
-3.124560415744781494e-01
-3.301587998867034912e-01
-6.894670128822326660e-01
-2.485765218734741211e-01
-1.777084320783615112e-01
-6.793672442436218262e-01
-1.226714625954627991e-01
-6.136420965194702148e-01
-4.586170315742492676e-01
-1.932630687952041626e-01
-2.671450376510620117e-01
-2.892399728298187256e-01
-2.703649103641510010e-01
-7.165206670761108398e-01
-3.040380775928497314e-01
-8.079893589019775391e-01
-4.789236783981323242e-01
-2.386118620634078979e-01
-1.087144613265991211e-01
-2.354283928871154785e-01
-4.814389050006866455e-01
-4.986809790134429932e-01
-7.307140827178955078e-01
-6.915500760078430176e-01
-3.077429234981536865e-01
-2.549663186073303223e-01
-1.265570074319839478e-01
-4.966539144515991211e-01
-2.789032161235809326e-01
-2.806487381458282471e-01
-1.156031116843223572e-01
-8.533947467803955078e-01
-3.792923390865325928e-01
-1.900654435157775879e-01
-5.332056283950805664e-01
-3.222600817680358887e-01
-7.295432090759277344e-01
-2.068246603012084961e-01
-3.199779689311981201e-01
-2.267761677503585815e-01
-3.410892188549041748e-01
-3.234607577323913574e-01
-5.897065997123718262e-01
-1.446486413478851318e-01
-2.557543218135833740e-01
-7.610473036766052246e-01
-1.814618557691574097e-01
-5.612753629684448242e-01
-3.705838620662689209e-01
-3.537604808807373047e-01
-5.144153237342834473e-01
-1.981351971626281738e-01
-3.691603839397430420e-01
-3.068388700485229492e-01
-1.180135905742645264e-01
-1.335442513227462769e-01
-1.806390583515167236e-01
-2.567183375358581543e-01
-3.121631145477294922e-01
-4.862585365772247314e-01
-6.212041974067687988e-01
-7.033997774124145508e-01
-1.161096692085266113e-01
-9.424695372581481934e-01
-2.971858382225036621e-01
-7.215169668197631836e-01
-1.691943407058715820e-01
-7.597078680992126465e-01
-5.035368800163269043e-01
-3.747218847274780273e-01
-3.981333374977111816e-01
-7.275463938713073730e-01
-6.185213476419448853e-02
-3.900523185729980469e-01
-3.253602385520935059e-01
-1.087869882583618164e+00
-2.525955736637115479e-01
-3.086929917335510254e-01
-3.333682417869567871e-01
-5.924692749977111816e-01
-1.736298054456710815e-01
-3.354984521865844727e-01
-4.131499528884887695e-01
-1.922645121812820435e-01
-6.059851646423339844e-01
-3.881470561027526855e-01
-7.481480836868286133e-01
-2.708047628402709961e-01
-3.434267044067382812e-01
-2.670251131057739258e-01
-1.231401860713958740e-01
-2.685546875000000000e-01
-4.593163728713989258e-01
-6.671136617660522461e-01
-5.896310210227966309e-01
-2.520257830619812012e-01
-2.513197362422943115e-01
-4.331005215644836426e-01
-8.324151039123535156e-01
-3.450380861759185791e-01
-1.019136071205139160e+00
-9.828082919120788574e-01
-7.734666466712951660e-01
-2.575626671314239502e-01
-1.007237553596496582e+00
-8.776590824127197266e-01
-8.046267628669738770e-01
3.301008418202400208e-02
-7.768034934997558594e-01
-3.632464110851287842e-01
-2.886232435703277588e-01
-1.249290823936462402e+00
-2.745158970355987549e-01
-2.076643556356430054e-01
-5.281155705451965332e-01
-3.401459455490112305e-01
-9.762258082628250122e-02
-4.614833891391754150e-01
-7.229429483413696289e-01
-8.111796379089355469e-01
-2.892051041126251221e-01
-9.096182584762573242e-01
-4.800633788108825684e-01
-2.643987834453582764e-01
-5.643498301506042480e-01
-4.072570428252220154e-02
-7.190199494361877441e-01
-2.093915492296218872e-01
-1.686644405126571655e-01
-3.757593631744384766e-01
-1.061353445053100586e+00
-8.279576897621154785e-01
-3.484975993633270264e-01
-1.589180529117584229e-01
-4.209657311439514160e-01
-7.498965859413146973e-01
-1.624231040477752686e-01
-7.683625817298889160e-01
-4.121342301368713379e-01
-5.137490630149841309e-01
-5.950607359409332275e-02
-4.426695108413696289e-01
-4.160939753055572510e-01
-6.006468534469604492e-01
-6.681050658226013184e-01
-3.722670376300811768e-01
3.239829838275909424e-02
-2.816406190395355225e-01
-6.166263222694396973e-01
-2.819333970546722412e-01
-8.446419835090637207e-01
-6.171330213546752930e-01
-1.051129221916198730e+00
-4.878783524036407471e-01
-9.462543725967407227e-01
-7.174912095069885254e-01
-9.044129252433776855e-01
-7.654352188110351562e-01
3.159609809517860413e-02
-4.303877353668212891e-01
-5.365700125694274902e-01
-1.933928132057189941e-01
-4.008012413978576660e-01
-7.773263007402420044e-02
-4.506759643554687500e-01
-2.286147326231002808e-03
-2.753286659717559814e-01
-1.914675086736679077e-01
-2.981854677200317383e-01
-2.707805931568145752e-01
-8.828306198120117188e-02
-3.511035144329071045e-01
-3.526675701141357422e-01
-2.876992225646972656e-01
-2.343304306268692017e-01
-2.790954196825623512e-03
-9.236126542091369629e-01
-1.139977797865867615e-01
-6.640470623970031738e-01
-2.929496169090270996e-01
-4.964050054550170898e-01
-8.417297154664993286e-02
-1.550065875053405762e-01
-8.910862356424331665e-02
-7.684766054153442383e-01
-1.736578047275543213e-01
-1.050716042518615723e-01
-4.400659501552581787e-01
-6.333512067794799805e-01
-2.631222307682037354e-01
-5.453841090202331543e-01
-7.658001780509948730e-01
-6.200613975524902344e-01
-8.044992685317993164e-01
-5.384685993194580078e-01
-3.133506476879119873e-01
-8.074572086334228516e-01
-2.764096260070800781e-01
-2.556057274341583252e-01
-1.279373317956924438e-01
-3.444667160511016846e-01
-3.198396861553192139e-01
-2.855236232280731201e-01
-4.450570642948150635e-01
-3.031610846519470215e-01
-7.614002823829650879e-01
-2.361494600772857666e-01
-5.009904503822326660e-01
-1.881957352161407471e-01
-2.654625475406646729e-01
-6.361623406410217285e-01
-9.767548441886901855e-01
-9.149523973464965820e-01
-1.756379753351211548e-01
-3.464997410774230957e-01
-6.702378392219543457e-01
-3.566380143165588379e-01
-2.430051416158676147e-01
-7.486417293548583984e-01
-3.224749267101287842e-01
-7.293577790260314941e-01
-5.125046372413635254e-01
-9.960499405860900879e-01
-2.666526436805725098e-01
-1.290637254714965820e-01
-2.391998320817947388e-01
-2.824781835079193115e-01
-6.729145050048828125e-01
-4.768577218055725098e-01
-3.434869050979614258e-01
-9.850665926933288574e-01
-1.140048578381538391e-01
-6.770648956298828125e-01
-1.034327149391174316e+00
4.489867389202117920e-02
-2.414322942495346069e-01
-8.589780926704406738e-01
-1.686139106750488281e-01
-3.144230842590332031e-01
-7.137327790260314941e-01
-6.258130073547363281e-01
-1.078425049781799316e+00
-2.027126252651214600e-01
-6.668724417686462402e-01
-1.261235952377319336e+00
-4.748673141002655029e-01
-4.504617154598236084e-01
-2.410072684288024902e-01
-1.810640245676040649e-01
-1.387218534946441650e-01
-2.233716696500778198e-01
-2.512610852718353271e-01
-1.085636839270591736e-01
-1.860508024692535400e-01
-2.515581548213958740e-01
-9.480091333389282227e-01
-3.782436847686767578e-01
-4.072193801403045654e-01
-3.909595906734466553e-01
-3.625789284706115723e-01
-1.847978383302688599e-01
-5.333248376846313477e-01
3.167536482214927673e-02
-7.721872627735137939e-02
-4.883676171302795410e-01
-4.463723897933959961e-01
-5.731157660484313965e-01
-4.784644246101379395e-01
-2.348306775093078613e-01
-9.071127176284790039e-01
-3.573296666145324707e-01
-9.922929406166076660e-01
-6.790359020233154297e-01
-2.289986461400985718e-01
-9.217079877853393555e-01
-5.979046225547790527e-01
-4.039563834667205811e-01
-2.136686593294143677e-01
-2.474443912506103516e-01
-1.932238191366195679e-01
-3.615240156650543213e-01
-2.352820485830307007e-01
-6.650707721710205078e-01
-4.179385304450988770e-01
-3.477170765399932861e-01
-3.246601819992065430e-01
-1.018450558185577393e-01
-7.286906838417053223e-01
-4.750124514102935791e-01
-1.986662298440933228e-01
4.912326857447624207e-02
-3.065196573734283447e-01
-2.549514174461364746e-01
-1.034612730145454407e-01
-2.842685207724571228e-02
-2.640126049518585205e-01
-4.149424731731414795e-01
-1.390112191438674927e-01
-3.022439181804656982e-01
-7.905517220497131348e-01
-1.093221753835678101e-01
-3.017138242721557617e-01
-1.869543641805648804e-01
-1.538872569799423218e-01
-7.965147495269775391e-01
-7.615438699722290039e-01
-7.860400676727294922e-01
-1.574704498052597046e-01
-7.665306329727172852e-01
-1.059092640876770020e+00
-1.123394727706909180e+00
-3.870702385902404785e-01
-5.972158312797546387e-01
-2.646698057651519775e-01
-7.028424143791198730e-01
-6.536891460418701172e-01
-6.483694314956665039e-01
-3.308040499687194824e-01
-7.030544877052307129e-01
-9.314542263746261597e-02
-1.711557954549789429e-01
-2.717811465263366699e-01
-4.264541566371917725e-01
-2.133305668830871582e-01
